<?xml version="1.0" encoding="ISO-8859-1"?>
<!--

    Copyright (C) 2009 eXo Platform SAS.

    This is free software; you can redistribute it and/or modify it
    under the terms of the GNU Lesser General Public License as
    published by the Free Software Foundation; either version 2.1 of
    the License, or (at your option) any later version.

    This software is distributed in the hope that it will be useful,
    but WITHOUT ANY WARRANTY; without even the implied warranty of
    MERCHANTABILITY or FITNESS FOR A PARTICULAR PURPOSE. See the GNU
    Lesser General Public License for more details.

    You should have received a copy of the GNU Lesser General Public
    License along with this software; if not, write to the Free
    Software Foundation, Inc., 51 Franklin St, Fifth Floor, Boston, MA
    02110-1301 USA, or see the FSF site: http://www.fsf.org.

-->
<configuration
   xmlns:xsi="http://www.w3.org/2001/XMLSchema-instance"
   xsi:schemaLocation="http://www.exoplatform.org/xml/ns/kernel_1_2.xsd http://www.exoplatform.org/xml/ns/kernel_1_2.xsd"
   xmlns="http://www.exoplatform.org/xml/ns/kernel_1_2.xsd">
  <component>
    <key>org.exoplatform.services.log.LogConfigurationInitializer</key>
    <type>org.exoplatform.services.log.LogConfigurationInitializer</type>
    <init-params>
      <value-param>
        <name>logger</name>
        <value>org.exoplatform.services.log.impl.BufferedLog4JLogger</value>
      </value-param>
      <value-param>
        <name>configurator</name>
        <value>org.exoplatform.services.log.impl.Log4JConfigurator</value>
      </value-param>
      <properties-param>
        <name>properties</name>
        <description>Log4J properties</description>
        <property name="log4j.rootLogger" value="INFO, stdout, file"/>
        
        <property name="log4j.appender.stdout" value="org.apache.log4j.ConsoleAppender"/>
        <property name="log4j.appender.stdout.threshold" value="DEBUG"/>
        
        <property name="log4j.appender.stdout.layout" value="org.apache.log4j.PatternLayout"/>
        <property name="log4j.appender.stdout.layout.ConversionPattern"
          value="%d{dd.MM.yyyy HH:mm:ss} *%-5p* [%t] %c{1}: %m (%F, line %L) %n"/>
        
        <property name="log4j.appender.file" value="org.apache.log4j.FileAppender"/>
        <property name="log4j.appender.file.File" value="target/jcr.log"/>
        
        <property name="log4j.appender.file.layout" value="org.apache.log4j.PatternLayout"/>
        <property name="log4j.appender.file.layout.ConversionPattern"
          value="%d{dd.MM.yyyy HH:mm:ss} *%-5p* [%t] %c{1}: %m (%F, line %L) %n"/>
        
        <!-- property name="log4j.category.jcr.FileCleaner" value="DEBUG"/ -->
        
        <!-- property name="log4j.category.jcr.JDBCStorageConnection" value="DEBUG"/>
        <property name="log4j.category.jcr.NodeImpl" value="DEBUG"/ -->
        
        <!-- property name="log4j.category.jcr.WorkspaceStorageCacheImpl" value="DEBUG"/ -->
        <!-- property name="log4j.category.database.DBSchemaCreator" value="DEBUG"/ -->
        <!-- property name="log4j.category.jcr.WorkspaceDataReplicator" value="DEBUG"/ -->
        
        <!-- property name="log4j.category.jcr.WorkspaceStorageCacheImpl" value="DEBUG"/ -->
        <!-- property name="log4j.category.jcr.WorkspacePersistentDataManager" value="DEBUG"/ -->
        <!-- property name="log4j.category.jcr.SessionDataManager" value="DEBUG"/ -->
      </properties-param>
      
      <!-- value-param>
      <name>logger</name>
      <value>org.exoplatform.services.log.impl.BufferedSimpleLog</value>
      </value-param>
      <value-param>
      <name>configurator</name>
      <value>org.exoplatform.services.log.impl.SimpleLogConfigurator</value>
      </value-param>
      <properties-param>
      <name>properties</name>
      <description>SimpleLog properties</description>
      <property name="org.apache.commons.logging.simplelog.defaultlog" value="debug"/>
      <property name="org.apache.commons.logging.simplelog.showdatetime" value="true"/>
      </properties-param -->
      
      <!-- value-param>
      <name>logger</name>
      <value>org.exoplatform.services.log.impl.BufferedJdk14Logger</value>
      </value-param>
      <value-param>
      <name>configurator</name>
      <value>org.exoplatform.services.log.impl.Jdk14Configurator</value>
      </value-param>
      <properties-param>
      <name>properties</name>
      <description>jdk1.4 Logger properties</description>
      <property name="handlers" value="java.util.logging.ConsoleHandler"/>
      <property name=".level" value="FINE"/>
      <property name="java.util.logging.ConsoleHandler.level" value="FINE"/>
      </properties-param -->
      
    </init-params>
  </component>

  <component>
    <key>org.exoplatform.services.jcr.RepositoryService</key>
    <type>org.exoplatform.services.jcr.impl.RepositoryServiceImpl</type>
    <component-plugins>
      <component-plugin>
        <name>add.namespaces</name>
        <set-method>addPlugin</set-method>
        <type>org.exoplatform.services.jcr.impl.AddNamespacesPlugin</type>
        <init-params>
          <properties-param>
            <name>namespaces</name>
            <property name="test" value="http://www.apache.org/jackrabbit/test"/>
            <property name="exojcrtest" value="http://www.exoplatform.org/jcr/test/1.0"/>
            <property name="rma" value="http://www.rma.com/jcr/"/>
            <property name="metadata" value="http://www.exoplatform.com/jcr/metadata/1.1/"/>
            <property name="dc" value="http://purl.org/dc/elements/1.1/"/>
            <property name="publication" value="http://www.exoplatform.com/jcr/publication/1.1/"/>
          </properties-param>
        </init-params>
      </component-plugin>
      <component-plugin>
        <name>add.nodeType</name>
        <set-method>addPlugin</set-method>
        <type>org.exoplatform.services.jcr.impl.AddNodeTypePlugin</type>
        <init-params>
          <values-param>
            <name>autoCreatedInNewRepository</name>
            <description>Node types configuration file</description>
            <value>jar:/conf/test/nodetypes-tck.xml</value>
            <value>jar:/conf/test/nodetypes-impl.xml</value>
            <value>jar:/conf/test/nodetypes-usecase.xml</value>
            <value>jar:/conf/test/nodetypes-config.xml</value>
            <value>jar:/conf/test/nodetypes-config-extended.xml</value>            
            <value>jar:/conf/test/wcm-nodetypes.xml</value>
            <value>jar:/conf/test/nodetypes-publication-config.xml</value>
            <value>jar:/conf/test/publication-plugins-nodetypes-config.xml</value>          
          </values-param>

          <values-param>
            <name>testInitNodeTypesRepository</name>
            <description>
              Node types configuration file for repository with name testInitNodeTypesRepository
            </description>
            <value>jar:/conf/test/nodetypes-test.xml</value>
          </values-param>
          
          <values-param>
            <name>testInitNodeTypesRepositoryTest2</name>
            <description>
              Node types configuration file for repository with name testInitNodeTypesRepositoryTest2
            </description>
            <value>jar:/conf/test/nodetypes-test2.xml</value>
          </values-param>
          
          <!--values-param>
          <name>testInitNodeTypesRepositoryTest3</name>
          <description>Node types from ext. Needed bacause core starup earlie than ext</description>
          <value>jar:/conf/test/nodetypes-test3_ext.xml</value>
          </values-param-->
          
        </init-params>
      </component-plugin>
    </component-plugins>
  </component>
  
  <component>
    <key>org.exoplatform.services.jcr.config.RepositoryServiceConfiguration</key>
    <type>org.exoplatform.services.jcr.impl.config.RepositoryServiceConfigurationImpl</type>
    <init-params>
      <value-param>
        <name>conf-path</name>
        <description>JCR configuration file</description>
        <value>jar:/conf/standalone/cluster/test-jcr-config.xml</value>
      </value-param>
      <properties-param>
        <name>working-conf</name>
        <description>working-conf</description>
        <property name="dialect" value="auto" />
        <property name="source-name" value="jdbcjcr"/>
        <property name="persister-class-name" value="org.exoplatform.services.jcr.impl.config.JDBCConfigurationPersister"/>
      </properties-param>
    </init-params>
  </component>
  
  <component>
    <type>org.exoplatform.services.organization.impl.mock.DummyOrganizationService</type>
  </component>
  
  <component>
    <key>org.exoplatform.services.security.Authenticator</key>
    <type>org.exoplatform.services.organization.auth.OrganizationAuthenticatorImpl</type>
  </component>
  
  <component>
    <type>org.exoplatform.services.jcr.impl.ext.action.SessionActionCatalog</type>
  </component>

  <component>
     <key>org.infinispan.transaction.lookup.TransactionManagerLookup</key>
     <type>org.exoplatform.services.transaction.infinispan.JBossStandaloneJTAManagerLookup</type>
  </component>
   
  <component>
    <key>org.exoplatform.services.transaction.TransactionService</key>
    <type>org.exoplatform.services.transaction.infinispan.JBossTransactionsService</type>
    <init-params>
      <value-param>
        <name>timeout</name>
        <value>3000</value>
      </value-param>
    </init-params>   
  </component>
	<component>
		<type>org.exoplatform.services.ispn.DistributedCacheManager</type>
		<init-params>
			<value-param>
				<name>infinispan-configuration</name>
				<value>jar:/conf/standalone/cluster/distributed-cache-configuration.xml</value>
			</value-param>
		</init-params>
	</component>  
  <component>
    <key>org.exoplatform.services.rpc.RPCService</key>
    <type>org.exoplatform.services.rpc.jgv3.RPCServiceImpl</type>
    <init-params>
      <value-param>
        <name>jgroups-configuration</name>
        <value>jar:/conf/standalone/cluster/udp-mux-v3.xml</value>
      </value-param>
      <value-param>
        <name>jgroups-cluster-name</name>
        <value>RPCService-Cluster</value>
      </value-param>
      <value-param>
        <name>jgroups-default-timeout</name>
        <value>0</value>
      </value-param>
    </init-params>
  </component>  
  <!-- component>
    <key>org.exoplatform.services.transaction.TransactionService</key>
    <type>org.exoplatform.services.transaction.impl.jotm.TransactionServiceJotmImpl</type>
    <init-params>
      <value-param>
        <name>timeout</name>
        <value>300</value>
      </value-param>
    </init-params>
  </component -->
  
  <external-component-plugins>
    <target-component>org.exoplatform.services.naming.InitialContextInitializer</target-component>
    <component-plugin>
      <name>bind.datasource</name>
      <set-method>addPlugin</set-method>
      <type>org.exoplatform.services.naming.BindReferencePlugin</type>
      <init-params>
        <value-param>
          <name>bind-name</name>
          <value>jdbcjcr</value>
        </value-param>
        <value-param>
          <name>class-name</name>
          <value>javax.sql.DataSource</value>
        </value-param>
        <value-param>
          <name>factory</name>
          <value>org.apache.commons.dbcp.BasicDataSourceFactory</value>
        </value-param>
        <properties-param>
          <name>ref-addresses</name>
          <description>ref-addresses</description>
          <property name="driverClassName" value="${all.driverClassName:org.hsqldb.jdbcDriver}"/>
          <!-- MVCC configured to prevent possible deadlocks when a global Tx is active -->
          <property name="url" value="${jdbcjcr.url:jdbc:hsqldb:file:target/temp/data/portal;hsqldb.tx=mvcc}"/>
          <property name="username" value="${jdbcjcr.username:sa}"/>
          <property name="password" value="${jdbcjcr.password:}"/>
        </properties-param>
      </init-params>
    </component-plugin>
	<component-plugin>
      <name>bind.datasource</name>
      <set-method>addPlugin</set-method>
      <type>org.exoplatform.services.naming.BindReferencePlugin</type>
      <init-params>
        <value-param>
          <name>bind-name</name>
          <value>jdbcjcr1</value>
        </value-param>
        <value-param>
          <name>class-name</name>
          <value>javax.sql.DataSource</value>
        </value-param>
        <value-param>
          <name>factory</name>
          <value>org.apache.commons.dbcp.BasicDataSourceFactory</value>
        </value-param>
        <properties-param>
          <name>ref-addresses</name>
          <description>ref-addresses</description>
          <property name="driverClassName" value="${all.driverClassName:org.hsqldb.jdbcDriver}"/>
          <property name="url" value="${jdbcjcr1.url:jdbc:hsqldb:file:target/temp/data/jcr}"/>
          <property name="username" value="${jdbcjcr1.username:sa}"/>
          <property name="password" value="${jdbcjcr1.password:}"/>
        </properties-param>
      </init-params>
    </component-plugin>
    <component-plugin>
      <name>bind.datasource</name>
      <set-method>addPlugin</set-method>
      <type>org.exoplatform.services.naming.BindReferencePlugin</type>
      <init-params>
        <value-param>
          <name>bind-name</name>
          <value>jdbcjcr2</value>
        </value-param>
        <value-param>
          <name>class-name</name>
          <value>javax.sql.DataSource</value>
        </value-param>
        <value-param>
          <name>factory</name>
          <value>org.apache.commons.dbcp.BasicDataSourceFactory</value>
        </value-param>
        <properties-param>
          <name>ref-addresses</name>
          <description>ref-addresses</description>
          <property name="driverClassName" value="${all.driverClassName:org.hsqldb.jdbcDriver}"/>
          <property name="url" value="${jdbcjcr2.url:jdbc:hsqldb:file:target/temp/data/jcr2}"/>
          <property name="username" value="${jdbcjcr2.username:sa}"/>
          <property name="password" value="${jdbcjcr2.password:}"/>
        </properties-param>
      </init-params>
    </component-plugin>
        <component-plugin>
      <name>bind.datasource</name>
      <set-method>addPlugin</set-method>
      <type>org.exoplatform.services.naming.BindReferencePlugin</type>
      <init-params>
        <value-param>
          <name>bind-name</name>
          <value>jdbcjcr3</value>
        </value-param>
        <value-param>
          <name>class-name</name>
          <value>javax.sql.DataSource</value>
        </value-param>
        <value-param>
          <name>factory</name>
          <value>org.apache.commons.dbcp.BasicDataSourceFactory</value>
        </value-param>
        <properties-param>
          <name>ref-addresses</name>
          <description>ref-addresses</description>
          <property name="driverClassName" value="${all.driverClassName:org.hsqldb.jdbcDriver}"/>
          <property name="url" value="${jdbcjcr3.url:jdbc:hsqldb:file:target/temp/data/jcr3}"/>
          <property name="username" value="${jdbcjcr3.username:sa}"/>
          <property name="password" value="${jdbcjcr3.password:}"/>
        </properties-param>
      </init-params>
    </component-plugin>
	<component-plugin>
      <name>bind.datasource</name>
      <set-method>addPlugin</set-method>
      <type>org.exoplatform.services.naming.BindReferencePlugin</type>
      <init-params>
        <value-param>
          <name>bind-name</name>
          <value>jdbcjcrtest</value>
        </value-param>
        <value-param>
          <name>class-name</name>
          <value>javax.sql.DataSource</value>
        </value-param>
        <value-param>
          <name>factory</name>
          <value>org.apache.commons.dbcp.BasicDataSourceFactory</value>
        </value-param>
        <properties-param>
          <name>ref-addresses</name>
          <description>ref-addresses</description>
          <property name="driverClassName" value="org.hsqldb.jdbcDriver"/>
          <property name="url" value="jdbc:hsqldb:file:target/temp/data/jcrtest"/>
          <property name="username" value="sa"/>
          <property name="password" value=""/>
          <property name="maxActive" value="100" />
        </properties-param>
      </init-params>
    </component-plugin>
    <component-plugin>
      <name>bind.datasource</name>
      <set-method>addPlugin</set-method>
      <type>org.exoplatform.services.naming.BindReferencePlugin</type>
      <init-params>
        <value-param>
          <name>bind-name</name>
          <value>jdbcjcrdb2</value>
        </value-param>
        <value-param>
          <name>class-name</name>
          <value>javax.sql.DataSource</value>
        </value-param>
        <value-param>
          <name>factory</name>
          <value>org.apache.commons.dbcp.BasicDataSourceFactory</value>
        </value-param>
        <properties-param>
          <name>ref-addresses</name>
          <description>ref-addresses</description>
          <property name="driverClassName" value="${all.driverClassName:org.hsqldb.jdbcDriver}"/>
          <property name="url" value="${jdbcjcrdb2.url:jdbc:hsqldb:file:target/temp/data/portaldb2}"/>
          <property name="username" value="${jdbcjcrdb2.username:sa}"/>
          <property name="password" value="${jdbcjcrdb2.password:}"/>
        </properties-param>
      </init-params>
    </component-plugin>
    <component-plugin>
      <name>bind.datasource</name>
      <set-method>addPlugin</set-method>
      <type>org.exoplatform.services.naming.BindReferencePlugin</type>
      <init-params>
        <value-param>
          <name>bind-name</name>
          <value>jdbcjcr1db2</value>
        </value-param>
        <value-param>
          <name>class-name</name>
          <value>javax.sql.DataSource</value>
        </value-param>
        <value-param>
          <name>factory</name>
          <value>org.apache.commons.dbcp.BasicDataSourceFactory</value>
        </value-param>
        <properties-param>
          <name>ref-addresses</name>
          <description>ref-addresses</description>
          <property name="driverClassName" value="${all.driverClassName:org.hsqldb.jdbcDriver}"/>
          <property name="url" value="${jdbcjcr1db2.url:jdbc:hsqldb:file:target/temp/data/jcrdb2}"/>
          <property name="username" value="${jdbcjcr1db2.username:sa}"/>
          <property name="password" value="${jdbcjcr1db2.password:}"/>
        </properties-param>
      </init-params>
    </component-plugin>
    <component-plugin>
      <name>bind.datasource</name>
      <set-method>addPlugin</set-method>
      <type>org.exoplatform.services.naming.BindReferencePlugin</type>
      <init-params>
        <value-param>
          <name>bind-name</name>
          <value>jdbcjcrtck</value>
        </value-param>
        <value-param>
          <name>class-name</name>
          <value>javax.sql.DataSource</value>
        </value-param>
        <value-param>
          <name>factory</name>
          <value>org.apache.commons.dbcp.BasicDataSourceFactory</value>
        </value-param>
        <properties-param>
          <name>ref-addresses</name>
          <description>ref-addresses</description>
          <property name="driverClassName" value="${all.driverClassName:org.hsqldb.jdbcDriver}"/>
          <property name="url" value="${jdbcjcrtck.url:jdbc:hsqldb:file:target/temp/data/portaltck}"/>
          <property name="username" value="${jdbcjcrtck.username:sa}"/>
          <property name="password" value="${jdbcjcrtck.password:}"/>
        </properties-param>
      </init-params>
    </component-plugin>
    <component-plugin>
      <name>bind.datasource</name>
      <set-method>addPlugin</set-method>
      <type>org.exoplatform.services.naming.BindReferencePlugin</type>
      <init-params>
        <value-param>
          <name>bind-name</name>
          <value>jdbcjcr1tck</value>
        </value-param>
        <value-param>
          <name>class-name</name>
          <value>javax.sql.DataSource</value>
        </value-param>
        <value-param>
          <name>factory</name>
          <value>org.apache.commons.dbcp.BasicDataSourceFactory</value>
        </value-param>
        <properties-param>
          <name>ref-addresses</name>
          <description>ref-addresses</description>
          <property name="driverClassName" value="${all.driverClassName:org.hsqldb.jdbcDriver}"/>
          <property name="url" value="${jdbcjcr1tck.url:jdbc:hsqldb:file:target/temp/data/jcrtck}"/>
          <property name="username" value="${jdbcjcr1tck.username:sa}"/>
          <property name="password" value="${jdbcjcr1tck.password:}"/>
        </properties-param>
      </init-params>
    </component-plugin>
    <component-plugin>
      <name>bind.datasource</name>
      <set-method>addPlugin</set-method>
      <type>org.exoplatform.services.naming.BindReferencePlugin</type>
      <init-params>
        <value-param>
          <name>bind-name</name>
          <value>jdbcjcr2tck</value>
        </value-param>
        <value-param>
          <name>class-name</name>
          <value>javax.sql.DataSource</value>
        </value-param>
        <value-param>
          <name>factory</name>
          <value>org.apache.commons.dbcp.BasicDataSourceFactory</value>
        </value-param>
        <properties-param>
          <name>ref-addresses</name>
          <description>ref-addresses</description>
          <property name="driverClassName" value="${all.driverClassName:org.hsqldb.jdbcDriver}"/>
          <property name="url" value="${jdbcjcr2tck.url:jdbc:hsqldb:file:target/temp/data/jcr2tck}"/>
          <property name="username" value="${jdbcjcr2tck.username:sa}"/>
          <property name="password" value="${jdbcjcr2tck.password:}"/>
        </properties-param>
      </init-params>
    </component-plugin>
    <component-plugin>
      <name>bind.datasource</name>
      <set-method>addPlugin</set-method>
      <type>org.exoplatform.services.naming.BindReferencePlugin</type>
      <init-params>
        <value-param>
          <name>bind-name</name>
          <value>jdbcjcr2export1</value>
        </value-param>
        <value-param>
          <name>class-name</name>
          <value>javax.sql.DataSource</value>
        </value-param>
        <value-param>
          <name>factory</name>
          <value>org.apache.commons.dbcp.BasicDataSourceFactory</value>
        </value-param>
        <properties-param>
          <name>ref-addresses</name>
          <description>ref-addresses</description>
          <property name="driverClassName" value="org.hsqldb.jdbcDriver"/>
          <property name="url" value="jdbc:hsqldb:file:target/temp/data/jdbcjcr2export1"/>
          <property name="username" value="sa"/>
          <property name="password" value=""/>
        </properties-param>
      </init-params>
    </component-plugin>
    <component-plugin>
      <name>bind.datasource</name>
      <set-method>addPlugin</set-method>
      <type>org.exoplatform.services.naming.BindReferencePlugin</type>
      <init-params>
        <value-param>
          <name>bind-name</name>
          <value>jdbcjcr2export2</value>
        </value-param>
        <value-param>
          <name>class-name</name>
          <value>javax.sql.DataSource</value>
        </value-param>
        <value-param>
          <name>factory</name>
          <value>org.apache.commons.dbcp.BasicDataSourceFactory</value>
        </value-param>
        <properties-param>
          <name>ref-addresses</name>
          <description>ref-addresses</description>
          <property name="driverClassName" value="org.hsqldb.jdbcDriver"/>
          <property name="url" value="jdbc:hsqldb:file:target/temp/data/jdbcjcr2export2"/>
          <property name="username" value="sa"/>
          <property name="password" value=""/>
        </properties-param>
      </init-params>
    </component-plugin>
    <component-plugin>
      <name>bind.datasource</name>
      <set-method>addPlugin</set-method>
      <type>org.exoplatform.services.naming.BindReferencePlugin</type>
      <init-params>
        <value-param>
          <name>bind-name</name>
          <value>jdbcjcr2export3</value>
        </value-param>
        <value-param>
          <name>class-name</name>
          <value>javax.sql.DataSource</value>
        </value-param>
        <value-param>
          <name>factory</name>
          <value>org.apache.commons.dbcp.BasicDataSourceFactory</value>
        </value-param>
        <properties-param>
          <name>ref-addresses</name>
          <description>ref-addresses</description>
          <property name="driverClassName" value="org.hsqldb.jdbcDriver"/>
          <property name="url" value="jdbc:hsqldb:file:target/temp/data/jdbcjcr2export3"/>
          <property name="username" value="sa"/>
          <property name="password" value=""/>
        </properties-param>
      </init-params>
    </component-plugin>
   <component-plugin>
      <name>bind.datasource</name>
      <set-method>addPlugin</set-method>
      <type>org.exoplatform.services.naming.BindReferencePlugin</type>
      <init-params>
        <value-param>
          <name>bind-name</name>
          <value>testdbcleaner</value>
        </value-param>
        <value-param>
          <name>class-name</name>
          <value>javax.sql.DataSource</value>
        </value-param>
        <value-param>
          <name>factory</name>
          <value>org.apache.commons.dbcp.BasicDataSourceFactory</value>
        </value-param>
        <properties-param>
          <name>ref-addresses</name>
          <description>ref-addresses</description>
          <property name="driverClassName" value="${all.driverClassName:org.hsqldb.jdbcDriver}"/>
          <property name="url" value="${testdbcleaner.url:jdbc:hsqldb:file:target/temp/data/testdbcleaner}"/>
          <property name="username" value="${testdbcleaner.username:sa}"/>
          <property name="password" value="${testdbcleaner.password:}"/>
          <property name="maxActive" value="20" />
        </properties-param>
      </init-params>
    </component-plugin>
    <component-plugin>
      <name>bind.jcr</name>
      <set-method>addPlugin</set-method>
      <type>org.exoplatform.services.naming.BindReferencePlugin</type>
      <init-params>
        <value-param>
          <name>bind-name</name>
          <value>repo</value>
        </value-param>
        <value-param>
          <name>class-name</name>
          <value>javax.jcr.Repository</value>
        </value-param>
        <value-param>
          <name>factory</name>
          <value>org.exoplatform.services.jcr.impl.jndi.BindableRepositoryFactory</value>
        </value-param>
        <properties-param>
          <name>ref-addresses</name>
          <description>ref-addresses</description>
          <property name="repositoryName" value="db1"/>
          <!-- property name="containerConfig" value="exo-configuration.xml"/ -->
        </properties-param>
      </init-params>
    </component-plugin>
    <component-plugin>
      <name>rmi.jcr</name>
      <set-method>addPlugin</set-method>
      <type>org.exoplatform.services.naming.BindReferencePlugin</type>
      <init-params>
        <value-param>
          <name>bind-name</name>
          <value>rmirepository</value>
        </value-param>
        <value-param>
          <name>class-name</name>
          <value>javax.jcr.Repository</value>
        </value-param>
        <value-param>
          <name>factory</name>
          <value>org.exoplatform.services.jcr.rmi.RepositoryFactory</value>
        </value-param>
        <properties-param>
          <name>ref-addresses</name>
          <description>ref-addresses</description>
          <property name="url" value="//localhost:9999/repository"/>
        </properties-param>
      </init-params>
    </component-plugin>
  </external-component-plugins>
  
  <remove-configuration>org.exoplatform.services.scheduler.JobSchedulerService</remove-configuration>
  <!--<import>jar:/conf/database-configuration.hsql.xml</import> -->
</configuration>
