<repository-service default-repository="db1">
  <repositories>
    <repository name="db1" system-workspace="ws" default-workspace="ws">
      <security-domain>exo-domain</security-domain>
      <access-control>optional</access-control>
      <authentication-policy>org.exoplatform.services.jcr.impl.core.access.JAASAuthenticator</authentication-policy>
      <workspaces>
        <workspace name="ws">
          <!-- for system storage -->
          <container class="org.exoplatform.services.jcr.impl.storage.jdbc.optimisation.CQJDBCWorkspaceDataContainer">
            <properties>
              <property name="source-name" value="jdbcjcr"/>
              <property name="dialect" value="auto"/>
              <property name="db-structure-type" value="isolated" />
              <property name="max-buffer-size" value="200k"/>
              <property name="swap-directory" value="target/temp/db1/swap/ws"/>
            </properties>
          </container>
          <cache enabled="true" class="org.exoplatform.services.jcr.impl.dataflow.persistent.infinispan.ISPNCacheWorkspaceStorageCache">
            <properties>
              <property name="infinispan-configuration" value="conf/standalone/test-infinispan-config.xml" />
            </properties>
          </cache>
          <query-handler class="org.exoplatform.services.jcr.impl.core.query.lucene.SearchIndex">
            <properties>
              <property name="index-dir" value="target/temp/db1/index/ws" />
              <property name="changesfilter-class" value="org.exoplatform.services.jcr.ext.index.persistent.filter.PersistentIndexChangesFilter" />
              <property name="infinispan-cluster-name" value="jcrindexer${container.name.suffix}" />
              <property name="max-volatile-time" value="60" />
            </properties>
          </query-handler>
          <lock-manager class="org.exoplatform.services.jcr.impl.core.lock.infinispan.ISPNCacheableLockManagerImpl">
             <properties>
                <property name="time-out" value="15m" />
                 <property name="infinispan-configuration" value="conf/standalone/test-infinispan-lock.xml" />
                 <property name="infinispan-cl-cache.jdbc.table.name" value="lk" />
                 <property name="infinispan-cl-cache.jdbc.table.create" value="true" />
                 <property name="infinispan-cl-cache.jdbc.table.drop" value="false" />
                 <property name="infinispan-cl-cache.jdbc.id.column" value="id" />
                 <property name="infinispan-cl-cache.jdbc.data.column" value="data" />
                 <property name="infinispan-cl-cache.jdbc.timestamp.column" value="timestamp" />
                 <property name="infinispan-cl-cache.jdbc.datasource" value="jdbcjcr" />
                 <property name="infinispan-cl-cache.jdbc.connectionFactory" value="org.exoplatform.services.jcr.infinispan.ManagedConnectionFactory" />
             </properties>
          </lock-manager>
        </workspace>

        <workspace name="ws1">
          <container class="org.exoplatform.services.jcr.impl.storage.jdbc.optimisation.CQJDBCWorkspaceDataContainer">
            <properties>
              <property name="source-name" value="jdbcjcr"/>
              <property name="dialect" value="auto" />
              <property name="db-structure-type" value="isolated" />
              <property name="max-buffer-size" value="200k"/>
              <property name="swap-directory" value="target/temp/db1/swap/ws1"/>
            </properties>
          </container>
            <cache enabled="true"
              class="org.exoplatform.services.jcr.impl.dataflow.persistent.infinispan.ISPNCacheWorkspaceStorageCache">
              <properties>
                 <property name="infinispan-configuration" value="conf/standalone/test-infinispan-config.xml" />
              </properties>
            </cache>
            <query-handler class="org.exoplatform.services.jcr.impl.core.query.lucene.SearchIndex">
              <properties>
                <property name="index-dir" value="target/temp/db1/index/ws1" />
                <property name="changesfilter-class" value="org.exoplatform.services.jcr.ext.index.persistent.filter.PersistentIndexChangesFilter" />
                <property name="infinispan-cluster-name" value="jcrindexer${container.name.suffix}" />
                <property name="max-volatile-time" value="60" />
              </properties>
            </query-handler>
          <lock-manager class="org.exoplatform.services.jcr.impl.core.lock.infinispan.ISPNCacheableLockManagerImpl">
             <properties>
                <property name="time-out" value="15m" />
                <property name="infinispan-configuration" value="conf/standalone/test-infinispan-lock.xml" />
                <property name="infinispan-cl-cache.jdbc.table.name" value="lk" />
                <property name="infinispan-cl-cache.jdbc.table.create" value="true" />
                <property name="infinispan-cl-cache.jdbc.table.drop" value="false" />
                <property name="infinispan-cl-cache.jdbc.id.column" value="id" />
                <property name="infinispan-cl-cache.jdbc.data.column" value="data" />
                <property name="infinispan-cl-cache.jdbc.timestamp.column" value="timestamp" />
                <property name="infinispan-cl-cache.jdbc.datasource" value="jdbcjcr" />
                <property name="infinispan-cl-cache.jdbc.connectionFactory" value="org.exoplatform.services.jcr.infinispan.ManagedConnectionFactory" />
             </properties>
          </lock-manager>
        </workspace>

        <workspace name="ws2" auto-init-root-nodetype="nt:unstructured">
          <container class="org.exoplatform.services.jcr.impl.storage.jdbc.optimisation.CQJDBCWorkspaceDataContainer">
            <properties>
              <property name="source-name" value="jdbcjcr"/>
              <property name="dialect" value="auto"/>
              <property name="db-structure-type" value="isolated" />
              <property name="max-buffer-size" value="200k"/>
              <property name="swap-directory" value="target/temp/db1/swap/ws2"/>
            </properties>
          </container>
            <cache enabled="true"
              class="org.exoplatform.services.jcr.impl.dataflow.persistent.infinispan.ISPNCacheWorkspaceStorageCache">
              <properties>
                 <property name="infinispan-configuration" value="conf/standalone/test-infinispan-config.xml" />
              </properties>
            </cache>
            <query-handler class="org.exoplatform.services.jcr.impl.core.query.lucene.SearchIndex">
              <properties>
                <property name="index-dir" value="target/temp/db1/index/ws2" />
                <property name="changesfilter-class" value="org.exoplatform.services.jcr.ext.index.persistent.filter.PersistentIndexChangesFilter" />
                <property name="infinispan-cluster-name" value="jcrindexer${container.name.suffix}" />
                <property name="max-volatile-time" value="60" />
              </properties>
            </query-handler>
          <lock-manager class="org.exoplatform.services.jcr.impl.core.lock.infinispan.ISPNCacheableLockManagerImpl">
             <properties>
                <property name="time-out" value="15m" />
                <property name="infinispan-configuration" value="conf/standalone/test-infinispan-lock.xml" />
                <property name="infinispan-cl-cache.jdbc.table.name" value="lk" />
                <property name="infinispan-cl-cache.jdbc.table.create" value="true" />
                <property name="infinispan-cl-cache.jdbc.table.drop" value="false" />
                <property name="infinispan-cl-cache.jdbc.id.column" value="id" />
                <property name="infinispan-cl-cache.jdbc.data.column" value="data" />
                <property name="infinispan-cl-cache.jdbc.timestamp.column" value="timestamp" />
                <property name="infinispan-cl-cache.jdbc.datasource" value="jdbcjcr" />
                <property name="infinispan-cl-cache.jdbc.connectionFactory" value="org.exoplatform.services.jcr.infinispan.ManagedConnectionFactory" />
             </properties>
          </lock-manager>
        </workspace>

        <workspace name="ws3" auto-init-root-nodetype="nt:unstructured">
          <container class="org.exoplatform.services.jcr.impl.storage.jdbc.optimisation.CQJDBCWorkspaceDataContainer">
            <properties>
              <property name="source-name" value="jdbcjcr"/>
              <property name="dialect" value="auto"/>
              <property name="db-structure-type" value="isolated" />
              <property name="max-buffer-size" value="200k"/>
              <property name="swap-directory" value="target/temp/db1/swap/ws3"/>
            </properties>
          </container>
            <cache enabled="true"
              class="org.exoplatform.services.jcr.impl.dataflow.persistent.infinispan.ISPNCacheWorkspaceStorageCache">
              <properties>
                 <property name="infinispan-configuration" value="conf/standalone/test-infinispan-config.xml" />
              </properties>
            </cache>
            <query-handler class="org.exoplatform.services.jcr.impl.core.query.lucene.SearchIndex">
              <properties>
                <property name="index-dir" value="target/temp/db1/index/ws3" />
                <property name="changesfilter-class" value="org.exoplatform.services.jcr.ext.index.persistent.filter.PersistentIndexChangesFilter" />
                <property name="infinispan-cluster-name" value="jcrindexer${container.name.suffix}" />
                <property name="max-volatile-time" value="60" />
              </properties>
            </query-handler>
          <lock-manager class="org.exoplatform.services.jcr.impl.core.lock.infinispan.ISPNCacheableLockManagerImpl">
             <properties>
                <property name="time-out" value="15m" />
                <property name="infinispan-configuration" value="conf/standalone/test-infinispan-lock.xml" />
                <property name="infinispan-cl-cache.jdbc.table.name" value="lk" />
                <property name="infinispan-cl-cache.jdbc.table.create" value="true" />
                <property name="infinispan-cl-cache.jdbc.table.drop" value="false" />
                <property name="infinispan-cl-cache.jdbc.id.column" value="id" />
                <property name="infinispan-cl-cache.jdbc.data.column" value="data" />
                <property name="infinispan-cl-cache.jdbc.timestamp.column" value="timestamp" />
                <property name="infinispan-cl-cache.jdbc.datasource" value="jdbcjcr" />
                <property name="infinispan-cl-cache.jdbc.connectionFactory" value="org.exoplatform.services.jcr.infinispan.ManagedConnectionFactory" />
             </properties>
          </lock-manager>
        </workspace>

        <workspace name="ws4" auto-init-root-nodetype="nt:unstructured">
          <container class="org.exoplatform.services.jcr.impl.storage.jdbc.optimisation.CQJDBCWorkspaceDataContainer">
            <properties>
              <property name="source-name" value="jdbcjcr"/>
              <property name="dialect" value="auto"/>
              <property name="db-structure-type" value="isolated" />
              <property name="max-buffer-size" value="200k"/>
              <property name="swap-directory" value="target/temp/db1/swap/ws4"/>
            </properties>
          </container>
            <cache enabled="true"
              class="org.exoplatform.services.jcr.impl.dataflow.persistent.infinispan.ISPNCacheWorkspaceStorageCache">
              <properties>
                 <property name="infinispan-configuration" value="conf/standalone/test-infinispan-config.xml" />
              </properties>
            </cache>
            <query-handler class="org.exoplatform.services.jcr.impl.core.query.lucene.SearchIndex">
              <properties>
                <property name="index-dir" value="target/temp/db1/index/ws4" />
                <property name="changesfilter-class" value="org.exoplatform.services.jcr.ext.index.persistent.filter.PersistentIndexChangesFilter" />
                <property name="infinispan-cluster-name" value="jcrindexer${container.name.suffix}" />
                <property name="max-volatile-time" value="60" />
              </properties>
            </query-handler>
          <lock-manager class="org.exoplatform.services.jcr.impl.core.lock.infinispan.ISPNCacheableLockManagerImpl">
             <properties>
                <property name="time-out" value="15m" />
                <property name="infinispan-configuration" value="conf/standalone/test-infinispan-lock.xml" />
                <property name="infinispan-cl-cache.jdbc.table.name" value="lk" />
                <property name="infinispan-cl-cache.jdbc.table.create" value="true" />
                <property name="infinispan-cl-cache.jdbc.table.drop" value="false" />
                <property name="infinispan-cl-cache.jdbc.id.column" value="id" />
                <property name="infinispan-cl-cache.jdbc.data.column" value="data" />
                <property name="infinispan-cl-cache.jdbc.timestamp.column" value="timestamp" />
                <property name="infinispan-cl-cache.jdbc.datasource" value="jdbcjcr" />
                <property name="infinispan-cl-cache.jdbc.connectionFactory" value="org.exoplatform.services.jcr.infinispan.ManagedConnectionFactory" />
             </properties>
          </lock-manager>
        </workspace>

        <workspace name="ws5" auto-init-root-nodetype="nt:unstructured">
          <container class="org.exoplatform.services.jcr.impl.storage.jdbc.optimisation.CQJDBCWorkspaceDataContainer">
            <properties>
              <property name="source-name" value="jdbcjcr"/>
              <property name="dialect" value="auto"/>
              <property name="db-structure-type" value="isolated" />
              <property name="max-buffer-size" value="200k"/>
              <property name="swap-directory" value="target/temp/db1/swap/ws5"/>
            </properties>
          </container>
            <cache enabled="true"
              class="org.exoplatform.services.jcr.impl.dataflow.persistent.infinispan.ISPNCacheWorkspaceStorageCache">
              <properties>
                 <property name="infinispan-configuration" value="conf/standalone/test-infinispan-config.xml" />
              </properties>
            </cache>
            <query-handler class="org.exoplatform.services.jcr.impl.core.query.lucene.SearchIndex">
              <properties>
                <property name="index-dir" value="target/temp/db1/index/ws5" />
                <property name="changesfilter-class" value="org.exoplatform.services.jcr.ext.index.persistent.filter.PersistentIndexChangesFilter" />
                <property name="infinispan-cluster-name" value="jcrindexer${container.name.suffix}" />
                <property name="max-volatile-time" value="60" />
              </properties>
            </query-handler>
          <lock-manager class="org.exoplatform.services.jcr.impl.core.lock.infinispan.ISPNCacheableLockManagerImpl">
             <properties>
                <property name="time-out" value="15m" />
                <property name="infinispan-configuration" value="conf/standalone/test-infinispan-lock.xml" />
                <property name="infinispan-cl-cache.jdbc.table.name" value="lk" />
                <property name="infinispan-cl-cache.jdbc.table.create" value="true" />
                <property name="infinispan-cl-cache.jdbc.table.drop" value="false" />
                <property name="infinispan-cl-cache.jdbc.id.column" value="id" />
                <property name="infinispan-cl-cache.jdbc.data.column" value="data" />
                <property name="infinispan-cl-cache.jdbc.timestamp.column" value="timestamp" />
                <property name="infinispan-cl-cache.jdbc.datasource" value="jdbcjcr" />
                <property name="infinispan-cl-cache.jdbc.connectionFactory" value="org.exoplatform.services.jcr.infinispan.ManagedConnectionFactory" />
             </properties>
          </lock-manager>
        </workspace>
        
        <workspace name="ws6">
          <container class="org.exoplatform.services.jcr.impl.storage.jdbc.optimisation.CQJDBCWorkspaceDataContainer">
            <properties>
              <property name="source-name" value="jdbcjcr"/>
              <property name="dialect" value="auto"/>
              <property name="db-structure-type" value="isolated" />
              <property name="max-buffer-size" value="200k"/>
              <property name="swap-directory" value="target/temp/db1/swap/ws6"/>
            </properties>
          </container>
            <cache enabled="true"
              class="org.exoplatform.services.jcr.impl.dataflow.persistent.infinispan.ISPNCacheWorkspaceStorageCache">
              <properties>
                 <property name="infinispan-configuration" value="conf/standalone/test-infinispan-config.xml" />
              </properties>
            </cache>
            <query-handler class="org.exoplatform.services.jcr.impl.core.query.lucene.SearchIndex">
              <properties>
                <property name="index-dir" value="target/temp/db1/index/ws6" />
                <property name="changesfilter-class" value="org.exoplatform.services.jcr.ext.index.persistent.filter.PersistentIndexChangesFilter" />
                <property name="infinispan-cluster-name" value="jcrindexer${container.name.suffix}" />
                <property name="max-volatile-time" value="60" />
              </properties>
            </query-handler>
          <lock-manager class="org.exoplatform.services.jcr.impl.core.lock.infinispan.ISPNCacheableLockManagerImpl">
             <properties>
                <property name="time-out" value="15m" />
                <property name="infinispan-configuration" value="conf/standalone/test-infinispan-lock.xml" />
                <property name="infinispan-cl-cache.jdbc.table.name" value="lk" />
                <property name="infinispan-cl-cache.jdbc.table.create" value="true" />
                <property name="infinispan-cl-cache.jdbc.table.drop" value="false" />
                <property name="infinispan-cl-cache.jdbc.id.column" value="id" />
                <property name="infinispan-cl-cache.jdbc.data.column" value="data" />
                <property name="infinispan-cl-cache.jdbc.timestamp.column" value="timestamp" />
                <property name="infinispan-cl-cache.jdbc.datasource" value="jdbcjcr" />
                <property name="infinispan-cl-cache.jdbc.connectionFactory" value="org.exoplatform.services.jcr.infinispan.ManagedConnectionFactory" />
             </properties>
          </lock-manager>
        </workspace>
      </workspaces>
    </repository>

    <repository name="db2" system-workspace="ws" default-workspace="ws">
      <security-domain>exo-domain</security-domain>
      <access-control>optional</access-control>
      <authentication-policy>org.exoplatform.services.jcr.impl.core.access.JAASAuthenticator</authentication-policy>
      <workspaces>
        <workspace name="ws">
          <!-- for system storage -->
          <container class="org.exoplatform.services.jcr.impl.storage.jdbc.optimisation.CQJDBCWorkspaceDataContainer">
            <properties>
              <property name="source-name" value="jdbcjcr2"/>
              <property name="dialect" value="auto"/>
              <property name="db-structure-type" value="isolated" />
              <property name="max-buffer-size" value="200k"/>
              <property name="swap-directory" value="target/temp/db2/swap/ws"/>
            </properties>
          </container>
          <cache enabled="true"
            class="org.exoplatform.services.jcr.impl.dataflow.persistent.infinispan.ISPNCacheWorkspaceStorageCache">
            <properties>
               <property name="infinispan-configuration" value="conf/standalone/test-infinispan-config.xml" />
            </properties>
          </cache>
          <query-handler class="org.exoplatform.services.jcr.impl.core.query.lucene.SearchIndex">
            <properties>
              <property name="index-dir" value="target/temp/db2/index/ws" />
              <property name="changesfilter-class" value="org.exoplatform.services.jcr.ext.index.persistent.filter.PersistentIndexChangesFilter" />
              <property name="infinispan-cluster-name" value="jcrindexer${container.name.suffix}" />
              <property name="max-volatile-time" value="60" />
            </properties>
          </query-handler>
          <lock-manager class="org.exoplatform.services.jcr.impl.core.lock.infinispan.ISPNCacheableLockManagerImpl">
             <properties>
                <property name="time-out" value="15m" />
                <property name="infinispan-configuration" value="conf/standalone/test-infinispan-lock.xml" />
                <property name="infinispan-cl-cache.jdbc.table.name" value="lk" />
                <property name="infinispan-cl-cache.jdbc.table.create" value="true" />
                <property name="infinispan-cl-cache.jdbc.table.drop" value="false" />
                <property name="infinispan-cl-cache.jdbc.id.column" value="id" />
                <property name="infinispan-cl-cache.jdbc.data.column" value="data" />
                <property name="infinispan-cl-cache.jdbc.timestamp.column" value="timestamp" />
                <property name="infinispan-cl-cache.jdbc.datasource" value="jdbcjcr2" />
                <property name="infinispan-cl-cache.jdbc.connectionFactory" value="org.exoplatform.services.jcr.infinispan.ManagedConnectionFactory" />
             </properties>
          </lock-manager>
        </workspace>
      </workspaces>
    </repository>
  </repositories>
</repository-service>
