<?xml version="1.0" encoding="ISO-8859-1"?>
<configuration
  xmlns:xsi="http://www.w3.org/2001/XMLSchema-instance"
  xsi:schemaLocation="http://www.exoplatform.org/xml/ns/kernel_1_2.xsd http://www.exoplatform.org/xml/ns/kernel_1_2.xsd"
  xmlns="http://www.exoplatform.org/xml/ns/kernel_1_2.xsd">
  
  <component>
    <key>org.exoplatform.services.log.LogConfigurationInitializer</key>
    <type>org.exoplatform.services.log.LogConfigurationInitializer</type>
    <init-params>
      <value-param>
        <name>logger</name>
        <value>org.exoplatform.services.log.impl.BufferedLog4JLogger</value>
      </value-param>
      <value-param>
        <name>configurator</name>
        <value>org.exoplatform.services.log.impl.SimpleExoLogConfigurator</value>
      </value-param>
    </init-params>
  </component>
  

  <component>
      <key>org.exoplatform.services.cache.CacheService</key>
      <jmx-name>cache:type=CacheService</jmx-name>
      <type>org.exoplatform.services.cache.impl.CacheServiceImpl</type>
      <init-params>
         <object-param>
            <name>cache.config.default</name>
            <description>The default cache configuration</description>
            <object type="org.exoplatform.services.cache.ExoCacheConfig">
               <field name="name">
                  <string>default</string>
               </field>
               <field name="maxSize">
                  <int>300</int>
               </field>
               <field name="liveTime">
                  <long>300</long>
               </field>
               <field name="distributed">
                  <boolean>false</boolean>
               </field>
               <field name="implementation">
                  <string>org.exoplatform.services.cache.concurrent.ConcurrentFIFOExoCache</string>
               </field>
            </object>
         </object-param>
      </init-params>
   </component>

  <component>
    <key>org.exoplatform.services.jcr.RepositoryService</key>
    <type>org.exoplatform.services.jcr.impl.RepositoryServiceImpl</type>
    <component-plugins>
      <component-plugin>
        <name>add.namespaces</name>
        <set-method>addPlugin</set-method>
        <type>org.exoplatform.services.jcr.impl.AddNamespacesPlugin</type>
        <init-params>
          <properties-param>
            <name>namespaces</name>
            <property name="dc" value="http://purl.org/dc/elements/1.1/"/>
            <property name="rma" value="http://www.rma.com/jcr/"/>
            <property name="publication" value="http://www.exoplatform.com/jcr/publication/1.1/"/>
          </properties-param>
        </init-params>
      </component-plugin>
      <component-plugin>
        <name>add.nodeType</name>
        <set-method>addPlugin</set-method>
        <type>org.exoplatform.services.jcr.impl.AddNodeTypePlugin</type>
        <init-params>
          <values-param>
            <name>autoCreatedInNewRepository</name>
            <description>Node types configuration file</description>
            <value>jar:/conf/test/nodetypes-ext-test.xml</value>
          </values-param>
        </init-params>
      </component-plugin>
    </component-plugins>
  </component>
  
  <component>
    <key>org.exoplatform.services.jcr.config.RepositoryServiceConfiguration</key>
    <type>org.exoplatform.services.jcr.impl.config.RepositoryServiceConfigurationImpl</type>
    <init-params>
      <value-param>
        <name>conf-path</name>
        <description>JCR configuration file</description>
        <value>jar:/conf/standalone/test-jcr-ext-config.xml</value>
      </value-param>
    </init-params>
  </component>
  
  <!--  backup -->
  <component>
    <key>org.exoplatform.services.jcr.ext.backup.BackupManager</key>
    <type>org.exoplatform.services.jcr.ext.backup.impl.BackupManagerImpl</type>
    <init-params>
      <properties-param>
        <name>backup-properties</name>
        <property name="default-incremental-job-period" value="3600"/><!-- set default incremental periond = 60 minutes  -->
        <property name="full-backup-type" value="org.exoplatform.services.jcr.ext.backup.impl.fs.FullBackupJob"/>
        <property name="incremental-backup-type" value="org.exoplatform.services.jcr.ext.backup.impl.fs.IncrementalBackupJob"/>
        <property name="backup-dir" value="target/backup"/>
      </properties-param>
    </init-params>
  </component>
  
  <!-- REST -->
  <component>
    <type>org.exoplatform.services.jcr.ext.registry.RESTRegistryService</type>
  </component>

  <!-- HTTPBackupAgent -->
  <component>
    <type>org.exoplatform.services.jcr.ext.backup.server.HTTPBackupAgent</type>
  </component>
  
  <component>
    <type>org.exoplatform.services.jcr.ext.app.ThreadLocalSessionProviderService</type>
  </component>

  <component>
    <type>org.exoplatform.services.jcr.ext.registry.RegistryService</type>
    <component-plugins>
      <component-plugin>
        <name>appConfig</name>
        <set-method>addPlugin</set-method>
        <type>org.exoplatform.services.jcr.ext.registry.RegistryInitializationEntryPlugin</type>
        <init-params>
          <value-param>
            <name>GroovyEditor</name>
            <value>
              <![CDATA[<GroovyEditor><context>portal/rest</context><repository>repository</repository><workspace>collaboration</workspace></GroovyEditor>]]>
            </value>
          </value-param>
        </init-params>
      </component-plugin>
    </component-plugins>
	<init-params>
      <properties-param>
        <name>locations</name>
        <property name="db1" value="ws2"/>
      </properties-param>
    </init-params>
  </component>

  <component>
    <key>org.exoplatform.commons.api.persistence.DataInitializer</key>
    <type>org.exoplatform.commons.persistence.impl.LiquibaseDataInitializer</type>
    <init-params>
      <value-param>
        <name>liquibase.datasource</name>
        <value>${exo.jpa.datasource.name:java:/comp/env/exo-jpa_portal}</value>
      </value-param>
      <value-param>
        <name>liquibase.contexts</name>
        <value>${exo.liquibase.contexts:production}</value>
      </value-param>
    </init-params>
  </component>

  <component>
    <type>org.exoplatform.services.jcr.impl.ext.action.SessionActionCatalog</type>
    <component-plugins>
      <component-plugin>
        <name>addActions</name>
        <set-method>addPlugin</set-method>
        <type>org.exoplatform.services.jcr.impl.ext.action.AddActionsPlugin</type>
        <description>add actions plugin</description>
        <init-params>
          <object-param>
            <name>actions</name>
            <object type="org.exoplatform.services.jcr.impl.ext.action.AddActionsPlugin$ActionsConfig">
              <field name="actions">
                <collection type="java.util.ArrayList">
                  <value>
                    <object type="org.exoplatform.services.jcr.impl.ext.action.ActionConfiguration">
                      <field name="eventTypes">
                        <string>addProperty,changeProperty</string>
                      </field>
                      <field name="path">
                        <string>/MetaDataActionTest/testAddContent</string>
                      </field>
                      <field name="isDeep">
                        <boolean>true</boolean>
                      </field>
                      <field name="nodeTypes">
                        <string>nt:resource</string>
                      </field>
                      <field name="actionClassName">
                        <string>org.exoplatform.services.jcr.ext.metadata.AddMetadataAction</string>
                      </field>
                    </object>
                  </value>
                  <value>
                    <object type="org.exoplatform.services.jcr.impl.ext.action.ActionConfiguration">
                      <field name="eventTypes">
                        <string>addNode</string>
                      </field>
                      <field name="path">
                        <string>/MetaDataActionTest/testSetMetaData</string>
                      </field>
                      <field name="isDeep">
                        <boolean>false</boolean>
                      </field>
                      <field name="actionClassName">
                        <string>org.exoplatform.services.jcr.ext.metadata.SetDCMetadataAction</string>
                      </field>
                    </object>
                  </value>
                  
                  <value>
                    <object type="org.exoplatform.services.jcr.impl.ext.action.ActionConfiguration">
                      <field name="eventTypes">
                        <string>addNode</string>
                      </field>
                      <field name="path">
                        <string>/test</string>
                      </field>
                      <field name="isDeep">
                        <boolean>true</boolean>
                      </field>
                      <field name="actionClassName">
                        <string>org.exoplatform.services.jcr.ext.action.AddOwneableAction</string>
                      </field>
                    </object>
                  </value>
                  
                  <!-- AddAuditableAction -->
                  
                  <value>
                    <object type="org.exoplatform.services.jcr.impl.ext.action.ActionConfiguration">
                      <field name="eventTypes">
                        <string>addNode</string>
                      </field>
                      <field name="path">
                        <string>/AuditServiceTest/deep</string>
                      </field>
                      <field name="isDeep">
                        <boolean>true</boolean>
                      </field>
                      <field name="actionClassName">
                        <string>org.exoplatform.services.jcr.ext.audit.AddAuditableAction</string>
                      </field>
                    </object>
                  </value>
                  
                  <value>
                    <object type="org.exoplatform.services.jcr.impl.ext.action.ActionConfiguration">
                      <field name="eventTypes">
                        <string>addNode</string>
                      </field>
                      <field name="path">
                        <string>/AuditServiceTest/notdeep</string>
                      </field>
                      <field name="isDeep">
                        <boolean>false</boolean>
                      </field>
                      <field name="actionClassName">
                        <string>org.exoplatform.services.jcr.ext.audit.AddAuditableAction</string>
                      </field>
                    </object>
                  </value>
                  
                  <!-- AddAuditableAction -->
                  <!-- AuditAction -->
                  
                  <value>
                    <object type="org.exoplatform.services.jcr.impl.ext.action.ActionConfiguration">
                      <field name="eventTypes">
                        <string>addProperty,changeProperty,removeProperty</string>
                      </field>
                      <field name="path">
                        <string>/AuditServiceTest/deep</string>
                      </field>
                      <field name="nodeTypes">
                        <string>exo:auditable</string>
                      </field>
                      <field name="isDeep">
                        <boolean>true</boolean>
                      </field>
                      <field name="actionClassName">
                        <string>org.exoplatform.services.jcr.ext.audit.AuditAction</string>
                      </field>
                    </object>
                  </value>
                  <value>
                    <object type="org.exoplatform.services.jcr.impl.ext.action.ActionConfiguration">
                      <field name="eventTypes">
                        <string>addProperty,changeProperty,removeProperty</string>
                      </field>
                      <field name="path">
                        <string>/AuditServiceTest/notdeep</string>
                      </field>
                      <field name="nodeTypes">
                        <string>exo:auditable</string>
                      </field>
                      <field name="isDeep">
                        <boolean>true</boolean>
                      </field>
                      <field name="actionClassName">
                        <string>org.exoplatform.services.jcr.ext.audit.AuditAction</string>
                      </field>
                    </object>
                  </value>
                  <value>
                    <object type="org.exoplatform.services.jcr.impl.ext.action.ActionConfiguration">
                      <field name="eventTypes">
                        <string>addProperty,changeProperty,removeProperty</string>
                      </field>
                      <field name="path">
                        <string>/AuditServiceTest/mixin</string>
                      </field>
                      <field name="nodeTypes">
                        <string>exo:auditable</string>
                      </field>
                      <field name="isDeep">
                        <boolean>false</boolean>
                      </field>
                      <field name="actionClassName">
                        <string>org.exoplatform.services.jcr.ext.audit.AuditAction</string>
                      </field>
                    </object>
                  </value>
                  <value>
                    <object type="org.exoplatform.services.jcr.impl.ext.action.ActionConfiguration">
                      <field name="eventTypes">
                        <string>addMixin</string>
                      </field>
                      <field name="path">
                        <string>/AuditServiceTest/mixin</string>
                      </field>
                      <field name="nodeTypes">
                        <string>exo:auditable</string>
                      </field>
                      <field name="isDeep">
                        <boolean>true</boolean>
                      </field>
                      <field name="actionClassName">
                        <string>org.exoplatform.services.jcr.ext.audit.AuditAction</string>
                      </field>
                    </object>
                  </value>
                  
                  <value>
                    <object type="org.exoplatform.services.jcr.impl.ext.action.ActionConfiguration">
                      <field name="eventTypes">
                        <string>addMixin,addProperty,changeProperty,removeProperty</string>
                      </field>
                      <field name="path">
                        <string>/AuditServiceTest/SetPropertyAfterAddAudit</string>
                      </field>
                      <field name="nodeTypes">
                        <string>exo:auditable</string>
                      </field>
                      <field name="isDeep">
                        <boolean>true</boolean>
                      </field>
                      <field name="actionClassName">
                        <string>org.exoplatform.services.jcr.ext.audit.AuditAction</string>
                      </field>
                    </object>
                  </value>
                  
                  <!-- AuditAction -->
                  <!-- RemoveAuditableAction -->
                  <value>
                    <object type="org.exoplatform.services.jcr.impl.ext.action.ActionConfiguration">
                      <field name="eventTypes">
                        <string>removeNode</string>
                      </field>
                      <field name="path">
                        <string>/AuditServiceTest</string>
                      </field>
                      <!-- field  name="nodeTypes"><string>exo:auditable</string></field -->
                      <field name="isDeep">
                        <boolean>true</boolean>
                      </field>
                      <field name="actionClassName">
                        <string>org.exoplatform.services.jcr.ext.audit.RemoveAuditableAction</string>
                      </field>
                    </object>
                  </value>
                </collection>
                <!-- RemoveAuditableAction -->
              </field>
            </object>
          </object-param>
        </init-params>
      </component-plugin>
    </component-plugins>
  </component>
  
  <component>
    <key>org.exoplatform.services.jcr.ext.audit.AuditService</key>
    <type>org.exoplatform.services.jcr.ext.audit.AuditServiceImpl</type>
    <init-params>
      <value-param>
        <name>adminIdentity</name>
        <value>root;john</value>
      </value-param>
    </init-params>
  </component>
  
  <component>
    <key>org.exoplatform.services.security.Authenticator</key>
    <type>org.exoplatform.services.organization.auth.OrganizationAuthenticatorImpl</type>
  </component>
  
  <component>
    <type>org.exoplatform.services.jcr.ext.resource.NodeRepresentationService</type>
  </component>
  
  <component>
    <type>org.exoplatform.services.jcr.ext.resource.XMLViewNodeRepresentationRenderer</type>
  </component>
  
  <component>
    <type>org.exoplatform.services.jcr.ext.resource.jcr.Handler</type>
  </component>

  <component>
    <type>org.exoplatform.services.jcr.ext.script.groovy.GroovyScript2RestLoader</type>
    <init-params>
      <object-param>
        <name>observation.config</name>
        <object type="org.exoplatform.services.jcr.ext.script.groovy.ObservationListenerConfiguration">
          <field name="repository">
            <string>db1</string>
          </field>
          <field name="workspaces">
            <collection type="java.util.ArrayList">
              <value>
                <string>ws</string>
              </value>
            </collection>
          </field>
        </object>
      </object-param>
    </init-params>
  </component>

  <component>
    <key>org.exoplatform.services.jcr.ext.index.persistent.api.JCRIndexingQueueDAO</key>
    <type>org.exoplatform.services.jcr.ext.index.persistent.impl.JCRIndexingQueueDAOImpl</type>
  </component>

  <component>
    <key>org.exoplatform.services.jcr.ext.index.persistent.api.JCRIndexingService</key>
    <type>org.exoplatform.services.jcr.ext.index.persistent.impl.JCRIndexingServiceImpl</type>
    <init-params>
      <value-param>
        <name>cluster.node.name</name>
        <description>Cluster node name</description>
        <value>${exo.cluster.node.name:ClusterNodeName}</value>
      </value-param>
      <value-param>
        <name>batch.number</name>
        <description>Batching count when processing elements from queue
        after retrieving indexes from coordinator/master</description>
        <value>${exo.jcr.indexing.persistent.queue.batch.number:100}</value>
      </value-param>
      <value-param>
        <name>queue.periodicity.seconds</name>
        <description>Periodicity of asunchronous queue processing
        to index nodes that has changes made by other Cluster nodes</description>
        <value>${exo.jcr.indexing.persistent.queue.periodicity.seconds:1}</value>
      </value-param>
    </init-params>
  </component>

  <component>
    <key>org.exoplatform.services.rpc.RPCService</key>
    <type>org.exoplatform.services.rpc.jgv3.RPCServiceImpl</type>
    <init-params>
      <value-param>
        <name>jgroups-configuration</name>
        <value>jar:/conf/jcr/jgroups/jgroups-jcr-tcp.xml</value>
      </value-param>
      <value-param>
        <name>jgroups-cluster-name</name>
        <value>RPCService-Cluster</value>
      </value-param>
      <value-param>
        <name>jgroups-default-timeout</name>
        <value>0</value>
      </value-param>
    </init-params>
  </component>

  <!-- org service initializer, copied from ECM portal.war -->
  <external-component-plugins>
    <target-component>org.exoplatform.services.organization.OrganizationService</target-component>
    <component-plugin>
      <name>init.service.listener</name>
      <set-method>addListenerPlugin</set-method>
      <type>org.exoplatform.services.organization.OrganizationDatabaseInitializer</type>
      <description>this listener populate organization data for the first launch</description>
      <init-params>      
        <value-param>
          <name>checkDatabaseAlgorithm</name>
          <description>check database</description>
          <value>entry</value>
        </value-param>      
        <value-param>
          <name>printInformation</name>
          <description>Print information init database</description>
          <value>false</value>
        </value-param> 
        <object-param>
          <name>configuration</name>
          <description>description</description>
          <object type="org.exoplatform.services.organization.OrganizationConfig">
            <field  name="membershipType">
              <collection type="java.util.ArrayList">
              	<value>
                  <object type="org.exoplatform.services.organization.OrganizationConfig$MembershipType">
                    <field  name="type"><string>manager</string></field>
                    <field  name="description"><string>manager membership type</string></field>
                  </object>
                </value>
                <value>
                  <object type="org.exoplatform.services.organization.OrganizationConfig$MembershipType">
                    <field  name="type"><string>member</string></field>
                    <field  name="description"><string>member membership type</string></field>
                  </object>
                </value>
                <value>
                  <object type="org.exoplatform.services.organization.OrganizationConfig$MembershipType">
                    <field  name="type"><string>validator</string></field>
                    <field  name="description"><string>validator membership type</string></field>
                  </object>
                </value>
                <value>
                  <object type="org.exoplatform.services.organization.OrganizationConfig$MembershipType">
                    <field  name="type"><string>*</string></field>
                    <field  name="description"><string>any membership type</string></field>
                  </object>
                </value>
              </collection>
            </field>

            <field  name="group">
              <collection type="java.util.ArrayList">
                <value>
                  <object type="org.exoplatform.services.organization.OrganizationConfig$Group">
                    <field  name="name"><string>platform</string></field>
                    <field  name="parentId"><string></string></field>
                    <field  name="description"><string>the /platform group</string></field>
                    <field  name="label"><string>Platform</string></field>                    
                  </object>
                </value>
                <value>
                  <object type="org.exoplatform.services.organization.OrganizationConfig$Group">
                    <field  name="name"><string>administrators</string></field>
                    <field  name="parentId"><string>/platform</string></field>
                    <field  name="description"><string>the /platform/administrators group</string></field>
                    <field  name="label"><string>Administrators</string></field>
                  </object>
                </value>
                <value>
                  <object type="org.exoplatform.services.organization.OrganizationConfig$Group">
                    <field  name="name"><string>users</string></field>
                    <field  name="parentId"><string>/platform</string></field>
                    <field  name="description"><string>the /platform/users group</string></field>
                    <field  name="label"><string>Users</string></field>
                  </object>
                </value>
                <value>
                  <object type="org.exoplatform.services.organization.OrganizationConfig$Group">
                    <field  name="name"><string>guests</string></field>
                    <field  name="parentId"><string>/platform</string></field>
                    <field  name="description"><string>the /platform/guests group</string></field>
                    <field  name="label"><string>Guests</string></field>
                  </object>
                </value>
                <value>
                  <object type="org.exoplatform.services.organization.OrganizationConfig$Group">
                    <field  name="name"><string>organization</string></field>
                    <field  name="parentId"><string></string></field>
                    <field  name="description"><string>the organization group</string></field>
                    <field  name="label"><string>Organization</string></field>
                  </object>
                </value>
                <value>
                  <object type="org.exoplatform.services.organization.OrganizationConfig$Group">
                    <field  name="name"><string>management</string></field>
                    <field  name="parentId"><string>/organization</string></field>
                    <field  name="description"><string>the /organization/management group</string></field>
                    <field  name="label"><string>Management</string></field>
                  </object>
                </value>
                <value>
                  <object type="org.exoplatform.services.organization.OrganizationConfig$Group">
                    <field  name="name"><string>executive-board</string></field>
                    <field  name="parentId"><string>/organization/management</string></field>
                    <field  name="description"><string>the /organization/management/executive-board group</string></field>
                    <field  name="label"><string>Executive Board</string></field>
                  </object>
                </value>
                <value>
                  <object type="org.exoplatform.services.organization.OrganizationConfig$Group">
                    <field  name="name"><string>human-resources</string></field>
                    <field  name="parentId"><string>/organization/management</string></field>
                    <field  name="description"><string>the /organization/management/human-resource group</string></field>
                    <field  name="label"><string>Human Resources</string></field>
                  </object>
                </value>
                <value>
                  <object type="org.exoplatform.services.organization.OrganizationConfig$Group">
                    <field  name="name"><string>communication</string></field>
                    <field  name="parentId"><string>/organization</string></field>
                    <field  name="description"><string>the /organization/communication group</string></field>
                    <field  name="label"><string>Communication</string></field>
                  </object>
                </value>
                <value>
                  <object type="org.exoplatform.services.organization.OrganizationConfig$Group">
                    <field  name="name"><string>marketing</string></field>
                    <field  name="parentId"><string>/organization/communication</string></field>
                    <field  name="description"><string>the /organization/communication/marketing group</string></field>
                    <field  name="label"><string>Marketing</string></field>
                  </object>
                </value>
                <value>
                  <object type="org.exoplatform.services.organization.OrganizationConfig$Group">
                    <field  name="name"><string>press-and-media</string></field>
                    <field  name="parentId"><string>/organization/communication</string></field>
                    <field  name="description"><string>the /organization/communication/press-and-media group</string></field>
                    <field  name="label"><string>Press and Media</string></field>
                  </object>
                </value>
                <value>
                  <object type="org.exoplatform.services.organization.OrganizationConfig$Group">
                    <field  name="name"><string>operations</string></field>
                    <field  name="parentId"><string>/organization</string></field>
                    <field  name="description"><string>the /organization/operations and media group</string></field>
                    <field  name="label"><string>Operations</string></field>
                  </object>
                </value>
                <value>
                  <object type="org.exoplatform.services.organization.OrganizationConfig$Group">
                    <field  name="name"><string>sales</string></field>
                    <field  name="parentId"><string>/organization/operations</string></field>
                    <field  name="description"><string>the /organization/operations/sales group</string></field>
                    <field  name="label"><string>Sales</string></field>
                  </object>
                </value>
                <value>
                  <object type="org.exoplatform.services.organization.OrganizationConfig$Group">
                    <field  name="name"><string>finances</string></field>
                    <field  name="parentId"><string>/organization/operations</string></field>
                    <field  name="description"><string>the /organization/operations/finances group</string></field>
                    <field  name="label"><string>Finances</string></field>
                  </object>
                </value>
                <value>
                  <object type="org.exoplatform.services.organization.OrganizationConfig$Group">
                    <field  name="name"><string>customers</string></field>
                    <field  name="parentId"><string></string></field>
                    <field  name="description"><string>the /customers group</string></field>
                    <field  name="label"><string>Customers</string></field>
                  </object>
                </value>
                <value>
                  <object type="org.exoplatform.services.organization.OrganizationConfig$Group">
                    <field  name="name"><string>partners</string></field>
                    <field  name="parentId"><string></string></field>
                    <field  name="description"><string>the /partners group</string></field>
                    <field  name="label"><string>Partners</string></field>
                  </object>
                </value>
              </collection>
            </field>

            <field  name="user">
              <collection type="java.util.ArrayList">
                <value>
                  <object type="org.exoplatform.services.organization.OrganizationConfig$User">
                    <field  name="userName"><string>root</string></field>
                    <field  name="password"><string>exo</string></field>
                    <field  name="firstName"><string>Root</string></field>
                    <field  name="lastName"><string>Root</string></field>
                    <field  name="email"><string>root@localhost</string></field>
                    <field  name="displayName"><string>Root</string></field>
                    <field  name="groups">
                      <string>
                      	manager:/platform/administrators,member:/platform/users,
                      	member:/organization/management/executive-board
                      </string>
                    </field>
                  </object>
                </value>
                
                <value>
                  <object type="org.exoplatform.services.organization.OrganizationConfig$User">
                    <field  name="userName"><string>john</string></field>
                    <field  name="password"><string>exo</string></field>
                    <field  name="firstName"><string>John</string></field>
                    <field  name="lastName"><string>Anthony</string></field>
                    <field  name="email"><string>john@localhost</string></field>
                    <field  name="displayName"><string>John</string></field>
                    <field  name="groups">
                      <string>
                      	member:/platform/administrators,member:/platform/users,
                      	manager:/organization/management/executive-board
                      </string>
                    </field>
                  </object>
                </value>                                                        
                <value>
                  <object type="org.exoplatform.services.organization.OrganizationConfig$User">
                    <field  name="userName"><string>marry</string></field>
                    <field  name="password"><string>exo</string></field>
                    <field  name="firstName"><string>Marry</string></field>
                    <field  name="lastName"><string>Kelly</string></field>
                    <field  name="email"><string>marry@localhost</string></field>
                    <field  name="displayName"><string>Marry</string></field>
                    <field  name="groups">
                      <string>member:/platform/users</string>
                    </field>
                  </object>
                </value>
                <value>
                  <object type="org.exoplatform.services.organization.OrganizationConfig$User">
                    <field  name="userName"><string>demo</string></field>
                    <field  name="password"><string>exo</string></field>
                    <field  name="firstName"><string>Demo</string></field>
                    <field  name="lastName"><string>exo</string></field>
                    <field  name="email"><string>demo@localhost</string></field>
                    <field  name="displayName"><string>Demo</string></field>
                    <field  name="groups">
                      <string>member:/platform/guests,member:/platform/users</string>
                    </field>
                  </object>
                </value>                       
              </collection>
            </field>
          </object>
        </object-param>
      </init-params>
    </component-plugin>
  </external-component-plugins>

  <external-component-plugins>
    <target-component>org.exoplatform.services.organization.OrganizationService</target-component>
     <component-plugin>
        <name>tester.membership.type.listener</name>
        <set-method>addListenerPlugin</set-method>
        <type>org.exoplatform.services.organization.MembershipTypeEventListener</type>
        <description>Membership type listerner for testing purpose</description>
     </component-plugin>
  </external-component-plugins>

    <!-- Bind datasource -->
  <external-component-plugins>
    <target-component>org.exoplatform.services.naming.InitialContextInitializer</target-component>
    <component-plugin>
      <name>bind.datasource</name>
      <set-method>addPlugin</set-method>
      <type>org.exoplatform.services.naming.BindReferencePlugin</type>
      <init-params>
        <value-param>
          <name>bind-name</name>
          <value>java:/comp/env/exo-jpa_portal</value>
        </value-param>
        <value-param>
          <name>class-name</name>
          <value>javax.sql.DataSource</value>
        </value-param>
        <value-param>
          <name>factory</name>
          <value>org.apache.commons.dbcp.BasicDataSourceFactory</value>
        </value-param>
        <properties-param>
          <name>ref-addresses</name>
          <description>ref-addresses</description>
          <property name="driverClassName" value="org.hsqldb.jdbcDriver" />
          <property name="url" value="jdbc:hsqldb:mem:db1" />
          <property name="username" value="sa" />
          <property name="password" value="" />
        </properties-param>
      </init-params>
    </component-plugin>
  </external-component-plugins>

  <external-component-plugins>
    <target-component>org.exoplatform.services.naming.InitialContextInitializer</target-component>
    <component-plugin>
      <name>bind.datasource</name>
      <set-method>addPlugin</set-method>
      <type>org.exoplatform.services.naming.BindReferencePlugin</type>
      <init-params>
        <value-param>
          <name>bind-name</name>
          <value>jdbcjcr</value>
        </value-param>
        <value-param>
          <name>class-name</name>
          <value>javax.sql.DataSource</value>
        </value-param>
        <value-param>
          <name>factory</name>
          <value>org.apache.commons.dbcp.BasicDataSourceFactory</value>
        </value-param>
        <properties-param>
          <name>ref-addresses</name>
          <description>ref-addresses</description>
          <property name="driverClassName" value="org.hsqldb.jdbcDriver"/>
          <property name="url" value="jdbc:hsqldb:file:target/temp/data/portal"/>
          <property name="username" value="sa"/>
          <property name="password" value=""/>
        </properties-param>
      </init-params>
    </component-plugin>
    <component-plugin>
      <name>bind.datasource</name>
      <set-method>addPlugin</set-method>
      <type>org.exoplatform.services.naming.BindReferencePlugin</type>
      <init-params>
        <value-param>
          <name>bind-name</name>
          <value>jdbcjcr2</value>
        </value-param>
        <value-param>
          <name>class-name</name>
          <value>javax.sql.DataSource</value>
        </value-param>
        <value-param>
          <name>factory</name>
          <value>org.apache.commons.dbcp.BasicDataSourceFactory</value>
        </value-param>
        <properties-param>
          <name>ref-addresses</name>
          <description>ref-addresses</description>
          <property name="driverClassName" value="org.hsqldb.jdbcDriver"/>
          <property name="url" value="jdbc:hsqldb:file:target/temp/data/jcr"/>
          <property name="username" value="sa"/>
          <property name="password" value=""/>
        </properties-param>
      </init-params>
    </component-plugin>
  </external-component-plugins>

  <external-component-plugins>
    <target-component>org.exoplatform.commons.api.persistence.DataInitializer</target-component>
    <component-plugin>
      <name>CommonsChangeLogsPlugin</name>
      <set-method>addChangeLogsPlugin</set-method>
      <type>org.exoplatform.commons.persistence.impl.ChangeLogsPlugin</type>
      <init-params>
        <values-param>
          <name>changelogs</name>
          <description>Change logs of commons</description>
          <value>db/changelog/jcr-index.db.changelog-1.0.0.xml</value>
        </values-param>
      </init-params>
    </component-plugin>
  </external-component-plugins>

  <import>jar:/conf/configuration.xml</import>
  <import>jar:/conf/exo.portal.component.identity-configuration.xml</import>

</configuration>
