<?xml version="1.0" encoding="ISO-8859-1"?>
<!--

    Copyright (C) 2009 eXo Platform SAS.

    This is free software; you can redistribute it and/or modify it
    under the terms of the GNU Lesser General Public License as
    published by the Free Software Foundation; either version 2.1 of
    the License, or (at your option) any later version.

    This software is distributed in the hope that it will be useful,
    but WITHOUT ANY WARRANTY; without even the implied warranty of
    MERCHANTABILITY or FITNESS FOR A PARTICULAR PURPOSE. See the GNU
    Lesser General Public License for more details.

    You should have received a copy of the GNU Lesser General Public
    License along with this software; if not, write to the Free
    Software Foundation, Inc., 51 Franklin St, Fifth Floor, Boston, MA
    02110-1301 USA, or see the FSF site: http://www.fsf.org.

-->
<configuration xmlns:xsi="http://www.w3.org/2001/XMLSchema-instance" xsi:schemaLocation="http://www.exoplatform.org/xml/ns/kernel_1_2.xsd http://www.exoplatform.org/xml/ns/kernel_1_2.xsd"
   xmlns="http://www.exoplatform.org/xml/ns/kernel_1_2.xsd">

   <component>
      <key>org.exoplatform.services.log.LogConfigurationInitializer</key>
      <type>org.exoplatform.services.log.LogConfigurationInitializer</type>
      <init-params>
         <value-param>
            <name>logger</name>
            <value>org.exoplatform.services.log.impl.BufferedLog4JLogger</value>
         </value-param>
         <value-param>
            <name>configurator</name>
            <value>org.exoplatform.services.log.impl.SimpleExoLogConfigurator</value>
         </value-param>
      </init-params>
   </component>

   <component>
      <key>org.exoplatform.services.jcr.RepositoryService</key>
      <type>org.exoplatform.services.jcr.impl.RepositoryServiceImpl</type>
      <component-plugins>
         <component-plugin>
            <name>add.namespaces</name>
            <set-method>addPlugin</set-method>
            <type>org.exoplatform.services.jcr.impl.AddNamespacesPlugin</type>
            <init-params>
               <properties-param>
                  <name>namespaces</name>
                  <property name="dc" value="http://purl.org/dc/elements/1.1/"/>
               </properties-param>
            </init-params>
         </component-plugin>
         <component-plugin>
            <name>add.nodeType</name>
            <set-method>addPlugin</set-method>
            <type>org.exoplatform.services.jcr.impl.AddNodeTypePlugin</type>
            <init-params>
               <values-param>
                  <name>autoCreatedInNewRepository</name>
                  <description>Node types configuration file</description>
                  <value>jar:/conf/ext-nodetypes-config.xml</value>
               </values-param>
            </init-params>
         </component-plugin>
      </component-plugins>
   </component>

  <component>
    <key>org.exoplatform.services.jcr.config.SystemParametersPersistenceConfigurator</key>
    <type>org.exoplatform.services.jcr.config.SystemParametersPersistenceConfigurator</type>
    <init-params>
      <value-param>
        <name>file-path</name>
        <value>target/temp</value>
      </value-param>
    </init-params>
  </component>


   <component>
      <key>org.exoplatform.services.jcr.config.RepositoryServiceConfiguration</key>
      <type>org.exoplatform.services.jcr.impl.config.RepositoryServiceConfigurationImpl</type>
      <init-params>
         <value-param>
            <name>conf-path</name>
            <description>JCR configuration file</description>
            <value>jar:/conf/standalone/test-jcr-ext-config-backup.xml</value>
         </value-param>
         <properties-param>
            <name>working-conf</name>
            <description>working-conf</description>
            <property name="persister-class-name" value="org.exoplatform.services.jcr.impl.config.JDBCConfigurationPersister" />
            <property name="source-name" value="jdbcjcr" />
         </properties-param>
      </init-params>
   </component>

   <component>
    <type>org.exoplatform.services.jcr.ext.repository.RestRepositoryService</type>
  </component>

   <component>
      <key>org.exoplatform.services.jcr.impl.quota.QuotaManager</key>
      <type>org.exoplatform.services.jcr.impl.quota.infinispan.ISPNQuotaManagerImpl</type>
      <init-params>
         <value-param>
            <name>exceeded-quota-behaviour</name>
            <value>warning</value>
         </value-param>
         <properties-param>
            <name>cache-configuration</name>
            <description>infinispan-configuration</description>
            <property name="infinispan-cl-cache.jdbc.datasource" value="jdbcjcr" />
            <property name="infinispan-configuration" value="conf/standalone/test-infinispan-quota.xml" />
         </properties-param>
      </init-params>
   </component>

   <!--  backup -->
   <component>
      <key>org.exoplatform.services.jcr.ext.backup.BackupManager</key>
      <type>org.exoplatform.services.jcr.ext.backup.impl.BackupManagerImpl</type>
      <init-params>
         <properties-param>
            <name>backup-properties</name>
            <property name="default-incremental-job-period" value="3600" />
            <property name="full-backup-type" value="org.exoplatform.services.jcr.ext.backup.impl.fs.FullBackupJob" />
            <property name="incremental-backup-type" value="org.exoplatform.services.jcr.ext.backup.impl.fs.IncrementalBackupJob" />
            <property name="backup-dir" value="target/backup" />
         </properties-param>
      </init-params>
   </component>

   <!-- HTTPBackupAgent -->
   <component>
      <type>org.exoplatform.services.jcr.ext.backup.server.HTTPBackupAgent</type>
   </component>

   <component>
      <type>org.exoplatform.services.jcr.ext.app.ThreadLocalSessionProviderService</type>
   </component>

   <component>
      <key>org.exoplatform.services.security.Authenticator</key>
      <type>org.exoplatform.services.organization.auth.OrganizationAuthenticatorImpl</type>
   </component>

   <component>
      <type>org.exoplatform.services.jcr.ext.resource.NodeRepresentationService</type>
   </component>

   <component>
      <type>org.exoplatform.services.jcr.ext.resource.XMLViewNodeRepresentationRenderer</type>
   </component>

   <component>
      <type>org.exoplatform.services.jcr.ext.resource.jcr.Handler</type>
   </component>

   <component>
      <type>org.exoplatform.services.organization.impl.mock.DummyOrganizationService</type>
   </component>

   <component>
      <key>org.exoplatform.services.security.Authenticator</key>
      <type>org.exoplatform.services.organization.auth.OrganizationAuthenticatorImpl</type>
   </component>

   <component>
      <key>org.exoplatform.services.jcr.ext.distribution.DataDistributionManager</key>
      <type>org.exoplatform.services.jcr.ext.distribution.impl.DataDistributionManagerImpl</type>     
   </component>

   <component>
      <key>org.exoplatform.services.jcr.ext.hierarchy.NodeHierarchyCreator</key>
      <type>org.exoplatform.services.jcr.ext.hierarchy.impl.NodeHierarchyCreatorImpl</type>
      <init-params>
         <value-param>
            <name>auto-migrate</name>
            <value>false</value>
         </value-param>
      </init-params>
   </component>

   <external-component-plugins>
      <target-component>org.exoplatform.services.naming.InitialContextInitializer</target-component>
      <component-plugin>
         <name>bind.datasource</name>
         <set-method>addPlugin</set-method>
         <type>org.exoplatform.services.naming.BindReferencePlugin</type>
         <init-params>
            <value-param>
               <name>bind-name</name>
               <value>jdbcjcr</value>
            </value-param>
            <value-param>
               <name>class-name</name>
               <value>javax.sql.DataSource</value>
            </value-param>
            <value-param>
               <name>factory</name>
               <value>org.apache.commons.dbcp.BasicDataSourceFactory</value>
            </value-param>
            <properties-param>
               <name>ref-addresses</name>
               <description>ref-addresses</description>
               <property name="driverClassName" value="${all.driverClassName:org.hsqldb.jdbcDriver}"/>
               <property name="url" value="${jdbcjcr.url:jdbc:hsqldb:file:target/temp/data/db1;hsqldb.tx=mvcc}"/>
               <property name="username" value="${jdbcjcr.username:sa}"/>
               <property name="password" value="${jdbcjcr.password:}"/>
               <property name="maxActive" value="5" />
            </properties-param>
         </init-params>
      </component-plugin>
      <component-plugin>
         <name>bind.datasource</name>
         <set-method>addPlugin</set-method>
         <type>org.exoplatform.services.naming.BindReferencePlugin</type>
         <init-params>
            <value-param>
               <name>bind-name</name>
               <value>jdbcjcr2</value>
            </value-param>
            <value-param>
               <name>class-name</name>
               <value>javax.sql.DataSource</value>
            </value-param>
            <value-param>
               <name>factory</name>
               <value>org.apache.commons.dbcp.BasicDataSourceFactory</value>
            </value-param>
            <properties-param>
               <name>ref-addresses</name>
               <description>ref-addresses</description>
               <property name="driverClassName" value="${all.driverClassName:org.hsqldb.jdbcDriver}"/>
               <property name="url" value="${jdbcjcr2.url:jdbc:hsqldb:file:target/temp/data/db2;hsqldb.tx=mvcc}"/>
               <property name="username" value="${jdbcjcr2.username:sa}"/>
               <property name="password" value="${jdbcjcr2.password:}"/>
               <property name="maxActive" value="5" />
            </properties-param>
         </init-params>
      </component-plugin>
      <component-plugin>
         <name>bind.datasource</name>
         <set-method>addPlugin</set-method>
         <type>org.exoplatform.services.naming.BindReferencePlugin</type>
         <init-params>
            <value-param>
               <name>bind-name</name>
               <value>jdbcjcr3</value>
            </value-param>
            <value-param>
               <name>class-name</name>
               <value>javax.sql.DataSource</value>
            </value-param>
            <value-param>
               <name>factory</name>
               <value>org.apache.commons.dbcp.BasicDataSourceFactory</value>
            </value-param>
            <properties-param>
               <name>ref-addresses</name>
               <description>ref-addresses</description>
               <property name="driverClassName" value="${all.driverClassName:org.hsqldb.jdbcDriver}"/>
               <property name="url" value="${jdbcjcr3.url:jdbc:hsqldb:file:target/temp/data/db3;hsqldb.tx=mvcc}"/>
               <property name="username" value="${jdbcjcr3.username:sa}"/>
               <property name="password" value="${jdbcjcr3.password:}"/>
               <property name="maxActive" value="5" />
            </properties-param>
         </init-params>
      </component-plugin>
      <component-plugin>
         <name>bind.datasource</name>
         <set-method>addPlugin</set-method>
         <type>org.exoplatform.services.naming.BindReferencePlugin</type>
         <init-params>
            <value-param>
               <name>bind-name</name>
               <value>jdbcjcr4</value>
            </value-param>
            <value-param>
               <name>class-name</name>
               <value>javax.sql.DataSource</value>
            </value-param>
            <value-param>
               <name>factory</name>
               <value>org.apache.commons.dbcp.BasicDataSourceFactory</value>
            </value-param>
            <properties-param>
               <name>ref-addresses</name>
               <description>ref-addresses</description>
               <property name="driverClassName" value="${all.driverClassName:org.hsqldb.jdbcDriver}"/>
               <property name="url" value="${jdbcjcr4.url:jdbc:hsqldb:file:target/temp/data/db4;hsqldb.tx=mvcc}"/>
               <property name="username" value="${jdbcjcr4.username:sa}"/>
               <property name="password" value="${jdbcjcr4.password:}"/>
               <property name="maxActive" value="5" />
            </properties-param>
         </init-params>
      </component-plugin>
   </external-component-plugins> 
</configuration>
