<?xml version="1.0" encoding="ISO-8859-1"?>
<!--

    Copyright (C) 2009 eXo Platform SAS.

    This is free software; you can redistribute it and/or modify it
    under the terms of the GNU Lesser General Public License as
    published by the Free Software Foundation; either version 2.1 of
    the License, or (at your option) any later version.

    This software is distributed in the hope that it will be useful,
    but WITHOUT ANY WARRANTY; without even the implied warranty of
    MERCHANTABILITY or FITNESS FOR A PARTICULAR PURPOSE. See the GNU
    Lesser General Public License for more details.

    You should have received a copy of the GNU Lesser General Public
    License along with this software; if not, write to the Free
    Software Foundation, Inc., 51 Franklin St, Fifth Floor, Boston, MA
    02110-1301 USA, or see the FSF site: http://www.fsf.org.

-->
<configuration xmlns:xsi="http://www.w3.org/2001/XMLSchema-instance" xsi:schemaLocation="http://www.exoplatform.org/xml/ns/kernel_1_2.xsd http://www.exoplatform.org/xml/ns/kernel_1_2.xsd"
   xmlns="http://www.exoplatform.org/xml/ns/kernel_1_2.xsd">

   <component>
      <key>org.exoplatform.services.log.LogConfigurationInitializer</key>
      <type>org.exoplatform.services.log.LogConfigurationInitializer</type>
      <init-params>
         <value-param>
            <name>logger</name>
            <value>org.exoplatform.services.log.impl.BufferedLog4JLogger</value>
         </value-param>
         <value-param>
            <name>configurator</name>
            <value>org.exoplatform.services.log.impl.SimpleExoLogConfigurator</value>
         </value-param>
      </init-params>
   </component>

   <component>
      <key>org.exoplatform.services.jcr.RepositoryService</key>
      <type>org.exoplatform.services.jcr.impl.RepositoryServiceImpl</type>
      <component-plugins>
         <!-- component-plugin> <name>register.listener</name> <set-method>addPlugin</set-method> <type>org.exoplatform.services.jcr.impl.RepositoryChangesListenerRegisterPlugin</type> 
            <init-params> <value-param> <name>repository-name</name> <value>db1</value> </value-param> <value-param> <name>workspaces</name> <value>ws,ws3,ws4,ws5</value> </value-param> 
            <value-param> <name>component-class-name</name> <value>org.exoplatform.services.jcr.ext.replication.async.AsyncStartChangesListener</value> </value-param> </init-params> 
            </component-plugin -->
         <component-plugin>
            <name>add.namespaces</name>
            <set-method>addPlugin</set-method>
            <type>org.exoplatform.services.jcr.impl.AddNamespacesPlugin</type>
            <init-params>
               <properties-param>
                  <name>namespaces</name>
                  <property name="dc" value="http://purl.org/dc/elements/1.1/" />
               </properties-param>
            </init-params>
         </component-plugin>
         <component-plugin>
            <name>add.nodeType</name>
            <set-method>addPlugin</set-method>
            <type>org.exoplatform.services.jcr.impl.AddNodeTypePlugin</type>
            <init-params>
               <values-param>
                  <name>autoCreatedInNewRepository</name>
                  <description>Node types configuration file</description>
                  <value>jar:/conf/ext-nodetypes-config.xml</value>
                  <value>jar:/conf/test/nodetypes-ext-test.xml</value>
               </values-param>
            </init-params>
         </component-plugin>
      </component-plugins>
   </component>

   <component>
      <key>org.exoplatform.services.jcr.config.RepositoryServiceConfiguration</key>
      <type>org.exoplatform.services.jcr.impl.config.RepositoryServiceConfigurationImpl</type>
      <init-params>
         <value-param>
            <name>conf-path</name>
            <description>JCR configuration file</description>
            <value>jar:/conf/standalone/test-jcr-ext-config.xml</value>
         </value-param>
         <properties-param>
            <name>working-conf</name>
            <description>working-conf</description>
            <property name="persister-class-name" value="org.exoplatform.services.jcr.impl.config.JDBCConfigurationPersister" />
            <property name="source-name" value="jdbcjcr" />
         </properties-param>
      </init-params>
   </component>

   <component>
      <type>org.exoplatform.services.jcr.ext.repository.RestRepositoryService</type>
   </component>

   <component>
      <key>org.exoplatform.services.jcr.impl.quota.QuotaManager</key>
      <type>org.exoplatform.services.jcr.impl.quota.infinispan.ISPNQuotaManagerImpl</type>
      <init-params>
         <value-param>
            <name>exceeded-quota-behaviour</name>
            <value>warning</value>
         </value-param>
         <properties-param>
            <name>cache-configuration</name>
            <description>infinispan-configuration</description>
            <property name="infinispan-cl-cache.jdbc.datasource" value="jdbcjcr" />
            <property name="infinispan-configuration" value="conf/standalone/test-infinispan-quota.xml" />
         </properties-param>
      </init-params>
   </component>

   <!-- backup -->
   <component>
      <key>org.exoplatform.services.jcr.ext.backup.BackupManager</key>
      <type>org.exoplatform.services.jcr.ext.backup.impl.BackupManagerImpl</type>
      <init-params>
         <properties-param>
            <name>backup-properties</name>
            <property name="default-incremental-job-period" value="3600" />
            <property name="full-backup-type" value="org.exoplatform.services.jcr.ext.backup.impl.fs.FullBackupJob" />
            <property name="incremental-backup-type" value="org.exoplatform.services.jcr.ext.backup.impl.fs.IncrementalBackupJob" />
            <property name="backup-dir" value="target/backup" />
         </properties-param>
      </init-params>
   </component>

   <!-- REST -->
   <component>
      <type>org.exoplatform.services.jcr.ext.registry.RESTRegistryService</type>
   </component>

   <!-- HTTPBackupAgent -->
   <component>
      <type>org.exoplatform.services.jcr.ext.backup.server.HTTPBackupAgent</type>
   </component>

   <component>
      <type>org.exoplatform.services.jcr.ext.app.ThreadLocalSessionProviderService</type>
   </component>

   <component>
      <type>org.exoplatform.services.jcr.ext.registry.RegistryService</type>
      <component-plugins>
         <component-plugin>
            <name>appConfig</name>
            <set-method>addPlugin</set-method>
            <type>org.exoplatform.services.jcr.ext.registry.RegistryInitializationEntryPlugin</type>
            <init-params>
               <value-param>
                  <name>GroovyEditor</name>
                  <value>
              <![CDATA[<GroovyEditor><context>portal/rest</context><repository>repository</repository><workspace>collaboration</workspace></GroovyEditor>]]>
                  </value>
               </value-param>
            </init-params>
         </component-plugin>
      </component-plugins>
      <init-params>
         <values-param>
            <name>mixin-names</name>
            <value>exo:testFirstHideable</value>
            <value>exo:testSecondHideable</value>
         </values-param>
         <properties-param>
            <name>locations</name>
            <property name="db1" value="ws2" />
         </properties-param>
      </init-params>
   </component>

   <component>
      <key>org.exoplatform.services.security.Authenticator</key>
      <type>org.exoplatform.services.organization.auth.OrganizationAuthenticatorImpl</type>
   </component>

   <component>
      <type>org.exoplatform.services.jcr.ext.resource.NodeRepresentationService</type>
   </component>

   <component>
      <type>org.exoplatform.services.jcr.ext.resource.XMLViewNodeRepresentationRenderer</type>
   </component>

   <component>
      <type>org.exoplatform.services.jcr.ext.resource.jcr.Handler</type>
   </component>

   <component>
      <type>org.exoplatform.services.jcr.ext.script.groovy.GroovyScript2RestLoader</type>
      <init-params>
         <object-param>
            <name>observation.config</name>
            <object type="org.exoplatform.services.jcr.ext.script.groovy.ObservationListenerConfiguration">
               <field name="repository">
                  <string>db1</string>
               </field>
               <field name="workspaces">
                  <collection type="java.util.ArrayList">
                     <value>
                        <string>ws</string>
                     </value>
                  </collection>
               </field>
            </object>
         </object-param>
      </init-params>
   </component>
   <component>
      <key>org.infinispan.transaction.lookup.TransactionManagerLookup</key>
      <type>org.exoplatform.services.transaction.infinispan.JBossStandaloneJTAManagerLookup</type>
   </component>

   <component>
      <key>org.exoplatform.services.transaction.TransactionService</key>
      <type>org.exoplatform.services.transaction.infinispan.JBossTransactionsService</type>
      <init-params>
         <value-param>
            <name>timeout</name>
            <value>3000</value>
         </value-param>
      </init-params>
   </component>
   <component>
      <type>org.exoplatform.services.organization.impl.mock.DummyOrganizationService</type>
   </component>

   <component>
      <key>org.exoplatform.services.security.Authenticator</key>
      <type>org.exoplatform.services.organization.auth.OrganizationAuthenticatorImpl</type>
   </component>

   <component>
      <type>org.exoplatform.services.jcr.impl.ext.action.SessionActionCatalog</type>
   </component>

   <component>
      <key>org.exoplatform.services.database.creator.DBCreator</key>
      <type>org.exoplatform.services.database.creator.DBCreator</type>
      <init-params>
         <properties-param>
            <name>db-connection</name>
            <description>database connection properties</description>
            <property name="driverClassName" value="org.hsqldb.jdbcDriver" />
            <property name="url" value="jdbc:hsqldb:file:target/temp/data/" />
            <property name="username" value="sa" />
            <property name="password" value="" />
         </properties-param>
         <properties-param>
            <name>db-creation</name>
            <description>database creation properties</description>
            <property name="scriptPath" value="src/test/resources/test.sql" />
            <property name="username" value="sa" />
            <property name="password" value="" />
         </properties-param>
      </init-params>
   </component>

   <!--component> <key>org.exoplatform.services.rpc.RPCService</key> <type>org.exoplatform.services.rpc.impl.RPCServiceImpl</type> <init-params> <value-param> <name>jgroups-configuration</name> 
      <value>jar:/conf/standalone/udp-mux.xml</value> </value-param> <value-param> <name>jgroups-cluster-name</name> <value>RPCService-Cluster</value> </value-param> <value-param> 
      <name>jgroups-default-timeout</name> <value>0</value> </value-param> </init-params> </component -->

   <component>
      <key>org.exoplatform.services.jcr.ext.repository.creation.RepositoryCreationService</key>
      <type>org.exoplatform.services.jcr.ext.repository.creation.RepositoryCreationServiceImpl</type>
      <!--init-params> <value-param> <name>factory-class-name</name> <value>org.apache.commons.dbcp.BasicDataSourceFactory</value> </value-param> </init-params -->
   </component>

   <component>
      <key>org.exoplatform.services.jcr.ext.distribution.DataDistributionManager</key>
      <type>org.exoplatform.services.jcr.ext.distribution.impl.DataDistributionManagerImpl</type>
   </component>

   <component>
      <type>org.exoplatform.services.jcr.impl.ext.action.SessionActionCatalog</type>
      <component-plugins>
         <component-plugin>
            <name>addActions</name>
            <set-method>addPlugin</set-method>
            <type>org.exoplatform.services.jcr.impl.ext.action.AddActionsPlugin</type>
            <description>add actions plugin</description>
            <init-params>
               <object-param>
                  <name>actions</name>
                  <object type="org.exoplatform.services.jcr.impl.ext.action.AddActionsPlugin$ActionsConfig">
                     <field name="actions">
                        <collection type="java.util.ArrayList">
                           <value>
                              <object type="org.exoplatform.services.jcr.impl.ext.action.ActionConfiguration">
                                 <field name="eventTypes">
                                    <string>addProperty,changeProperty</string>
                                 </field>
                                 <field name="path">
                                    <string>/MetaDataActionTest/testAddContent</string>
                                 </field>
                                 <field name="isDeep">
                                    <boolean>true</boolean>
                                 </field>
                                 <field name="nodeTypes">
                                    <string>nt:resource</string>
                                 </field>
                                 <field name="actionClassName">
                                    <string>org.exoplatform.services.jcr.ext.metadata.AddMetadataAction</string>
                                 </field>
                              </object>
                           </value>
                           <value>
                              <object type="org.exoplatform.services.jcr.impl.ext.action.ActionConfiguration">
                                 <field name="eventTypes">
                                    <string>addProperty,changeProperty</string>
                                 </field>
                                 <field name="path">
                                    <string>/MetaDataActionTest/testAddContent2</string>
                                 </field>
                                 <field name="isDeep">
                                    <boolean>true</boolean>
                                 </field>
                                 <field name="nodeTypes">
                                    <string>nt:resource</string>
                                 </field>
                                 <field name="actionClassName">
                                    <string>org.exoplatform.services.jcr.ext.metadata.AddMetadataAction</string>
                                 </field>
                              </object>
                           </value>
                           <value>
                              <object type="org.exoplatform.services.jcr.impl.ext.action.ActionConfiguration">
                                 <field name="eventTypes">
                                    <string>addNode</string>
                                 </field>
                                 <field name="path">
                                    <string>/MetaDataActionTest/testSetMetaData</string>
                                 </field>
                                 <field name="isDeep">
                                    <boolean>false</boolean>
                                 </field>
                                 <field name="actionClassName">
                                    <string>org.exoplatform.services.jcr.ext.metadata.SetDCMetadataAction</string>
                                 </field>
                              </object>
                           </value>
                           <value>
                              <object type="org.exoplatform.services.jcr.impl.ext.action.ActionConfiguration">
                                 <field name="eventTypes">
                                    <string>addNode</string>
                                 </field>
                                 <field name="path">
                                    <string>/test</string>
                                 </field>
                                 <field name="isDeep">
                                    <boolean>true</boolean>
                                 </field>
                                 <field name="actionClassName">
                                    <string>org.exoplatform.services.jcr.ext.action.AddOwneableAction</string>
                                 </field>
                              </object>
                           </value>
                           <value>
                              <object type="org.exoplatform.services.jcr.impl.ext.action.ActionConfiguration">
                                 <field name="eventTypes">
                                    <string>addNode</string>
                                 </field>
                                 <field name="path">
                                    <string>/testPath</string>
                                 </field>
                                 <field name="isDeep">
                                    <boolean>false</boolean>
                                 </field>
                                 <field name="action">
                                    <object type="org.exoplatform.services.jcr.ext.backup.usecase.SetPropertyAction">
                                       <field name="addPropertyName">
                                          <string>myProperty</string>
                                       </field>
                                       <field name="addPropertyValue">
                                          <string>myValue</string>
                                       </field>
                                    </object>
                                 </field>
                              </object>
                           </value>
                           <value>
                              <object type="org.exoplatform.services.jcr.impl.ext.action.ActionConfiguration">
                                 <field name="eventTypes">
                                    <string>addNode</string>
                                 </field>
                                 <field name="path">
                                    <string>/testpathexc</string>
                                 </field>
                                 <field name="isDeep">
                                    <boolean>false</boolean>
                                 </field>
                                 <field name="action">
                                    <object type="org.exoplatform.services.jcr.ext.actions.TestingAdvancedAction">
                                    </object>
                                 </field>
                              </object>
                           </value>
                        </collection>
                     </field>
                  </object>
               </object-param>
            </init-params>
         </component-plugin>
      </component-plugins>
   </component>
   <component>
      <key>org.exoplatform.services.jcr.ext.hierarchy.NodeHierarchyCreator</key>
      <type>org.exoplatform.services.jcr.ext.hierarchy.impl.NodeHierarchyCreatorImpl</type>
      <init-params>
         <value-param>
            <name>auto-migrate</name>
            <value>false</value>
         </value-param>
      </init-params>
   </component>
   <component>
      <type>org.exoplatform.services.jcr.ext.hierarchy.impl.NewUserListener</type>
   </component>
   <component>
      <type>org.exoplatform.services.jcr.ext.hierarchy.impl.NewGroupListener</type>
      <init-params>
         <object-param>
            <name>configuration></name>
            <description>description</description>
            <object type="org.exoplatform.services.jcr.ext.hierarchy.impl.HierarchyConfig">
               <field name="repository">
                  <string>db1</string>
               </field>
               <field name="workspaces">
                  <collection type="java.util.ArrayList">
                     <value>
                        <string>ws1</string>
                     </value>
                  </collection>
               </field>
               <field name="jcrPaths">
                  <collection type="java.util.ArrayList">
                     <value>
                        <object type="org.exoplatform.services.jcr.ext.hierarchy.impl.HierarchyConfig$JcrPath">
                           <field name="alias">
                              <string>groupApplicationData</string>
                           </field>
                           <field name="path">
                              <string>ApplicationData</string>
                           </field>
                           <field name="nodeType">
                              <string>nt:folder</string>
                           </field>
                           <field name="mixinTypes">
                              <collection type="java.util.ArrayList">
                                 <value>
                                    <string>mix:referenceable</string>
                                 </value>
                              </collection>
                           </field>
                           <field name="permissions">
                              <collection type="java.util.ArrayList">
                                 <value>
                                    <object type="org.exoplatform.services.jcr.ext.hierarchy.impl.HierarchyConfig$Permission">
                                       <field name="identity">
                                          <string>*:/platform/administrators</string>
                                       </field>
                                       <field name="read">
                                          <string>true</string>
                                       </field>
                                       <field name="addNode">
                                          <string>true</string>
                                       </field>
                                       <field name="setProperty">
                                          <string>true</string>
                                       </field>
                                       <field name="remove">
                                          <string>true</string>
                                       </field>
                                    </object>
                                 </value>
                              </collection>
                           </field>
                        </object>
                     </value>
                  </collection>
               </field>
            </object>
         </object-param>
      </init-params>
   </component>
   <external-component-plugins>
      <target-component>org.exoplatform.services.jcr.ext.script.groovy.GroovyScript2RestLoader</target-component>
      <component-plugin>
         <name>add groovy repo</name>
         <set-method>addPlugin</set-method>
         <type>org.exoplatform.services.jcr.ext.script.groovy.GroovyScriptAddRepoPlugin</type>
         <init-params>
            <properties-param>
               <name>repo1</name>
               <property name="repository" value="db1" />
               <property name="workspace" value="ws" />
               <property name="path" value="/repo" />
            </properties-param>
         </init-params>
      </component-plugin>
   </external-component-plugins>

   <external-component-plugins>
      <target-component>org.exoplatform.services.naming.InitialContextInitializer</target-component>
      <component-plugin>
         <name>bind.datasource</name>
         <set-method>addPlugin</set-method>
         <type>org.exoplatform.services.naming.BindReferencePlugin</type>
         <init-params>
            <value-param>
               <name>bind-name</name>
               <value>jdbcjcr</value>
            </value-param>
            <value-param>
               <name>class-name</name>
               <value>javax.sql.DataSource</value>
            </value-param>
            <value-param>
               <name>factory</name>
               <value>org.apache.commons.dbcp.BasicDataSourceFactory</value>
            </value-param>
            <properties-param>
               <name>ref-addresses</name>
               <description>ref-addresses</description>
               <property name="driverClassName" value="${all.driverClassName:org.hsqldb.jdbcDriver}"/>
               <property name="url" value="${jdbcjcr.url:jdbc:hsqldb:file:target/temp/data/db1;hsqldb.tx=mvcc}"/>
               <property name="username" value="${jdbcjcr.username:sa}"/>
               <property name="password" value="${jdbcjcr.password:}"/>
               <property name="maxActive" value="3" />
            </properties-param>
         </init-params>
      </component-plugin>
      <component-plugin>
         <name>bind.datasource</name>
         <set-method>addPlugin</set-method>
         <type>org.exoplatform.services.naming.BindReferencePlugin</type>
         <init-params>
            <value-param>
               <name>bind-name</name>
               <value>jdbcjcr2</value>
            </value-param>
            <value-param>
               <name>class-name</name>
               <value>javax.sql.DataSource</value>
            </value-param>
            <value-param>
               <name>factory</name>
               <value>org.apache.commons.dbcp.BasicDataSourceFactory</value>
            </value-param>
            <properties-param>
               <name>ref-addresses</name>
               <description>ref-addresses</description>
               <property name="driverClassName" value="${all.driverClassName:org.hsqldb.jdbcDriver}"/>
               <property name="url" value="${jdbcjcr2.url:jdbc:hsqldb:file:target/temp/data/db2;hsqldb.tx=mvcc}"/>
               <property name="username" value="${jdbcjcr2.username:sa}"/>
               <property name="password" value="${jdbcjcr2.password:}"/>
               <property name="maxActive" value="3" />
            </properties-param>
         </init-params>
      </component-plugin>
      <component-plugin>
         <name>bind.datasource</name>
         <set-method>addPlugin</set-method>
         <type>org.exoplatform.services.naming.BindReferencePlugin</type>
         <init-params>
            <value-param>
               <name>bind-name</name>
               <value>jdbcjcr3</value>
            </value-param>
            <value-param>
               <name>class-name</name>
               <value>javax.sql.DataSource</value>
            </value-param>
            <value-param>
               <name>factory</name>
               <value>org.apache.commons.dbcp.BasicDataSourceFactory</value>
            </value-param>
            <properties-param>
               <name>ref-addresses</name>
               <description>ref-addresses</description>
               <property name="driverClassName" value="${all.driverClassName:org.hsqldb.jdbcDriver}"/>
               <property name="url" value="${jdbcjcr3.url:jdbc:hsqldb:file:target/temp/data/db3;hsqldb.tx=mvcc}"/>
               <property name="username" value="${jdbcjcr3.username:sa}"/>
               <property name="password" value="${jdbcjcr3.password:}"/>
               <property name="maxActive" value="3" />
            </properties-param>
         </init-params>
      </component-plugin>
      <component-plugin>
         <name>bind.datasource</name>
         <set-method>addPlugin</set-method>
         <type>org.exoplatform.services.naming.BindReferencePlugin</type>
         <init-params>
            <value-param>
               <name>bind-name</name>
               <value>jdbcjcr4</value>
            </value-param>
            <value-param>
               <name>class-name</name>
               <value>javax.sql.DataSource</value>
            </value-param>
            <value-param>
               <name>factory</name>
               <value>org.apache.commons.dbcp.BasicDataSourceFactory</value>
            </value-param>
            <properties-param>
               <name>ref-addresses</name>
               <description>ref-addresses</description>
               <property name="driverClassName" value="${all.driverClassName:org.hsqldb.jdbcDriver}"/>
               <property name="url" value="${jdbcjcr4.url:jdbc:hsqldb:file:target/temp/data/db4;hsqldb.tx=mvcc}"/>
               <property name="username" value="${jdbcjcr4.username:sa}"/>
               <property name="password" value="${jdbcjcr4.password:}"/>
               <property name="maxActive" value="3" />
            </properties-param>
         </init-params>
      </component-plugin>
      <component-plugin>
         <name>bind.datasource</name>
         <set-method>addPlugin</set-method>
         <type>org.exoplatform.services.naming.BindReferencePlugin</type>
         <init-params>
            <value-param>
               <name>bind-name</name>
               <value>jdbcjcr5</value>
            </value-param>
            <value-param>
               <name>class-name</name>
               <value>javax.sql.DataSource</value>
            </value-param>
            <value-param>
               <name>factory</name>
               <value>org.apache.commons.dbcp.BasicDataSourceFactory</value>
            </value-param>
            <properties-param>
               <name>ref-addresses</name>
               <description>ref-addresses</description>
               <property name="driverClassName" value="${all.driverClassName:org.hsqldb.jdbcDriver}"/>
               <property name="url" value="${jdbcjcr5.url:jdbc:hsqldb:file:target/temp/data/db5;hsqldb.tx=mvcc}"/>
               <property name="username" value="${jdbcjcr5.username:sa}"/>
               <property name="password" value="${jdbcjcr5.password:}"/>
               <property name="maxActive" value="3" />
            </properties-param>
         </init-params>
      </component-plugin>
   </external-component-plugins>
   <external-component-plugins>
      <target-component>org.exoplatform.services.jcr.ext.hierarchy.NodeHierarchyCreator</target-component>
      <component-plugin>
         <name>addPaths</name>
         <set-method>addPlugin</set-method>
         <type>org.exoplatform.services.jcr.ext.hierarchy.impl.AddPathPlugin</type>
         <init-params>
            <object-param>
               <name>cms.configuration</name>
               <description>configuration for the cms path</description>
               <object type="org.exoplatform.services.jcr.ext.hierarchy.impl.HierarchyConfig">
                  <field name="repository">
                     <string>db1</string>
                  </field>
                  <field name="workspaces">
                     <collection type="java.util.ArrayList">
                        <value>
                           <string>ws1</string>
                        </value>
                     </collection>
                  </field>
                  <field name="jcrPaths">
                     <collection type="java.util.ArrayList">
                        <value>
                           <object type="org.exoplatform.services.jcr.ext.hierarchy.impl.HierarchyConfig$JcrPath">
                              <field name="alias">
                                 <string>eXoApplications</string>
                              </field>
                              <field name="path">
                                 <string>/exo:applications</string>
                              </field>
                              <field name="mixinTypes">
                                 <collection type="java.util.ArrayList">
                                    <value>
                                       <string>mix:referenceable</string>
                                    </value>
                                 </collection>
                              </field>
                           </object>
                        </value>
                        <value>
                           <object type="org.exoplatform.services.jcr.ext.hierarchy.impl.HierarchyConfig$JcrPath">
                              <field name="alias">
                                 <string>eXoServices</string>
                              </field>
                              <field name="path">
                                 <string>/exo:services</string>
                              </field>
                              <field name="nodeType">
                                 <string>nt:folder</string>
                              </field>
                           </object>
                        </value>
                        <value>
                           <object type="org.exoplatform.services.jcr.ext.hierarchy.impl.HierarchyConfig$JcrPath">
                              <field name="alias">
                                 <string>usersPath</string>
                              </field>
                              <field name="path">
                                 <string>/Users</string>
                              </field>
                              <field name="permissions">
                                 <collection type="java.util.ArrayList">
                                    <value>
                                       <object type="org.exoplatform.services.jcr.ext.hierarchy.impl.HierarchyConfig$Permission">
                                          <field name="identity">
                                             <string>*:/platform/administrators</string>
                                          </field>
                                          <field name="read">
                                             <string>true</string>
                                          </field>
                                          <field name="addNode">
                                             <string>true</string>
                                          </field>
                                          <field name="setProperty">
                                             <string>true</string>
                                          </field>
                                          <field name="remove">
                                             <string>true</string>
                                          </field>
                                       </object>
                                    </value>
                                 </collection>
                              </field>
                           </object>
                        </value>
                        <value>
                           <object type="org.exoplatform.services.jcr.ext.hierarchy.impl.HierarchyConfig$JcrPath">
                              <field name="alias">
                                 <string>groupsPath</string>
                              </field>
                              <field name="path">
                                 <string>/Groups/Path/Home</string>
                              </field>
                              <field name="nodeType">
                                 <string>nt:unstructured</string>
                              </field>
                              <field name="mixinTypes">
                                 <collection type="java.util.ArrayList">
                                    <value>
                                       <string>mix:referenceable</string>
                                    </value>
                                 </collection>
                              </field>
                              <field name="permissions">
                                 <collection type="java.util.ArrayList">
                                    <value>
                                       <object type="org.exoplatform.services.jcr.ext.hierarchy.impl.HierarchyConfig$Permission">
                                          <field name="identity">
                                             <string>*:/platform/administrators</string>
                                          </field>
                                          <field name="read">
                                             <string>true</string>
                                          </field>
                                          <field name="addNode">
                                             <string>true</string>
                                          </field>
                                          <field name="setProperty">
                                             <string>true</string>
                                          </field>
                                          <field name="remove">
                                             <string>true</string>
                                          </field>
                                       </object>
                                    </value>
                                 </collection>
                              </field>
                           </object>
                        </value>
                     </collection>
                  </field>
               </object>
            </object-param>
         </init-params>
      </component-plugin>
      <component-plugin>
         <name>user.paths.plugin</name>
         <set-method>addPlugin</set-method>
         <type>org.exoplatform.services.jcr.ext.hierarchy.impl.UserAddPathPlugin</type>
         <init-params>
            <object-param>
              <name>user.paths.configuration</name>
              <description>description</description>
              <object type="org.exoplatform.services.jcr.ext.hierarchy.impl.HierarchyConfig">
                 <field name="repository">
                    <string>db1</string>
                 </field>
                 <field name="workspaces">
                    <collection type="java.util.ArrayList">
                       <value>
                          <string>ws1</string>
                       </value>
                    </collection>
                 </field>
                 <field name="jcrPaths">
                    <collection type="java.util.ArrayList">
                       <value>
                          <object type="org.exoplatform.services.jcr.ext.hierarchy.impl.HierarchyConfig$JcrPath">
                             <field name="alias">
                                <string>userApplicationData</string>
                             </field>
                             <field name="path">
                                <string>ApplicationData</string>
                             </field>
                             <field name="nodeType">
                                <string>nt:folder</string>
                             </field>
                             <field name="mixinTypes">
                                <collection type="java.util.ArrayList">
                                   <value>
                                      <string>mix:referenceable</string>
                                   </value>
                                </collection>
                             </field>
                             <field name="permissions">
                                <collection type="java.util.ArrayList">
                                   <value>
                                      <object type="org.exoplatform.services.jcr.ext.hierarchy.impl.HierarchyConfig$Permission">
                                         <field name="identity">
                                            <string>*:/platform/administrators</string>
                                         </field>
                                         <field name="read">
                                            <string>true</string>
                                         </field>
                                         <field name="addNode">
                                            <string>true</string>
                                         </field>
                                         <field name="setProperty">
                                            <string>true</string>
                                         </field>
                                         <field name="remove">
                                            <string>true</string>
                                         </field>
                                      </object>
                                   </value>
                                </collection>
                             </field>
                          </object>
                       </value>
                    </collection>
                 </field>
              </object>
           </object-param>
         </init-params>
      </component-plugin>
    <component-plugin>
      <name>addUserPaths</name>
      <set-method>addPlugin</set-method>
      <type>org.exoplatform.services.jcr.ext.hierarchy.impl.UserAddPathPlugin</type>
      <init-params>
        <object-param>
          <name>user.paths</name>
          <description>User paths to create when initializing user home node</description>
          <object type="org.exoplatform.services.jcr.ext.hierarchy.impl.HierarchyConfig">
            <field name="repository">
              <string>db1</string>
            </field>
            <field name="workspaces">
              <collection type="java.util.ArrayList">
                 <value>
                    <string>ws1</string>
                 </value>
              </collection>
            </field>
            <field name="jcrPaths">
              <collection type="java.util.ArrayList">
                <value>
                  <object type="org.exoplatform.services.jcr.ext.hierarchy.impl.HierarchyConfig$JcrPath">
                    <field name="path">
                      <string>ApplicationData</string>
                    </field>
                    <field name="permissions">
                      <collection type="java.util.ArrayList">
                        <value>
                          <object type="org.exoplatform.services.jcr.ext.hierarchy.impl.HierarchyConfig$Permission">
                            <field name="read">
                              <string>true</string>
                            </field>
                            <field name="addNode">
                              <string>true</string>
                            </field>
                            <field name="identity">
                              <string>*:/platform/administrators</string>
                            </field>
                            <field name="setProperty">
                              <string>true</string>
                            </field>
                            <field name="remove">
                              <string>true</string>
                            </field>
                          </object>
                        </value>
                      </collection>
                    </field>
                    <field name="alias">
                      <string>userApplicationData</string>
                    </field>
                    <field name="nodeType">
                      <string>nt:unstructured</string>
                    </field>
                  </object>
                </value>
                <value>
                  <object type="org.exoplatform.services.jcr.ext.hierarchy.impl.HierarchyConfig$JcrPath">
                    <field name="path">
                      <string>Private</string>
                    </field>
                    <field name="permissions">
                      <collection type="java.util.ArrayList"/>
                    </field>
                    <field name="mixinTypes">
                      <collection type="java.util.ArrayList"/>
                    </field>
                    <field name="alias">
                      <string>userPrivate</string>
                    </field>
                    <field name="nodeType">
                      <string>nt:unstructured</string>
                    </field>
                  </object>
                </value>
                <value>
                  <object type="org.exoplatform.services.jcr.ext.hierarchy.impl.HierarchyConfig$JcrPath">
                    <field name="path">
                      <string>Private/Documents</string>
                    </field>
                    <field name="permissions">
                      <collection type="java.util.ArrayList"/>
                    </field>
                    <field name="alias">
                      <string>userPrivateDocuments</string>
                    </field>
                  </object>
                </value>
                <value>
                  <object type="org.exoplatform.services.jcr.ext.hierarchy.impl.HierarchyConfig$JcrPath">
                    <field name="path">
                      <string>Private/Videos</string>
                    </field>
                    <field name="permissions">
                      <collection type="java.util.ArrayList"/>
                    </field>
                    <field name="alias">
                      <string>userPrivateVideo</string>
                    </field>
                  </object>
                </value>
                <value>
                  <object type="org.exoplatform.services.jcr.ext.hierarchy.impl.HierarchyConfig$JcrPath">
                    <field name="path">
                      <string>Private/Music</string>
                    </field>
                    <field name="permissions">
                      <collection type="java.util.ArrayList"/>
                    </field>
                    <field name="alias">
                      <string>userPrivateAudio</string>
                    </field>
                  </object>
                </value>
                <value>
                  <object type="org.exoplatform.services.jcr.ext.hierarchy.impl.HierarchyConfig$JcrPath">
                    <field name="path">
                      <string>Private/Pictures</string>
                    </field>
                    <field name="permissions">
                      <collection type="java.util.ArrayList"/>
                    </field>
                    <field name="alias">
                      <string>userPrivatePicture</string>
                    </field>
                  </object>
                </value>
                <value>
                  <object type="org.exoplatform.services.jcr.ext.hierarchy.impl.HierarchyConfig$JcrPath">
                    <field name="path">
                      <string>Private/Searches</string>
                    </field>
                    <field name="permissions">
                      <collection type="java.util.ArrayList"/>
                    </field>
                    <field name="alias">
                      <string>userPrivateSearches</string>
                    </field>
                  </object>
                </value>
                <value>
                  <object type="org.exoplatform.services.jcr.ext.hierarchy.impl.HierarchyConfig$JcrPath">
                    <field name="path">
                      <string>Private/Favorites</string>
                    </field>
                    <field name="permissions">
                      <collection type="java.util.ArrayList"/>
                    </field>
                    <field name="alias">
                      <string>userPrivateFavorites</string>
                    </field>
                  </object>
                </value>
                <value>
                  <object type="org.exoplatform.services.jcr.ext.hierarchy.impl.HierarchyConfig$JcrPath">
                    <field name="path">
                      <string>Private/Folksonomy</string>
                    </field>
                    <field name="permissions">
                      <collection type="java.util.ArrayList"/>
                    </field>
                    <field name="alias">
                      <string>userPrivateFolksonomy</string>
                    </field>
                  </object>
                </value>
                <value>
                  <object type="org.exoplatform.services.jcr.ext.hierarchy.impl.HierarchyConfig$JcrPath">
                    <field name="path">
                      <string>Public</string>
                    </field>
                    <field name="permissions">
                      <collection type="java.util.ArrayList">
                        <value>
                          <object type="org.exoplatform.services.jcr.ext.hierarchy.impl.HierarchyConfig$Permission">
                            <field name="read">
                              <string>true</string>
                            </field>
                            <field name="addNode">
                              <string>false</string>
                            </field>
                            <field name="identity">
                              <string>any</string>
                            </field>
                            <field name="setProperty">
                              <string>false</string>
                            </field>
                            <field name="remove">
                              <string>false</string>
                            </field>
                          </object>
                        </value>
                      </collection>
                    </field>
                    <field name="mixinTypes">
                      <collection type="java.util.ArrayList"/>
                    </field>
                    <field name="alias">
                      <string>userPublic</string>
                    </field>
                    <field name="nodeType">
                      <string>nt:unstructured</string>
                    </field>
                  </object>
                </value>
              </collection>
            </field>
            <field name="jcrLinks">
              <collection type="java.util.ArrayList">
                <value>
                  <object type="org.exoplatform.services.jcr.ext.hierarchy.impl.HierarchyConfig$JcrLink">                 
                    <field name="sourcePath"><string>Public</string></field>
                    <field name="targetPath"><string>Private/Public</string></field>
                  </object>
                </value>
             </collection>
            </field>
          </object>
        </object-param>
      </init-params>
    </component-plugin>
   </external-component-plugins>
</configuration>
