<?xml version="1.0" encoding="ISO-8859-1"?>
<!--

    Copyright (C) 2009 eXo Platform SAS.

    This is free software; you can redistribute it and/or modify it
    under the terms of the GNU Lesser General Public License as
    published by the Free Software Foundation; either version 2.1 of
    the License, or (at your option) any later version.

    This software is distributed in the hope that it will be useful,
    but WITHOUT ANY WARRANTY; without even the implied warranty of
    MERCHANTABILITY or FITNESS FOR A PARTICULAR PURPOSE. See the GNU
    Lesser General Public License for more details.

    You should have received a copy of the GNU Lesser General Public
    License along with this software; if not, write to the Free
    Software Foundation, Inc., 51 Franklin St, Fifth Floor, Boston, MA
    02110-1301 USA, or see the FSF site: http://www.fsf.org.

-->
<configuration xmlns:xsi="http://www.w3.org/2001/XMLSchema-instance" xsi:schemaLocation="http://www.exoplatform.org/xml/ns/kernel_1_2.xsd http://www.exoplatform.org/xml/ns/kernel_1_2.xsd"
   xmlns="http://www.exoplatform.org/xml/ns/kernel_1_2.xsd">

   <component>
      <key>org.exoplatform.services.log.LogConfigurationInitializer</key>
      <type>org.exoplatform.services.log.LogConfigurationInitializer</type>
      <init-params>
         <value-param>
            <name>logger</name>
            <value>org.exoplatform.services.log.impl.BufferedLog4JLogger</value>
         </value-param>
         <value-param>
            <name>configurator</name>
            <value>org.exoplatform.services.log.impl.Log4JConfigurator</value>
         </value-param>
         <properties-param>
            <name>properties</name>
            <description>Log4J properties</description>
            <property name="log4j.rootLogger" value="INFO, stdout, file" />

            <property name="log4j.appender.stdout" value="org.apache.log4j.ConsoleAppender" />
            <property name="log4j.appender.stdout.threshold" value="DEBUG" />

            <property name="log4j.appender.stdout.layout" value="org.apache.log4j.PatternLayout" />
            <property name="log4j.appender.stdout.layout.ConversionPattern" value="%d{dd.MM.yyyy HH:mm:ss} *%-5p* [%t] %c{1}: %m (%F, line %L) %n" />

            <property name="log4j.appender.file" value="org.apache.log4j.FileAppender" />
            <property name="log4j.appender.file.File" value="target/jcr.log" />

            <property name="log4j.appender.file.layout" value="org.apache.log4j.PatternLayout" />
            <property name="log4j.appender.file.layout.ConversionPattern" value="%d{dd.MM.yyyy HH:mm:ss} *%-5p* [%t] %c{1}: %m (%F, line %L) %n" />

            <!-- property name="log4j.category.ext.BackupScheduler" value="DEBUG"/>
            <property name="log4j.category.ext.BackupManagerImpl" value="DEBUG"/ -->
            <property name="log4j.category.jcr.ext.RestRepositoryService" value="DEBUG"/>

            <!-- property name="log4j.category.org.exoplatform.services.jcr.ext.script.groovy.JcrGroovyResourceLoader" value="DEBUG" / -->

         </properties-param>
      </init-params>
   </component>

   <component>
      <key>org.exoplatform.services.jcr.RepositoryService</key>
      <type>org.exoplatform.services.jcr.impl.RepositoryServiceImpl</type>
      <component-plugins>
         <!-- component-plugin>
            <name>register.listener</name>
            <set-method>addPlugin</set-method>
            <type>org.exoplatform.services.jcr.impl.RepositoryChangesListenerRegisterPlugin</type>
            <init-params>
               <value-param>
                  <name>repository-name</name>
                  <value>db1</value>
               </value-param>
               <value-param>
                  <name>workspaces</name>
                  <value>ws,ws3,ws4,ws5</value>
               </value-param>
               <value-param>
                  <name>component-class-name</name>
                  <value>org.exoplatform.services.jcr.ext.replication.async.AsyncStartChangesListener</value>
               </value-param>
            </init-params>
         </component-plugin -->
         <component-plugin>
            <name>add.namespaces</name>
            <set-method>addPlugin</set-method>
            <type>org.exoplatform.services.jcr.impl.AddNamespacesPlugin</type>
            <init-params>
               <properties-param>
                  <name>namespaces</name>
                  <property name="dc" value="http://purl.org/dc/elements/1.1/" />
               </properties-param>
            </init-params>
         </component-plugin>
         <component-plugin>
            <name>add.nodeType</name>
            <set-method>addPlugin</set-method>
            <type>org.exoplatform.services.jcr.impl.AddNodeTypePlugin</type>
            <init-params>
               <values-param>
                  <name>autoCreatedInNewRepository</name>
                  <description>Node types configuration file</description>
                  <value>jar:/conf/ext-nodetypes-config.xml</value>
                  <value>jar:/conf/test/nodetypes-ext-test.xml</value>
               </values-param>
            </init-params>
         </component-plugin>
      </component-plugins>
   </component>

   <component>
      <key>org.exoplatform.services.jcr.config.RepositoryServiceConfiguration</key>
      <type>org.exoplatform.services.jcr.impl.config.RepositoryServiceConfigurationImpl</type>
      <init-params>
         <value-param>
            <name>conf-path</name>
            <description>JCR configuration file</description>
            <value>jar:/conf/standalone/test-jcr-ext-config.xml</value>
         </value-param>
         <properties-param>
            <name>working-conf</name>
            <description>working-conf</description>
            <property name="persister-class-name"
               value="org.exoplatform.services.jcr.impl.config.JDBCConfigurationPersister" />
            <property name="source-name" value="jdbcjcr" />
         </properties-param>
      </init-params>
   </component>
   
   <component>
    <type>org.exoplatform.services.jcr.ext.repository.RestRepositoryService</type>
  </component>

   <!--  backup -->
   <component>
      <key>org.exoplatform.services.jcr.ext.backup.BackupManager</key>
      <type>org.exoplatform.services.jcr.ext.backup.impl.BackupManagerImpl</type>
      <init-params>
         <properties-param>
            <name>backup-properties</name>
            <property name="default-incremental-job-period" value="3600" />
            <property name="full-backup-type" value="org.exoplatform.services.jcr.ext.backup.impl.fs.FullBackupJob" />
            <property name="incremental-backup-type" value="org.exoplatform.services.jcr.ext.backup.impl.fs.IncrementalBackupJob" />
            <property name="backup-dir" value="target/backup" />
         </properties-param>
      </init-params>
   </component>

   <!-- REST -->
   <component>
      <type>org.exoplatform.services.jcr.ext.registry.RESTRegistryService</type>
   </component>

   <!-- HTTPBackupAgent -->
   <component>
      <type>org.exoplatform.services.jcr.ext.backup.server.HTTPBackupAgent</type>
   </component>

   <component>
      <type>org.exoplatform.services.jcr.ext.app.ThreadLocalSessionProviderService</type>
   </component>

   <component>
      <type>org.exoplatform.services.jcr.ext.registry.RegistryService</type>
      <component-plugins>
         <component-plugin>
            <name>appConfig</name>
            <set-method>addPlugin</set-method>
            <type>org.exoplatform.services.jcr.ext.registry.RegistryInitializationEntryPlugin</type>
            <init-params>
               <value-param>
                  <name>GroovyEditor</name>
                  <value>
              <![CDATA[<GroovyEditor><context>portal/rest</context><repository>repository</repository><workspace>collaboration</workspace></GroovyEditor>]]>
                  </value>
               </value-param>
            </init-params>
         </component-plugin>
      </component-plugins>
      <init-params>
         <values-param>
            <name>mixin-names</name>
            <value>exo:testFirstHideable</value>
            <value>exo:testSecondHideable</value>
         </values-param>
         <properties-param>
            <name>locations</name>
            <property name="db1" value="ws2" />
         </properties-param>
      </init-params>
   </component>

   <component>
      <key>org.exoplatform.services.security.Authenticator</key>
      <type>org.exoplatform.services.organization.auth.OrganizationAuthenticatorImpl</type>
   </component>

   <component>
      <type>org.exoplatform.services.jcr.ext.resource.NodeRepresentationService</type>
   </component>

   <component>
      <type>org.exoplatform.services.jcr.ext.resource.XMLViewNodeRepresentationRenderer</type>
   </component>

   <component>
      <type>org.exoplatform.services.jcr.ext.resource.jcr.Handler</type>
   </component>

   <component>
      <type>org.exoplatform.services.jcr.ext.script.groovy.GroovyScript2RestLoader</type>
      <init-params>
         <object-param>
            <name>observation.config</name>
            <object type="org.exoplatform.services.jcr.ext.script.groovy.ObservationListenerConfiguration">
               <field name="repository">
                  <string>db1</string>
               </field>
               <field name="workspaces">
                  <collection type="java.util.ArrayList">
                     <value>
                        <string>ws</string>
                     </value>
                  </collection>
               </field>
            </object>
         </object-param>
      </init-params>
   </component>

   <!-- component>
      <type>org.exoplatform.services.jcr.ext.replication.async.AsyncReplication</type>
      <component-plugins>

         <component-plugin>
            <name>async-workspace-config</name>
            <set-method>addAsyncWorkspaceConfig</set-method>
            <type>org.exoplatform.services.jcr.ext.replication.async.config.AsyncWorkspaceConfig</type>
            <description>async replication config per workspace</description>
            <init-params>
               <properties-param>
                  <name>async-workspace-config</name>
                  <property name="repository-name" value="db1" />
                  <property name="workspace-name" value="ws" />
                  <property name="priority" value="80" />
                  <property name="other-participants-priority" value="100,50" />
                  <property name="bind-ip-address" value="127.0.0.1" />
                  <property name="channel-config"
                     value="TCP(start_port=7700;oob_thread_pool.queue_max_size=100;thread_naming_pattern=cl;use_concurrent_stack=true;oob_thread_pool.rejection_policy=Run;discard_incompatible_packets=true;thread_pool.max_threads=40;oob_thread_pool.enabled=true;oob_thread_pool.max_threads=20;loopback=false;oob_thread_pool.keep_alive_time=5000;thread_pool.queue_enabled=false;oob_thread_pool.queue_enabled=false;max_bundle_size=64000;thread_pool.queue_max_size=100;thread_pool.enabled=true;enable_diagnostics=true;max_bundle_timeout=30;oob_thread_pool.min_threads=8;use_incoming_packet_handler=true;thread_pool.rejection_policy=Run;bind_addr=$bind-ip-address;thread_pool.min_threads=8;thread_pool.keep_alive_time=5000;enable_bundling=true):MPING(timeout=2000;num_initial_members=8;mcast_port=35526;mcast_addr=224.0.0.1):FD(timeout=2000;max_tries=5;shun=true):FD_SOCK:VERIFY_SUSPECT(timeout=1500):pbcast.NAKACK(max_xmit_size=60000;print_stability_history_on_failed_xmit=true;use_mcast_xmit=false;gc_lag=0;discard_delivered_msgs=true;retransmit_timeout=300,600,1200,2400,4800):pbcast.STABLE(stability_delay=1000;desired_avg_gossip=50000;max_bytes=8000000):pbcast.GMS(print_local_addr=true;join_timeout=3000;view_bundling=true;join_retry_timeout=2000;shun=true;merge_leader=true;reject_join_from_existing_member=true)" />
                  <property name="channel-name" value="AsyncRepCh" />
                  <property name="storage-dir" value="target/asyncreplication/db1/ws" />
                  <property name="wait-all-members" value="15" />
               </properties-param>
            </init-params>
         </component-plugin>

         <component-plugin>
            <name>async-workspace-config</name>
            <set-method>addAsyncWorkspaceConfig</set-method>
            <type>org.exoplatform.services.jcr.ext.replication.async.config.AsyncWorkspaceConfig</type>
            <description>async replication config per workspace</description>
            <init-params>
               <properties-param>
                  <name>async-workspce-config</name>
                  <property name="repository-name" value="db1" />
                  <property name="workspace-name" value="ws1" />
                  <property name="priority" value="80" />
                  <property name="other-participants-priority" value="100,50" />
                  <property name="bind-ip-address" value="127.0.0.1" />
                  <property name="channel-config"
                     value="TCP(start_port=7700;oob_thread_pool.queue_max_size=100;thread_naming_pattern=cl;use_concurrent_stack=true;oob_thread_pool.rejection_policy=Run;discard_incompatible_packets=true;thread_pool.max_threads=40;oob_thread_pool.enabled=true;oob_thread_pool.max_threads=20;loopback=false;oob_thread_pool.keep_alive_time=5000;thread_pool.queue_enabled=false;oob_thread_pool.queue_enabled=false;max_bundle_size=64000;thread_pool.queue_max_size=100;thread_pool.enabled=true;enable_diagnostics=true;max_bundle_timeout=30;oob_thread_pool.min_threads=8;use_incoming_packet_handler=true;thread_pool.rejection_policy=Run;bind_addr=$bind-ip-address;thread_pool.min_threads=8;thread_pool.keep_alive_time=5000;enable_bundling=true):MPING(timeout=2000;num_initial_members=8;mcast_port=35526;mcast_addr=224.0.0.1):FD(timeout=2000;max_tries=5;shun=true):FD_SOCK:VERIFY_SUSPECT(timeout=1500):pbcast.NAKACK(max_xmit_size=60000;print_stability_history_on_failed_xmit=true;use_mcast_xmit=false;gc_lag=0;discard_delivered_msgs=true;retransmit_timeout=300,600,1200,2400,4800):pbcast.STABLE(stability_delay=1000;desired_avg_gossip=50000;max_bytes=8000000):pbcast.GMS(print_local_addr=true;join_timeout=3000;view_bundling=true;join_retry_timeout=2000;shun=true;merge_leader=true;reject_join_from_existing_member=true)" />
                  <property name="channel-name" value="AsyncRepCh" />
                  <property name="storage-dir" value="target/asyncreplication/db1/ws1" />
                  <property name="wait-all-members" value="15" />
               </properties-param>
            </init-params>
         </component-plugin>

      </component-plugins>
   </component -->

   <!-- component>
      <type>org.exoplatform.services.jcr.ext.replication.async.executor.AsyncReplicationExecutor</type>
      <init-params>
         <object-param>
            <name>async-replication-executor-configuration</name>
            <description>async replication nodes</description>
            <object type="org.exoplatform.services.jcr.ext.replication.async.executor.AsyncReplicationExecutor$ExecutorConf">
               <field name="members">
                  <collection type="java.util.ArrayList">
                     <value>
                        <object type="org.exoplatform.services.jcr.ext.replication.async.executor.Member">
                           <field name="url">
                              <string>http://root:exo@192.168.0.15:8080</string>
                           </field>
                           <field name="realmName">
                              <string>eXo REST services</string>
                           </field>
                        </object>
                     </value>
                     <value>
                        <object type="org.exoplatform.services.jcr.ext.replication.async.executor.Member">
                           <field name="url">
                              <string>http://root:exo@192.168.0.15:8090</string>
                           </field>
                           <field name="realmName">
                              <string>eXo REST services</string>
                           </field>
                        </object>
                     </value>
                  </collection>
               </field>
            </object>
         </object-param>
      </init-params>
   </component -->

   <!-- component>
      <key>org.exoplatform.services.organization.OrganizationService</key>
      <type>org.exoplatform.services.jcr.ext.organization.JCROrganizationServiceImpl</type>
      <init-params>
         <value-param>
            <name>storage-workspace</name>
            <description>Workspace in default repository where organization storage will be created</description>
            <value>ws</value>
         </value-param>
      </init-params>
   </component -->

   <component>
      <type>org.exoplatform.services.organization.impl.mock.DummyOrganizationService</type>
   </component>

   <component>
      <key>org.exoplatform.services.security.Authenticator</key>
      <type>org.exoplatform.services.organization.auth.OrganizationAuthenticatorImpl</type>
   </component>

   <component>
      <type>org.exoplatform.services.jcr.impl.ext.action.SessionActionCatalog</type>
   </component>
   
   <component>
      <key>org.exoplatform.services.database.creator.DBCreator</key>
      <type>org.exoplatform.services.database.creator.DBCreator</type>
      <init-params>
         <properties-param>
            <name>db-connection</name>
            <description>database connection properties</description>
            <property name="driverClassName" value="org.hsqldb.jdbcDriver" />
            <property name="url" value="jdbc:hsqldb:file:target/temp/data/" />
            <property name="username" value="sa" />
            <property name="password" value="" />
         </properties-param>
         <properties-param>
            <name>db-creation</name>
            <description>database creation properties</description>
            <property name="scriptPath" value="src/test/resources/test.sql" />
            <property name="username" value="sa" />
            <property name="password" value="" />
         </properties-param>
      </init-params>
   </component>

  <!--component>
    <key>org.exoplatform.services.rpc.RPCService</key>
    <type>org.exoplatform.services.rpc.impl.RPCServiceImpl</type>
    <init-params>
      <value-param>
        <name>jgroups-configuration</name>
        <value>jar:/conf/standalone/udp-mux.xml</value>
      </value-param>
      <value-param>
        <name>jgroups-cluster-name</name>
        <value>RPCService-Cluster</value>
      </value-param>
      <value-param>
        <name>jgroups-default-timeout</name>
        <value>0</value>
      </value-param>
    </init-params>
  </component-->  

   <component>
      <key>org.exoplatform.services.jcr.ext.repository.creation.RepositoryCreationService</key>
      <type>org.exoplatform.services.jcr.ext.repository.creation.RepositoryCreationServiceImpl</type>
      <!--init-params>
         <value-param>
            <name>factory-class-name</name>
            <value>org.apache.commons.dbcp.BasicDataSourceFactory</value>
         </value-param>
      </init-params-->
   </component>

   <component>
      <key>org.exoplatform.services.jcr.ext.distribution.DataDistributionManager</key>
      <type>org.exoplatform.services.jcr.ext.distribution.impl.DataDistributionManagerImpl</type>     
   </component>

   <component>
      <type>org.exoplatform.services.jcr.impl.ext.action.SessionActionCatalog</type>
      <component-plugins>
         <component-plugin>
            <name>addActions</name>
            <set-method>addPlugin</set-method>
            <type>org.exoplatform.services.jcr.impl.ext.action.AddActionsPlugin</type>
            <description>add actions plugin</description>
            <init-params>
               <object-param>
                  <name>actions</name>
                  <object type="org.exoplatform.services.jcr.impl.ext.action.AddActionsPlugin$ActionsConfig">
                     <field name="actions">
                        <collection type="java.util.ArrayList">
                           <value>
                              <object type="org.exoplatform.services.jcr.impl.ext.action.ActionConfiguration">
                                 <field name="eventTypes">
                                    <string>addProperty,changeProperty</string>
                                 </field>
                                 <field name="path">
                                    <string>/MetaDataActionTest/testAddContent</string>
                                 </field>
                                 <field name="isDeep">
                                    <boolean>true</boolean>
                                 </field>
                                 <field name="nodeTypes">
                                    <string>nt:resource</string>
                                 </field>
                                 <field name="actionClassName">
                                    <string>org.exoplatform.services.jcr.ext.metadata.AddMetadataAction</string>
                                 </field>
                              </object>
                           </value>
						   <value>
                              <object type="org.exoplatform.services.jcr.impl.ext.action.ActionConfiguration">
                                 <field name="eventTypes">
                                    <string>addProperty,changeProperty</string>
                                 </field>
                                 <field name="path">
                                    <string>/MetaDataActionTest/testAddContent2</string>
                                 </field>
                                 <field name="isDeep">
                                    <boolean>true</boolean>
                                 </field>
                                 <field name="nodeTypes">
                                    <string>nt:resource</string>
                                 </field>
                                 <field name="actionClassName">
                                    <string>org.exoplatform.services.jcr.ext.metadata.AddMetadataAction</string>
                                 </field>
                              </object>
                           </value>
                           <value>
                              <object type="org.exoplatform.services.jcr.impl.ext.action.ActionConfiguration">
                                 <field name="eventTypes">
                                    <string>addNode</string>
                                 </field>
                                 <field name="path">
                                    <string>/MetaDataActionTest/testSetMetaData</string>
                                 </field>
                                 <field name="isDeep">
                                    <boolean>false</boolean>
                                 </field>
                                 <field name="actionClassName">
                                    <string>org.exoplatform.services.jcr.ext.metadata.SetDCMetadataAction</string>
                                 </field>
                              </object>
                           </value>
                           <value>
                              <object type="org.exoplatform.services.jcr.impl.ext.action.ActionConfiguration">
                                 <field name="eventTypes">
                                    <string>addNode</string>
                                 </field>
                                 <field name="path">
                                    <string>/test</string>
                                 </field>
                                 <field name="isDeep">
                                    <boolean>true</boolean>
                                 </field>
                                 <field name="actionClassName">
                                    <string>org.exoplatform.services.jcr.ext.owner.AddOwneableAction</string>
                                 </field>
                              </object>
                           </value>
                        </collection>
                     </field>
                  </object>
               </object-param>
            </init-params>
         </component-plugin>
      </component-plugins>
   </component>

   <component>
      <key>org.exoplatform.services.jcr.ext.hierarchy.NodeHierarchyCreator</key>
      <type>org.exoplatform.services.jcr.ext.hierarchy.impl.NodeHierarchyCreatorImpl</type>
      <init-params>
         <value-param>
            <name>auto-migrate</name>
            <value>false</value>
         </value-param>
      </init-params>
   </component>

	<component>
		<type>org.exoplatform.services.jcr.ext.hierarchy.impl.NewUserListener</type>
		<init-params>
			<object-param>
				<name>configuration</name>
				<description>description</description>
				<object type="org.exoplatform.services.jcr.ext.hierarchy.impl.HierarchyConfig">
					<field name="repository">
						<string>db1</string>
					</field>
					<field name="workspaces">
						<collection type="java.util.ArrayList">
							<value>
								<string>ws1</string>
							</value>
						</collection>
					</field>
					<field name="jcrPaths">
						<collection type="java.util.ArrayList">
							<value>
								<object type="org.exoplatform.services.jcr.ext.hierarchy.impl.HierarchyConfig$JcrPath">
									<field name="alias">
										<string>userApplicationData</string>
									</field>
									<field name="path">
										<string>ApplicationData</string>
									</field>
									<field name="nodeType">
										<string>nt:folder</string>
									</field>
									<field name="mixinTypes">
										<collection type="java.util.ArrayList">
											<value>
												<string>mix:referenceable</string>
											</value>
										</collection>
									</field>									
									<field name="permissions">
										<collection type="java.util.ArrayList">
											<value>
												<object type="org.exoplatform.services.jcr.ext.hierarchy.impl.HierarchyConfig$Permission">
													<field name="identity">
														<string>*:/platform/administrators</string>
													</field>
													<field name="read">
														<string>true</string>
													</field>
													<field name="addNode">
														<string>true</string>
													</field>
													<field name="setProperty">
														<string>true</string>
													</field>
													<field name="remove">
														<string>true</string>
													</field>
												</object>
											</value>
										</collection>
									</field>
								</object>
							</value>
						</collection>
					</field>
				</object>
			</object-param>
		</init-params>
	</component>
	<component>
		<type>org.exoplatform.services.jcr.ext.hierarchy.impl.NewGroupListener</type>
		<init-params>
			<object-param>
				<name>configuration></name>
				<description>description</description>
				<object type="org.exoplatform.services.jcr.ext.hierarchy.impl.HierarchyConfig">
					<field name="repository">
						<string>db1</string>
					</field>
					<field name="workspaces">
						<collection type="java.util.ArrayList">
							<value>
								<string>ws1</string>
							</value>
						</collection>
					</field>
					<field name="jcrPaths">
						<collection type="java.util.ArrayList">
							<value>
								<object type="org.exoplatform.services.jcr.ext.hierarchy.impl.HierarchyConfig$JcrPath">
									<field name="alias">
										<string>groupApplicationData</string>
									</field>
									<field name="path">
										<string>ApplicationData</string>
									</field>
									<field name="nodeType">
										<string>nt:folder</string>
									</field>
									<field name="mixinTypes">
										<collection type="java.util.ArrayList">
											<value>
												<string>mix:referenceable</string>
											</value>
										</collection>
									</field>									
									<field name="permissions">
										<collection type="java.util.ArrayList">
											<value>
												<object type="org.exoplatform.services.jcr.ext.hierarchy.impl.HierarchyConfig$Permission">
													<field name="identity">
														<string>*:/platform/administrators</string>
													</field>
													<field name="read">
														<string>true</string>
													</field>
													<field name="addNode">
														<string>true</string>
													</field>
													<field name="setProperty">
														<string>true</string>
													</field>
													<field name="remove">
														<string>true</string>
													</field>
												</object>
											</value>
										</collection>
									</field>
								</object>
							</value>
						</collection>
					</field>
				</object>
			</object-param>
		</init-params>
	</component>       
   <external-component-plugins>
      <target-component>org.exoplatform.services.jcr.ext.script.groovy.GroovyScript2RestLoader</target-component>
      <component-plugin>
         <name>add groovy repo</name>
         <set-method>addPlugin</set-method>
         <type>org.exoplatform.services.jcr.ext.script.groovy.GroovyScriptAddRepoPlugin</type>
         <init-params>
            <properties-param>
               <name>repo1</name>
               <property name="repository" value="db1"/>
               <property name="workspace" value="ws"/>
               <property name="path" value="/repo"/>
            </properties-param>
         </init-params>
      </component-plugin>
   </external-component-plugins>

   <external-component-plugins>
      <target-component>org.exoplatform.services.naming.InitialContextInitializer</target-component>
      <component-plugin>
         <name>bind.datasource</name>
         <set-method>addPlugin</set-method>
         <type>org.exoplatform.services.naming.BindReferencePlugin</type>
         <init-params>
            <value-param>
               <name>bind-name</name>
               <value>jdbcjcr</value>
            </value-param>
            <value-param>
               <name>class-name</name>
               <value>javax.sql.DataSource</value>
            </value-param>
            <value-param>
               <name>factory</name>
               <value>org.apache.commons.dbcp.BasicDataSourceFactory</value>
            </value-param>
            <properties-param>
               <name>ref-addresses</name>
               <description>ref-addresses</description>
               <property name="driverClassName" value="org.hsqldb.jdbcDriver" />
               <property name="url" value="jdbc:hsqldb:file:target/temp/data/portal" />
               <property name="username" value="sa" />
               <property name="password" value="" />
            </properties-param>
         </init-params>
      </component-plugin>
      <component-plugin>
         <name>bind.datasource</name>
         <set-method>addPlugin</set-method>
         <type>org.exoplatform.services.naming.BindReferencePlugin</type>
         <init-params>
            <value-param>
               <name>bind-name</name>
               <value>jdbcjcr1</value>
            </value-param>
            <value-param>
               <name>class-name</name>
               <value>javax.sql.DataSource</value>
            </value-param>
            <value-param>
               <name>factory</name>
               <value>org.apache.commons.dbcp.BasicDataSourceFactory</value>
            </value-param>
            <properties-param>
               <name>ref-addresses</name>
               <description>ref-addresses</description>
               <property name="driverClassName" value="org.hsqldb.jdbcDriver" />
               <property name="url" value="jdbc:hsqldb:file:target/temp/data/jcr" />
               <property name="username" value="sa" />
               <property name="password" value="" />
            </properties-param>
         </init-params>
      </component-plugin>
      <component-plugin>
         <name>bind.datasource</name>
         <set-method>addPlugin</set-method>
         <type>org.exoplatform.services.naming.BindReferencePlugin</type>
         <init-params>
            <value-param>
               <name>bind-name</name>
               <value>jdbcjcr2</value>
            </value-param>
            <value-param>
               <name>class-name</name>
               <value>javax.sql.DataSource</value>
            </value-param>
            <value-param>
               <name>factory</name>
               <value>org.apache.commons.dbcp.BasicDataSourceFactory</value>
            </value-param>
            <properties-param>
               <name>ref-addresses</name>
               <description>ref-addresses</description>
               <property name="driverClassName" value="org.hsqldb.jdbcDriver" />
               <property name="url" value="jdbc:hsqldb:file:target/temp/data/jcr2" />
               <property name="username" value="sa" />
               <property name="password" value="" />
            </properties-param>
         </init-params>
      </component-plugin>
      <component-plugin>
         <name>bind.datasource</name>
         <set-method>addPlugin</set-method>
         <type>org.exoplatform.services.naming.BindReferencePlugin</type>
         <init-params>
            <value-param>
               <name>bind-name</name>
               <value>jdbcjcr3</value>
            </value-param>
            <value-param>
               <name>class-name</name>
               <value>javax.sql.DataSource</value>
            </value-param>
            <value-param>
               <name>factory</name>
               <value>org.apache.commons.dbcp.BasicDataSourceFactory</value>
            </value-param>
            <properties-param>
               <name>ref-addresses</name>
               <description>ref-addresses</description>
               <property name="driverClassName" value="org.hsqldb.jdbcDriver" />
               <property name="url" value="jdbc:hsqldb:file:target/temp/data/jcr3" />
               <property name="username" value="sa" />
               <property name="password" value="" />
            </properties-param>
         </init-params>
      </component-plugin>
      <component-plugin>
         <name>bind.datasource</name>
         <set-method>addPlugin</set-method>
         <type>org.exoplatform.services.naming.BindReferencePlugin</type>
         <init-params>
            <value-param>
               <name>bind-name</name>
               <value>jdbcjcr4</value>
            </value-param>
            <value-param>
               <name>class-name</name>
               <value>javax.sql.DataSource</value>
            </value-param>
            <value-param>
               <name>factory</name>
               <value>org.apache.commons.dbcp.BasicDataSourceFactory</value>
            </value-param>
            <properties-param>
               <name>ref-addresses</name>
               <description>ref-addresses</description>
               <property name="driverClassName" value="org.hsqldb.jdbcDriver" />
               <property name="url" value="jdbc:hsqldb:file:target/temp/data/jcr4" />
               <property name="username" value="sa" />
               <property name="password" value="" />
            </properties-param>
         </init-params>
      </component-plugin>
      <component-plugin>
         <name>bind.datasource</name>
         <set-method>addPlugin</set-method>
         <type>org.exoplatform.services.naming.BindReferencePlugin</type>
         <init-params>
            <value-param>
               <name>bind-name</name>
               <value>jdbcjcr5</value>
            </value-param>
            <value-param>
               <name>class-name</name>
               <value>javax.sql.DataSource</value>
            </value-param>
            <value-param>
               <name>factory</name>
               <value>org.apache.commons.dbcp.BasicDataSourceFactory</value>
            </value-param>
            <properties-param>
               <name>ref-addresses</name>
               <description>ref-addresses</description>
               <property name="driverClassName" value="org.hsqldb.jdbcDriver" />
               <property name="url" value="jdbc:hsqldb:file:target/temp/data/jcr5" />
               <property name="username" value="sa" />
               <property name="password" value="" />
            </properties-param>
         </init-params>
      </component-plugin>

      <component-plugin>
         <name>bind.datasource</name>
         <set-method>addPlugin</set-method>
         <type>org.exoplatform.services.naming.BindReferencePlugin</type>
         <init-params>
            <value-param>
               <name>bind-name</name>
               <value>jdbcjcr6</value>
            </value-param>
            <value-param>
               <name>class-name</name>
               <value>javax.sql.DataSource</value>
            </value-param>
            <value-param>
               <name>factory</name>
               <value>org.apache.commons.dbcp.BasicDataSourceFactory</value>
            </value-param>
            <properties-param>
               <name>ref-addresses</name>
               <description>ref-addresses</description>
               <property name="driverClassName" value="org.hsqldb.jdbcDriver" />
               <property name="url" value="jdbc:hsqldb:file:target/temp/data/jcr6" />
               <property name="username" value="sa" />
               <property name="password" value="" />
            </properties-param>
         </init-params>
      </component-plugin>
      <component-plugin>
         <name>bind.datasource</name>
         <set-method>addPlugin</set-method>
         <type>org.exoplatform.services.naming.BindReferencePlugin</type>
         <init-params>
            <value-param>
               <name>bind-name</name>
               <value>jdbcjcr7</value>
            </value-param>
            <value-param>
               <name>class-name</name>
               <value>javax.sql.DataSource</value>
            </value-param>
            <value-param>
               <name>factory</name>
               <value>org.apache.commons.dbcp.BasicDataSourceFactory</value>
            </value-param>
            <properties-param>
               <name>ref-addresses</name>
               <description>ref-addresses</description>
               <property name="driverClassName" value="org.hsqldb.jdbcDriver" />
               <property name="url" value="jdbc:hsqldb:file:target/temp/data/jcr7" />
               <property name="username" value="sa" />
               <property name="password" value="" />
            </properties-param>
         </init-params>
      </component-plugin>
      <component-plugin>
         <name>bind.datasource</name>
         <set-method>addPlugin</set-method>
         <type>org.exoplatform.services.naming.BindReferencePlugin</type>
         <init-params>
            <value-param>
               <name>bind-name</name>
               <value>jdbcjcr8</value>
            </value-param>
            <value-param>
               <name>class-name</name>
               <value>javax.sql.DataSource</value>
            </value-param>
            <value-param>
               <name>factory</name>
               <value>org.apache.commons.dbcp.BasicDataSourceFactory</value>
            </value-param>
            <properties-param>
               <name>ref-addresses</name>
               <description>ref-addresses</description>
               <property name="driverClassName" value="org.hsqldb.jdbcDriver" />
               <property name="url" value="jdbc:hsqldb:file:target/temp/data/jcr8" />
               <property name="username" value="sa" />
               <property name="password" value="" />
            </properties-param>
         </init-params>
      </component-plugin>
 
      <component-plugin>
         <name>bind.datasource</name>
         <set-method>addPlugin</set-method>
         <type>org.exoplatform.services.naming.BindReferencePlugin</type>
         <init-params>
            <value-param>
               <name>bind-name</name>
               <value>jdbcjcr19</value>
            </value-param>
            <value-param>
               <name>class-name</name>
               <value>javax.sql.DataSource</value>
            </value-param>
            <value-param>
               <name>factory</name>
               <value>org.apache.commons.dbcp.BasicDataSourceFactory</value>
            </value-param>
            <properties-param>
               <name>ref-addresses</name>
               <description>ref-addresses</description>
               <property name="driverClassName" value="org.hsqldb.jdbcDriver" />
               <property name="url" value="jdbc:hsqldb:file:target/temp/data/jcr19" />
               <property name="username" value="sa" />
               <property name="password" value="" />
            </properties-param>
         </init-params>
      </component-plugin>
      <component-plugin>
         <name>bind.datasource</name>
         <set-method>addPlugin</set-method>
         <type>org.exoplatform.services.naming.BindReferencePlugin</type>
         <init-params>
            <value-param>
               <name>bind-name</name>
               <value>jdbcjcr21</value>
            </value-param>
            <value-param>
               <name>class-name</name>
               <value>javax.sql.DataSource</value>
            </value-param>
            <value-param>
               <name>factory</name>
               <value>org.apache.commons.dbcp.BasicDataSourceFactory</value>
            </value-param>
            <properties-param>
               <name>ref-addresses</name>
               <description>ref-addresses</description>
               <property name="driverClassName" value="org.hsqldb.jdbcDriver" />
               <property name="url" value="jdbc:hsqldb:file:target/temp/data/jcr21" />
               <property name="username" value="sa" />
               <property name="password" value="" />
            </properties-param>
         </init-params>
      </component-plugin>
      <component-plugin>
         <name>bind.datasource</name>
         <set-method>addPlugin</set-method>
         <type>org.exoplatform.services.naming.BindReferencePlugin</type>
         <init-params>
            <value-param>
               <name>bind-name</name>
               <value>jdbcjcr23</value>
            </value-param>
            <value-param>
               <name>class-name</name>
               <value>javax.sql.DataSource</value>
            </value-param>
            <value-param>
               <name>factory</name>
               <value>org.apache.commons.dbcp.BasicDataSourceFactory</value>
            </value-param>
            <properties-param>
               <name>ref-addresses</name>
               <description>ref-addresses</description>
               <property name="driverClassName" value="org.hsqldb.jdbcDriver" />
               <property name="url" value="jdbc:hsqldb:file:target/temp/data/jcr23" />
               <property name="username" value="sa" />
               <property name="password" value="" />
            </properties-param>
         </init-params>
      </component-plugin>
      <component-plugin>
         <name>bind.datasource</name>
         <set-method>addPlugin</set-method>
         <type>org.exoplatform.services.naming.BindReferencePlugin</type>
         <init-params>
            <value-param>
               <name>bind-name</name>
               <value>jdbcjcr24</value>
            </value-param>
            <value-param>
               <name>class-name</name>
               <value>javax.sql.DataSource</value>
            </value-param>
            <value-param>
               <name>factory</name>
               <value>org.apache.commons.dbcp.BasicDataSourceFactory</value>
            </value-param>
            <properties-param>
               <name>ref-addresses</name>
               <description>ref-addresses</description>
               <property name="driverClassName" value="org.hsqldb.jdbcDriver" />
               <property name="url" value="jdbc:hsqldb:file:target/temp/data/jcr24" />
               <property name="username" value="sa" />
               <property name="password" value="" />
            </properties-param>
         </init-params>
      </component-plugin>
      <component-plugin>
         <name>bind.datasource</name>
         <set-method>addPlugin</set-method>
         <type>org.exoplatform.services.naming.BindReferencePlugin</type>
         <init-params>
            <value-param>
               <name>bind-name</name>
               <value>jdbcjcr25</value>
            </value-param>
            <value-param>
               <name>class-name</name>
               <value>javax.sql.DataSource</value>
            </value-param>
            <value-param>
               <name>factory</name>
               <value>org.apache.commons.dbcp.BasicDataSourceFactory</value>
            </value-param>
            <properties-param>
               <name>ref-addresses</name>
               <description>ref-addresses</description>
               <property name="driverClassName" value="org.hsqldb.jdbcDriver" />
               <property name="url" value="jdbc:hsqldb:file:target/temp/data/jcr25" />
               <property name="username" value="sa" />
               <property name="password" value="" />
            </properties-param>
         </init-params>
      </component-plugin>
      <component-plugin>
         <name>bind.datasource</name>
         <set-method>addPlugin</set-method>
         <type>org.exoplatform.services.naming.BindReferencePlugin</type>
         <init-params>
            <value-param>
               <name>bind-name</name>
               <value>jdbcjcr26</value>
            </value-param>
            <value-param>
               <name>class-name</name>
               <value>javax.sql.DataSource</value>
            </value-param>
            <value-param>
               <name>factory</name>
               <value>org.apache.commons.dbcp.BasicDataSourceFactory</value>
            </value-param>
            <properties-param>
               <name>ref-addresses</name>
               <description>ref-addresses</description>
               <property name="driverClassName" value="org.hsqldb.jdbcDriver" />
               <property name="url" value="jdbc:hsqldb:file:target/temp/data/jcr26" />
               <property name="username" value="sa" />
               <property name="password" value="" />
            </properties-param>
         </init-params>
      </component-plugin>
      <component-plugin>
         <name>bind.datasource</name>
         <set-method>addPlugin</set-method>
         <type>org.exoplatform.services.naming.BindReferencePlugin</type>
         <init-params>
            <value-param>
               <name>bind-name</name>
               <value>jdbcjcr27</value>
            </value-param>
            <value-param>
               <name>class-name</name>
               <value>javax.sql.DataSource</value>
            </value-param>
            <value-param>
               <name>factory</name>
               <value>org.apache.commons.dbcp.BasicDataSourceFactory</value>
            </value-param>
            <properties-param>
               <name>ref-addresses</name>
               <description>ref-addresses</description>
               <property name="driverClassName" value="org.hsqldb.jdbcDriver" />
               <property name="url" value="jdbc:hsqldb:file:target/temp/data/jcr27" />
               <property name="username" value="sa" />
               <property name="password" value="" />
            </properties-param>
         </init-params>
      </component-plugin>
      <component-plugin>
         <name>bind.datasource</name>
         <set-method>addPlugin</set-method>
         <type>org.exoplatform.services.naming.BindReferencePlugin</type>
         <init-params>
            <value-param>
               <name>bind-name</name>
               <value>jdbcjcr_to_rest_repo_1</value>
            </value-param>
            <value-param>
               <name>class-name</name>
               <value>javax.sql.DataSource</value>
            </value-param>
            <value-param>
               <name>factory</name>
               <value>org.apache.commons.dbcp.BasicDataSourceFactory</value>
            </value-param>
            <properties-param>
               <name>ref-addresses</name>
               <description>ref-addresses</description>
               <property name="driverClassName" value="org.hsqldb.jdbcDriver" />
               <property name="url" value="jdbc:hsqldb:file:target/temp/data/jdbcjcr_to_rest_repo_1" />
               <property name="username" value="sa" />
               <property name="password" value="" />
            </properties-param>
         </init-params>
      </component-plugin>
      <component-plugin>
         <name>bind.datasource</name>
         <set-method>addPlugin</set-method>
         <type>org.exoplatform.services.naming.BindReferencePlugin</type>
         <init-params>
            <value-param>
               <name>bind-name</name>
               <value>jdbcjcr_to_rest_repo_2</value>
            </value-param>
            <value-param>
               <name>class-name</name>
               <value>javax.sql.DataSource</value>
            </value-param>
            <value-param>
               <name>factory</name>
               <value>org.apache.commons.dbcp.BasicDataSourceFactory</value>
            </value-param>
            <properties-param>
               <name>ref-addresses</name>
               <description>ref-addresses</description>
               <property name="driverClassName" value="org.hsqldb.jdbcDriver" />
               <property name="url" value="jdbc:hsqldb:file:target/temp/data/jdbcjcr_to_rest_repo_2" />
               <property name="username" value="sa" />
               <property name="password" value="" />
            </properties-param>
         </init-params>
      </component-plugin>
      <component-plugin>
         <name>bind.datasource</name>
         <set-method>addPlugin</set-method>
         <type>org.exoplatform.services.naming.BindReferencePlugin</type>
         <init-params>
            <value-param>
               <name>bind-name</name>
               <value>jdbcjcr_to_repository_restore_singel_db</value>
            </value-param>
            <value-param>
               <name>class-name</name>
               <value>javax.sql.DataSource</value>
            </value-param>
            <value-param>
               <name>factory</name>
               <value>org.apache.commons.dbcp.BasicDataSourceFactory</value>
            </value-param>
            <properties-param>
               <name>ref-addresses</name>
               <description>ref-addresses</description>
               <property name="driverClassName" value="org.hsqldb.jdbcDriver" />
               <property name="url" value="jdbc:hsqldb:file:target/temp/data/jdbcjcr_to_repository_restore_singel_db" />
               <property name="username" value="sa" />
               <property name="password" value="" />
            </properties-param>
         </init-params>
      </component-plugin>
    </external-component-plugins>
	<external-component-plugins>
		<target-component>org.exoplatform.services.jcr.ext.hierarchy.NodeHierarchyCreator</target-component>
		<component-plugin>
			<name>addPaths</name>
			<set-method>addPlugin</set-method>
			<type>org.exoplatform.services.jcr.ext.hierarchy.impl.AddPathPlugin</type>
			<init-params>
				<object-param>
					<name>cms.configuration</name>
					<description>configuration for the cms path</description>
					<object type="org.exoplatform.services.jcr.ext.hierarchy.impl.HierarchyConfig">
						<field name="repository">
							<string>db1</string>
						</field>
						<field name="workspaces">
							<collection type="java.util.ArrayList">
								<value>
									<string>ws1</string>
								</value>
							</collection>
						</field>
						<field name="jcrPaths">
							<collection type="java.util.ArrayList">
								<value>
									<object type="org.exoplatform.services.jcr.ext.hierarchy.impl.HierarchyConfig$JcrPath">
										<field name="alias">
											<string>eXoApplications</string>
										</field>
										<field name="path">
											<string>/exo:applications</string>
										</field>
										<field name="mixinTypes">
											<collection type="java.util.ArrayList">
												<value>
													<string>mix:referenceable</string>
												</value>
											</collection>
										</field>
									</object>
								</value>
								<value>
									<object type="org.exoplatform.services.jcr.ext.hierarchy.impl.HierarchyConfig$JcrPath">
										<field name="alias">
											<string>eXoServices</string>
										</field>
										<field name="path">
											<string>/exo:services</string>
										</field>
										<field name="nodeType">
											<string>nt:folder</string>
										</field>
									</object>
								</value>
								<value>
									<object type="org.exoplatform.services.jcr.ext.hierarchy.impl.HierarchyConfig$JcrPath">
										<field name="alias">
											<string>usersPath</string>
										</field>
										<field name="path">
											<string>/Users</string>
										</field>
										<field name="permissions">
											<collection type="java.util.ArrayList">
												<value>
													<object type="org.exoplatform.services.jcr.ext.hierarchy.impl.HierarchyConfig$Permission">
														<field name="identity">
															<string>*:/platform/administrators</string>
														</field>
														<field name="read">
															<string>true</string>
														</field>
														<field name="addNode">
															<string>true</string>
														</field>
														<field name="setProperty">
															<string>true</string>
														</field>
														<field name="remove">
															<string>true</string>
														</field>
													</object>
												</value>
											</collection>
										</field>										
									</object>
								</value>
								<value>
									<object type="org.exoplatform.services.jcr.ext.hierarchy.impl.HierarchyConfig$JcrPath">
										<field name="alias">
											<string>groupsPath</string>
										</field>
										<field name="path">
											<string>/Groups/Path/Home</string>
										</field>
										<field name="nodeType">
											<string>nt:unstructured</string>
										</field>
										<field name="mixinTypes">
											<collection type="java.util.ArrayList">
												<value>
													<string>mix:referenceable</string>
												</value>
											</collection>
										</field>
										<field name="permissions">
											<collection type="java.util.ArrayList">
												<value>
													<object type="org.exoplatform.services.jcr.ext.hierarchy.impl.HierarchyConfig$Permission">
														<field name="identity">
															<string>*:/platform/administrators</string>
														</field>
														<field name="read">
															<string>true</string>
														</field>
														<field name="addNode">
															<string>true</string>
														</field>
														<field name="setProperty">
															<string>true</string>
														</field>
														<field name="remove">
															<string>true</string>
														</field>
													</object>
												</value>
											</collection>
										</field>
									</object>
								</value>
							</collection>
						</field>
					</object>
				</object-param>
			</init-params>
		</component-plugin>
	</external-component-plugins> 
</configuration>
