<?xml version="1.0" encoding="ISO-8859-1"?>
   <!--

      Copyright (C) 2009 eXo Platform SAS. This is free software; you can redistribute it and/or modify it under the
      terms of the GNU Lesser General Public License as published by the Free Software Foundation; either version 2.1 of
      the License, or (at your option) any later version. This software is distributed in the hope that it will be
      useful, but WITHOUT ANY WARRANTY; without even the implied warranty of MERCHANTABILITY or FITNESS FOR A PARTICULAR
      PURPOSE. See the GNU Lesser General Public License for more details. You should have received a copy of the GNU
      Lesser General Public License along with this software; if not, write to the Free Software Foundation, Inc., 51
      Franklin St, Fifth Floor, Boston, MA 02110-1301 USA, or see the FSF site: http://www.fsf.org.
   -->
<repository-service default-repository="db1">
   <repositories>
      <repository name="db1" system-workspace="ws" default-workspace="ws">
         <security-domain>exo-domain</security-domain>
         <!-- access-control>optional</access-control -->
         <!-- access-control>disable</access-control -->
         <session-max-age>1h</session-max-age>
         <authentication-policy>org.exoplatform.services.jcr.impl.core.access.JAASAuthenticator</authentication-policy>
         <workspaces>
            <workspace name="ws">
               <!-- for system storage -->
               <container class="org.exoplatform.services.jcr.impl.storage.jdbc.optimisation.CQJDBCWorkspaceDataContainer">
                  <properties>
                     <property name="source-name" value="jdbcjcr" />
                     <property name="db-structure-type" value="isolated" />
                     <property name="max-buffer-size" value="200k" />
                     <property name="swap-directory" value="target/temp/swap/ws" />
                     <property name="dialect" value="${dialect}" />
                  </properties>
                  <value-storages>
                     <value-storage id="ws"
                        class="org.exoplatform.services.jcr.impl.storage.value.fs.TreeFileValueStorage">
                        <properties>
                           <property name="path" value="target/temp/values/ws" />
                           <property name="enabled" value="${value-storage-enabled}" />
                        </properties>
                        <filters>
                           <filter property-type="Binary" />
                        </filters>
                     </value-storage>
                  </value-storages>
               </container>
               <initializer class="org.exoplatform.services.jcr.impl.core.ScratchWorkspaceInitializer">
                  <properties>
                     <property name="root-nodetype" value="nt:unstructured" />
                  </properties>
               </initializer>
               <cache enabled="${cache-enabled}"
                  class="org.exoplatform.services.jcr.impl.dataflow.persistent.jbosscache.JBossCacheWorkspaceStorageCache">
                  <properties>
                     <property name="jbosscache-configuration" value="test-jbosscache-data.xml" />
                     <property name="jgroups-configuration" value="udp-mux.xml" />
                     <property name="jgroups-multiplexer-stack" value="false" />
                     <property name="jbosscache-cluster-name" value="JCR-cluster-data" />
                     <property name="jbosscache-shareable" value="${jbosscache-shareable}" />
                  </properties>
               </cache>
               <query-handler class="org.exoplatform.services.jcr.impl.core.query.lucene.SearchIndex">
                  <properties>
                     <property name="index-dir" value="target/temp/index/db1/ws" />
                     <property name="changesfilter-class"
                        value="org.exoplatform.services.jcr.impl.core.query.jbosscache.JBossCacheIndexChangesFilter" />
                     <property name="jbosscache-configuration" value="test-jbosscache-indexer.xml" />
                     <property name="jgroups-configuration" value="udp-mux.xml" />
                     <property name="jgroups-multiplexer-stack" value="false" />
                     <property name="jbosscache-cluster-name" value="JCR-cluster-indexer" />
                     <property name="jbosscache-shareable" value="${jbosscache-shareable}" />
                     <property name="max-volatile-time" value="60" />
                     <!-- We set a different default page size to test paging-->
                     <property name="reindexing-page-size" value="20"/>
                  </properties>
               </query-handler>
               <lock-manager class="org.exoplatform.services.jcr.impl.core.lock.jbosscache.CacheableLockManagerImpl">
                  <properties>
                     <property name="time-out" value="15m" />
                     <property name="jbosscache-configuration" value="test-jbosscache-lock.xml" />
                     <property name="jgroups-configuration" value="udp-mux.xml" />
                     <property name="jgroups-multiplexer-stack" value="false" />
                     <property name="jbosscache-cluster-name" value="JCR-cluster-locks" />
                     <property name="jbosscache-cl-cache.jdbc.table.name" value="jcrlocks" />
                     <property name="jbosscache-cl-cache.jdbc.table.create" value="true" />
                     <property name="jbosscache-cl-cache.jdbc.table.drop" value="false" />
                     <property name="jbosscache-cl-cache.jdbc.table.primarykey" value="jcrlocks_pk" />
                     <property name="jbosscache-cl-cache.jdbc.fqn.column" value="fqn" />
                     <property name="jbosscache-cl-cache.jdbc.node.column" value="node" />
                     <property name="jbosscache-cl-cache.jdbc.parent.column" value="parent" />
                     <property name="jbosscache-cl-cache.jdbc.datasource" value="jdbcjcr" />
                     <property name="jbosscache-cl-cache.jdbc.dialect" value="${dialect}"/>
                     <property name="jbosscache-shareable" value="${jbosscache-shareable}" />
                  </properties>
               </lock-manager>
            </workspace>

            <workspace name="ws1">
               <container class="org.exoplatform.services.jcr.impl.storage.jdbc.optimisation.CQJDBCWorkspaceDataContainer">
                  <properties>
                     <property name="source-name" value="jdbcjcr" />
                     <property name="db-structure-type" value="isolated" />
                     <property name="max-buffer-size" value="200k" />
                     <property name="swap-directory" value="target/temp/swap/ws1" />
                     <property name="dialect" value="${dialect}" />
                  </properties>
                  <value-storages>
                     <value-storage id="ws1"
                        class="org.exoplatform.services.jcr.impl.storage.value.fs.TreeFileValueStorage">
                        <properties>
                           <property name="path" value="target/temp/values/ws1" />
                           <property name="enabled" value="${value-storage-enabled}" />
                        </properties>
                        <filters>
                           <filter property-type="Binary" />
                        </filters>
                     </value-storage>
                  </value-storages>
               </container>
               <cache enabled="${cache-enabled}"
                  class="org.exoplatform.services.jcr.impl.dataflow.persistent.jbosscache.JBossCacheWorkspaceStorageCache">
                  <properties>
                     <property name="jbosscache-configuration" value="test-jbosscache-data.xml" />
                     <property name="jgroups-configuration" value="udp-mux.xml" />
                     <property name="jgroups-multiplexer-stack" value="false" />
                     <property name="jbosscache-cluster-name" value="JCR-cluster-data" />
                     <property name="jbosscache-shareable" value="${jbosscache-shareable}" />
                  </properties>
               </cache>
               <query-handler class="org.exoplatform.services.jcr.impl.core.query.lucene.SearchIndex">
                  <properties>
                     <property name="index-dir" value="target/temp/index/db1/ws1" />
                     <property name="changesfilter-class"
                        value="org.exoplatform.services.jcr.impl.core.query.jbosscache.JBossCacheIndexChangesFilter" />
                     <property name="jbosscache-configuration" value="test-jbosscache-indexer.xml" />
                     <property name="jgroups-configuration" value="udp-mux.xml" />
                     <property name="jgroups-multiplexer-stack" value="false" />
                     <property name="jbosscache-cluster-name" value="JCR-cluster-indexer" />
                     <property name="jbosscache-shareable" value="${jbosscache-shareable}" />
                     <property name="max-volatile-time" value="60" />

                     <property name="synonymprovider-class"
                        value="org.exoplatform.services.jcr.impl.core.query.lucene.PropertiesSynonymProvider" />
                     <property name="synonymprovider-config-path" value="../../../synonyms.properties" />
                     <property name="support-highlighting" value="true" />
                     <property name="indexing-configuration-path" value="../../../indexing-configuration.xml" />
                     <property name="query-class" value="org.exoplatform.services.jcr.impl.core.query.QueryImpl" />
                     <property name="spellchecker-class"
                        value="org.exoplatform.services.jcr.impl.core.query.lucene.spell.LuceneSpellChecker$FiveSecondsRefreshInterval" />

                  </properties>
               </query-handler>
               <lock-manager class="org.exoplatform.services.jcr.impl.core.lock.jbosscache.CacheableLockManagerImpl">
                  <properties>
                     <property name="time-out" value="15m" />
                     <property name="jbosscache-configuration" value="test-jbosscache-lock.xml" />
                     <property name="jgroups-configuration" value="udp-mux.xml" />
                     <property name="jgroups-multiplexer-stack" value="false" />
                     <property name="jbosscache-cluster-name" value="JCR-cluster-locks" />
                     <property name="jbosscache-cl-cache.jdbc.table.name" value="jcrlocks" />
                     <property name="jbosscache-cl-cache.jdbc.table.create" value="true" />
                     <property name="jbosscache-cl-cache.jdbc.table.drop" value="false" />
                     <property name="jbosscache-cl-cache.jdbc.table.primarykey" value="jcrlocks_pk" />
                     <property name="jbosscache-cl-cache.jdbc.fqn.column" value="fqn" />
                     <property name="jbosscache-cl-cache.jdbc.node.column" value="node" />
                     <property name="jbosscache-cl-cache.jdbc.parent.column" value="parent" />
                     <property name="jbosscache-cl-cache.jdbc.datasource" value="jdbcjcr" />
                     <property name="jbosscache-cl-cache.jdbc.dialect" value="${dialect}"/>
                     <property name="jbosscache-shareable" value="${jbosscache-shareable}" />
                  </properties>
               </lock-manager>
            </workspace>

            <workspace name="ws2" lazy-read-threshold="1">
               <container class="org.exoplatform.services.jcr.impl.storage.jdbc.optimisation.CQJDBCWorkspaceDataContainer">
                  <properties>
                     <property name="source-name" value="jdbcjcr" />
                     <property name="db-structure-type" value="isolated" />
                     <property name="max-buffer-size" value="200k" />
                     <property name="swap-directory" value="target/temp/swap/ws2" />
                     <property name="dialect" value="${dialect}" />
                  </properties>
                  <value-storages>
                     <value-storage id="ws2"
                        class="org.exoplatform.services.jcr.impl.storage.value.fs.TreeFileValueStorage">
                        <properties>
                           <property name="path" value="target/temp/values/ws2" />
                           <property name="enabled" value="${value-storage-enabled}" />
                        </properties>
                        <filters>
                           <filter property-type="Binary" />
                        </filters>
                     </value-storage>
                  </value-storages>
               </container>
               <cache enabled="${cache-enabled}"
                  class="org.exoplatform.services.jcr.impl.dataflow.persistent.jbosscache.JBossCacheWorkspaceStorageCache">
                  <properties>
                     <property name="jbosscache-configuration" value="test-jbosscache-data.xml" />
                     <property name="jgroups-configuration" value="udp-mux.xml" />
                     <property name="jgroups-multiplexer-stack" value="false" />
                     <property name="jbosscache-cluster-name" value="JCR-cluster-data" />
                     <property name="jbosscache-shareable" value="${jbosscache-shareable}" />
                  </properties>
               </cache>
               <query-handler class="org.exoplatform.services.jcr.impl.core.query.lucene.SearchIndex">
                  <properties>
                     <property name="index-dir" value="target/temp/index/db1/ws2" />
                     <property name="changesfilter-class"
                        value="org.exoplatform.services.jcr.impl.core.query.jbosscache.JBossCacheIndexChangesFilter" />
                     <property name="jbosscache-configuration" value="test-jbosscache-indexer.xml" />
                     <property name="jgroups-configuration" value="udp-mux.xml" />
                     <property name="jgroups-multiplexer-stack" value="false" />
                     <property name="jbosscache-cluster-name" value="JCR-cluster-indexer" />
                     <property name="jbosscache-shareable" value="${jbosscache-shareable}" />
                     <property name="max-volatile-time" value="60" />

                     <property name="synonymprovider-class"
                        value="org.exoplatform.services.jcr.impl.core.query.lucene.PropertiesSynonymProvider" />
                     <property name="synonymprovider-config-path" value="../../../synonyms.properties" />
                     <property name="support-highlighting" value="true" />
                     <property name="indexing-configuration-path" value="../../../indexing-configuration.xml" />
                     <property name="query-class" value="org.exoplatform.services.jcr.impl.core.query.QueryImpl" />
                     <property name="spellchecker-class"
                        value="org.exoplatform.services.jcr.impl.core.query.lucene.spell.LuceneSpellChecker$FiveSecondsRefreshInterval" />

                  </properties>
               </query-handler>
               <lock-manager class="org.exoplatform.services.jcr.impl.core.lock.jbosscache.CacheableLockManagerImpl">
                  <properties>
                     <property name="time-out" value="15m" />
                     <property name="jbosscache-configuration" value="test-jbosscache-lock.xml" />
                     <property name="jgroups-configuration" value="udp-mux.xml" />
                     <property name="jgroups-multiplexer-stack" value="false" />
                     <property name="jbosscache-cluster-name" value="JCR-cluster-locks" />
                     <property name="jbosscache-cl-cache.jdbc.table.name" value="jcrlocks" />
                     <property name="jbosscache-cl-cache.jdbc.table.create" value="true" />
                     <property name="jbosscache-cl-cache.jdbc.table.drop" value="false" />
                     <property name="jbosscache-cl-cache.jdbc.table.primarykey" value="jcrlocks_pk" />
                     <property name="jbosscache-cl-cache.jdbc.fqn.column" value="fqn" />
                     <property name="jbosscache-cl-cache.jdbc.node.column" value="node" />
                     <property name="jbosscache-cl-cache.jdbc.parent.column" value="parent" />
                     <property name="jbosscache-cl-cache.jdbc.datasource" value="jdbcjcr" />
                     <property name="jbosscache-cl-cache.jdbc.dialect" value="${dialect}"/>
                     <property name="jbosscache-shareable" value="${jbosscache-shareable}" />
                  </properties>
               </lock-manager>
            </workspace>

            <workspace name="ws3">
               <!-- for system storage -->
               <container class="org.exoplatform.services.jcr.impl.storage.jdbc.optimisation.CQJDBCWorkspaceDataContainer">
                  <properties>
                     <property name="source-name" value="jdbcjcr" />
                     <property name="db-structure-type" value="isolated" />
                     <property name="max-buffer-size" value="200k" />
                     <property name="swap-directory" value="target/temp/swap/ws3" />
                     <property name="dialect" value="${dialect}" />
                  </properties>
                  <value-storages>
                     <value-storage id="ws3_big"
                        class="org.exoplatform.services.jcr.impl.storage.value.fs.TreeFileValueStorage">
                        <properties>
                           <property name="path" value="target/temp/values/ws3_big" />
                           <property name="enabled" value="${value-storage-enabled}" />
                        </properties>
                        <filters>
                           <filter property-type="Binary" min-value-size="1024K" />
                        </filters>
                     </value-storage>
                     <value-storage id="ws3"
                        class="org.exoplatform.services.jcr.impl.storage.value.fs.CASableTreeFileValueStorage">
                        <properties>
                           <property name="path" value="target/temp/values/ws3" />
                           <property name="digest-algo" value="MD5" />
                           <property name="vcas-type"
                              value="org.exoplatform.services.jcr.impl.storage.value.cas.JDBCValueContentAddressStorageImpl" />
                           <property name="jdbc-source-name" value="jdbcjcr" />
                           <property name="enabled" value="${value-storage-enabled}" />
                        </properties>
                        <filters>
                           <filter property-type="Binary" />
                        </filters>
                     </value-storage>
                  </value-storages>
               </container>
               <cache enabled="${cache-enabled}"
                  class="org.exoplatform.services.jcr.impl.dataflow.persistent.jbosscache.JBossCacheWorkspaceStorageCache">
                  <properties>
                     <property name="jbosscache-configuration" value="test-jbosscache-data.xml" />
                     <property name="jgroups-configuration" value="udp-mux.xml" />
                     <property name="jgroups-multiplexer-stack" value="false" />
                     <property name="jbosscache-cluster-name" value="JCR-cluster-data" />
                     <property name="jbosscache-shareable" value="${jbosscache-shareable}" />
                  </properties>
               </cache>
               <query-handler class="org.exoplatform.services.jcr.impl.core.query.lucene.SearchIndex">
                  <properties>
                     <property name="index-dir" value="target/temp/index/db1/ws3" />
                     <property name="changesfilter-class"
                        value="org.exoplatform.services.jcr.impl.core.query.jbosscache.JBossCacheIndexChangesFilter" />
                     <property name="jbosscache-configuration" value="test-jbosscache-indexer.xml" />
                     <property name="jgroups-configuration" value="udp-mux.xml" />
                     <property name="jgroups-multiplexer-stack" value="false" />
                     <property name="jbosscache-cluster-name" value="JCR-cluster-indexer" />
                     <property name="jbosscache-shareable" value="${jbosscache-shareable}" />
                     <property name="max-volatile-time" value="60" />
 
                     <property name="synonymprovider-class"
                        value="org.exoplatform.services.jcr.impl.core.query.lucene.PropertiesSynonymProvider" />
                     <property name="synonymprovider-config-path" value="../../../synonyms.properties" />
                     <property name="support-highlighting" value="true" />
                     <property name="indexing-configuration-path" value="../../../indexing-configuration.xml" />
                     <property name="query-class" value="org.exoplatform.services.jcr.impl.core.query.QueryImpl" />
                     <property name="spellchecker-class"
                        value="org.exoplatform.services.jcr.impl.core.query.lucene.spell.LuceneSpellChecker$FiveSecondsRefreshInterval" />

                  </properties>
               </query-handler>
               <lock-manager class="org.exoplatform.services.jcr.impl.core.lock.jbosscache.CacheableLockManagerImpl">
                  <properties>
                     <property name="time-out" value="15m" />
                     <property name="jbosscache-configuration" value="test-jbosscache-lock.xml" />
                     <property name="jgroups-configuration" value="udp-mux.xml" />
                     <property name="jgroups-multiplexer-stack" value="false" />
                     <property name="jbosscache-cluster-name" value="JCR-cluster-locks" />
                     <property name="jbosscache-cl-cache.jdbc.table.name" value="jcrlocks" />
                     <property name="jbosscache-cl-cache.jdbc.table.create" value="true" />
                     <property name="jbosscache-cl-cache.jdbc.table.drop" value="false" />
                     <property name="jbosscache-cl-cache.jdbc.table.primarykey" value="jcrlocks_pk" />
                     <property name="jbosscache-cl-cache.jdbc.fqn.column" value="fqn" />
                     <property name="jbosscache-cl-cache.jdbc.node.column" value="node" />
                     <property name="jbosscache-cl-cache.jdbc.parent.column" value="parent" />
                     <property name="jbosscache-cl-cache.jdbc.datasource" value="jdbcjcr" />
                     <property name="jbosscache-cl-cache.jdbc.dialect" value="${dialect}"/>
                     <property name="jbosscache-shareable" value="${jbosscache-shareable}" />
                  </properties>
               </lock-manager>
            </workspace>


         </workspaces>
      </repository>

      <repository name="db2" system-workspace="ws" default-workspace="ws">
         <security-domain>exo-domain</security-domain>
         <!-- access-control>optional</access-control -->
         <!-- access-control>disable</access-control -->
         <session-max-age>1h</session-max-age>
         <authentication-policy>org.exoplatform.services.jcr.impl.core.access.JAASAuthenticator</authentication-policy>
         <workspaces>
            <workspace name="ws">
               <!-- for system storage -->
               <container class="org.exoplatform.services.jcr.impl.storage.jdbc.optimisation.CQJDBCWorkspaceDataContainer">
                  <properties>
                     <property name="source-name" value="jdbcjcrdb2" />
                     <property name="db-structure-type" value="isolated" />
                     <property name="max-buffer-size" value="200k" />
                     <property name="swap-directory" value="target/temp/swap/wsdb2" />
                     <property name="dialect" value="${dialect}" />
                  </properties>
                  <value-storages>
                     <value-storage id="ws"
                        class="org.exoplatform.services.jcr.impl.storage.value.fs.TreeFileValueStorage">
                        <properties>
                           <property name="path" value="target/temp/values/wsdb2" />
                           <property name="enabled" value="${value-storage-enabled}" />
                        </properties>
                        <filters>
                           <filter property-type="Binary" min-value-size="100K" />
                        </filters>
                     </value-storage>
                  </value-storages>
               </container>
               <initializer class="org.exoplatform.services.jcr.impl.core.ScratchWorkspaceInitializer">
                  <properties>
                     <property name="root-nodetype" value="nt:unstructured" />
                     <property name="root-permissions" value="*:/platform/administrators read;*:/platform/administrators add_node;*:/platform/administrators set_property;*:/platform/administrators remove" />
                  </properties>
               </initializer>
               <cache enabled="${cache-enabled}"
                  class="org.exoplatform.services.jcr.impl.dataflow.persistent.jbosscache.JBossCacheWorkspaceStorageCache">
                  <properties>
                     <property name="jbosscache-configuration" value="test-jbosscache-data.xml" />
                     <property name="jgroups-configuration" value="udp-mux.xml" />
                     <property name="jgroups-multiplexer-stack" value="false" />
                     <property name="jbosscache-cluster-name" value="JCR-cluster-data" />
                     <property name="jbosscache-shareable" value="${jbosscache-shareable}" />
                  </properties>
               </cache>
               <query-handler class="org.exoplatform.services.jcr.impl.core.query.lucene.SearchIndex">
                  <properties>
                     <property name="index-dir" value="target/temp/index/db2/ws" />
                     <property name="changesfilter-class" value="org.exoplatform.services.jcr.impl.core.query.jbosscache.JBossCacheIndexChangesFilter" />
                     <property name="jbosscache-configuration" value="test-jbosscache-indexer.xml" />
                     <property name="jgroups-configuration" value="udp-mux.xml" />
                     <property name="jgroups-multiplexer-stack" value="false" />
                     <property name="jbosscache-cluster-name" value="JCR-cluster-indexer" />
                     <property name="jbosscache-shareable" value="${jbosscache-shareable}" />
                  </properties>
               </query-handler>
               <lock-manager class="org.exoplatform.services.jcr.impl.core.lock.jbosscache.CacheableLockManagerImpl">
                  <properties>
                     <property name="time-out" value="15m" />
                     <property name="jbosscache-configuration" value="test-jbosscache-lock.xml" />
                     <property name="jgroups-configuration" value="udp-mux.xml" />
                     <property name="jgroups-multiplexer-stack" value="false" />
                     <property name="jbosscache-cluster-name" value="JCR-cluster-locks" />
                     <property name="jbosscache-cl-cache.jdbc.table.name" value="jcrlocks" />
                     <property name="jbosscache-cl-cache.jdbc.table.create" value="true" />
                     <property name="jbosscache-cl-cache.jdbc.table.drop" value="false" />
                     <property name="jbosscache-cl-cache.jdbc.table.primarykey" value="jcrlocks_pk" />
                     <property name="jbosscache-cl-cache.jdbc.fqn.column" value="fqn" />
                     <property name="jbosscache-cl-cache.jdbc.node.column" value="node" />
                     <property name="jbosscache-cl-cache.jdbc.parent.column" value="parent" />
                     <property name="jbosscache-cl-cache.jdbc.datasource" value="jdbcjcr" />
                     <property name="jbosscache-cl-cache.jdbc.dialect" value="${dialect}"/>
                     <property name="jbosscache-shareable" value="${jbosscache-shareable}" />
                  </properties>
               </lock-manager>
            </workspace>

            <workspace name="ws1">
               <container class="org.exoplatform.services.jcr.impl.storage.jdbc.optimisation.CQJDBCWorkspaceDataContainer">
                  <properties>
                     <property name="source-name" value="jdbcjcrdb2" />
                     <property name="db-structure-type" value="isolated" />
                     <property name="max-buffer-size" value="200k" />
                     <property name="swap-directory" value="target/temp/swap/ws1db2" />
                     <property name="dialect" value="${dialect}" />
                  </properties>
                  <value-storages>
                     <value-storage id="ws1"
                        class="org.exoplatform.services.jcr.impl.storage.value.fs.TreeFileValueStorage">
                        <properties>
                           <property name="path" value="target/temp/values/ws1db2" />
                           <property name="enabled" value="${value-storage-enabled}" />
                        </properties>
                        <filters>
                           <filter property-type="Binary" min-value-size="100K" />
                        </filters>
                     </value-storage>
                  </value-storages>
               </container>
               <initializer class="org.exoplatform.services.jcr.impl.core.ScratchWorkspaceInitializer">
                  <properties>
                     <property name="root-nodetype" value="nt:unstructured" />
                     <property name="root-permissions"
                        value="any read;any add_node;any set_property;any remove" />
                  </properties>
               </initializer>
               <cache enabled="${cache-enabled}"
                  class="org.exoplatform.services.jcr.impl.dataflow.persistent.jbosscache.JBossCacheWorkspaceStorageCache">
                  <properties>
                     <property name="jbosscache-configuration" value="test-jbosscache-data.xml" />
                     <property name="jgroups-configuration" value="udp-mux.xml" />
                     <property name="jgroups-multiplexer-stack" value="false" />
                     <property name="jbosscache-cluster-name" value="JCR-cluster-data" />
                     <property name="jbosscache-shareable" value="${jbosscache-shareable}" />
                  </properties>
               </cache>
               <query-handler class="org.exoplatform.services.jcr.impl.core.query.lucene.SearchIndex">
                  <properties>
                     <property name="index-dir" value="target/temp/index/db2/ws1" />
                     <property name="changesfilter-class" value="org.exoplatform.services.jcr.impl.core.query.jbosscache.JBossCacheIndexChangesFilter" />
                     <property name="jbosscache-configuration" value="test-jbosscache-indexer.xml" />
                     <property name="jgroups-configuration" value="udp-mux.xml" />
                     <property name="jgroups-multiplexer-stack" value="false" />
                     <property name="jbosscache-cluster-name" value="JCR-cluster-indexer" />
                     <property name="jbosscache-shareable" value="${jbosscache-shareable}" />
                  </properties>
               </query-handler>
               <lock-manager class="org.exoplatform.services.jcr.impl.core.lock.jbosscache.CacheableLockManagerImpl">
                  <properties>
                     <property name="time-out" value="15m" />
                     <property name="jbosscache-configuration" value="test-jbosscache-lock.xml" />
                     <property name="jgroups-configuration" value="udp-mux.xml" />
                     <property name="jgroups-multiplexer-stack" value="false" />
                     <property name="jbosscache-cluster-name" value="JCR-cluster-locks" />
                     <property name="jbosscache-cl-cache.jdbc.table.name" value="jcrlocks" />
                     <property name="jbosscache-cl-cache.jdbc.table.create" value="true" />
                     <property name="jbosscache-cl-cache.jdbc.table.drop" value="false" />
                     <property name="jbosscache-cl-cache.jdbc.table.primarykey" value="jcrlocks_pk" />
                     <property name="jbosscache-cl-cache.jdbc.fqn.column" value="fqn" />
                     <property name="jbosscache-cl-cache.jdbc.node.column" value="node" />
                     <property name="jbosscache-cl-cache.jdbc.parent.column" value="parent" />
                     <property name="jbosscache-cl-cache.jdbc.datasource" value="jdbcjcr" />
                     <property name="jbosscache-cl-cache.jdbc.dialect" value="${dialect}"/>
                     <property name="jbosscache-shareable" value="${jbosscache-shareable}" />
                  </properties>
               </lock-manager>
            </workspace>
         </workspaces>
      </repository>

      <repository name="db1tck" system-workspace="ws" default-workspace="ws">
         <security-domain>exo-domain</security-domain>
         <!-- access-control>optional</access-control -->
         <!-- access-control>disable</access-control -->
         <session-max-age>1h</session-max-age>
         <authentication-policy>org.exoplatform.services.jcr.impl.core.access.JAASAuthenticator</authentication-policy>
         <workspaces>
            <workspace name="ws">
               <!-- for system storage -->
               <container class="org.exoplatform.services.jcr.impl.storage.jdbc.optimisation.CQJDBCWorkspaceDataContainer">
                  <properties>
                     <property name="source-name" value="jdbcjcrtck" />
                     <property name="db-structure-type" value="isolated" />
                     <property name="max-buffer-size" value="200k" />
                     <property name="swap-directory" value="target/temp/swap/wstck" />
                     <property name="dialect" value="${dialect}" />
                  </properties>
                  <value-storages>
                     <value-storage id="ws"
                        class="org.exoplatform.services.jcr.impl.storage.value.fs.TreeFileValueStorage">
                        <properties>
                           <property name="path" value="target/temp/values/wstck" />
                           <property name="enabled" value="${value-storage-enabled}" />
                        </properties>
                        <filters>
                           <filter property-type="Binary" min-value-size="100K" />
                        </filters>
                     </value-storage>
                  </value-storages>
               </container>
               <initializer class="org.exoplatform.services.jcr.impl.core.ScratchWorkspaceInitializer">
                  <properties>
                     <property name="root-nodetype" value="nt:unstructured" />
                     <property name="root-permissions"
                        value="any read;*:/platform/administrators read;*:/platform/administrators add_node;*:/platform/administrators set_property;*:/platform/administrators remove" />
                  </properties>
               </initializer>
               <cache enabled="${cache-enabled}"
                  class="org.exoplatform.services.jcr.impl.dataflow.persistent.jbosscache.JBossCacheWorkspaceStorageCache">
                  <properties>
                     <property name="jbosscache-configuration" value="test-jbosscache-data.xml" />
                     <property name="jgroups-configuration" value="udp-mux.xml" />
                     <property name="jgroups-multiplexer-stack" value="false" />
                     <property name="jbosscache-cluster-name" value="JCR-cluster-data" />
                     <property name="jbosscache-shareable" value="${jbosscache-shareable}" />
                  </properties>
               </cache>
               <query-handler class="org.exoplatform.services.jcr.impl.core.query.lucene.SearchIndex">
                  <properties>
                     <property name="index-dir" value="target/temp/index/db1tck/ws" />
                     <property name="changesfilter-class"
                        value="org.exoplatform.services.jcr.impl.core.query.jbosscache.JBossCacheIndexChangesFilter" />
                     <property name="jbosscache-configuration" value="test-jbosscache-indexer.xml" />
                     <property name="jgroups-configuration" value="udp-mux.xml" />
                     <property name="jgroups-multiplexer-stack" value="false" />
                     <property name="jbosscache-cluster-name" value="JCR-cluster-indexer" />
                     <property name="jbosscache-shareable" value="${jbosscache-shareable}" />
                     <property name="max-volatile-time" value="60" />

                     <property name="synonymprovider-class"
                        value="org.exoplatform.services.jcr.impl.core.query.lucene.PropertiesSynonymProvider" />
                     <property name="synonymprovider-config-path" value="../../../synonyms.properties" />
                     <property name="support-highlighting" value="true" />
                     <property name="indexing-configuration-path" value="../../../indexing-configuration.xml" />
                     <property name="query-class" value="org.exoplatform.services.jcr.impl.core.query.QueryImpl" />
                     <property name="excerptprovider-class" value="org.exoplatform.services.jcr.impl.core.query.lucene.WeightedHTMLExcerpt" />
                     <property name="spellchecker-class"
                        value="org.exoplatform.services.jcr.impl.core.query.lucene.spell.LuceneSpellChecker$FiveSecondsRefreshInterval" />
                  </properties>
               </query-handler>
               <lock-manager class="org.exoplatform.services.jcr.impl.core.lock.jbosscache.CacheableLockManagerImpl">
                  <properties>
                     <property name="time-out" value="15m" />
                     <property name="jbosscache-configuration" value="test-jbosscache-lock.xml" />
                     <property name="jgroups-configuration" value="udp-mux.xml" />
                     <property name="jgroups-multiplexer-stack" value="false" />
                     <property name="jbosscache-cluster-name" value="JCR-cluster-locks" />
                     <property name="jbosscache-cl-cache.jdbc.table.name" value="jcrlocks" />
                     <property name="jbosscache-cl-cache.jdbc.table.create" value="true" />
                     <property name="jbosscache-cl-cache.jdbc.table.drop" value="false" />
                     <property name="jbosscache-cl-cache.jdbc.table.primarykey" value="jcrlocks_pk" />
                     <property name="jbosscache-cl-cache.jdbc.fqn.column" value="fqn" />
                     <property name="jbosscache-cl-cache.jdbc.node.column" value="node" />
                     <property name="jbosscache-cl-cache.jdbc.parent.column" value="parent" />
                     <property name="jbosscache-cl-cache.jdbc.datasource" value="jdbcjcr" />
                     <property name="jbosscache-cl-cache.jdbc.dialect" value="${dialect}"/>
                     <property name="jbosscache-shareable" value="${jbosscache-shareable}" />
                  </properties>
               </lock-manager>
            </workspace>

            <workspace name="ws1">
               <container class="org.exoplatform.services.jcr.impl.storage.jdbc.optimisation.CQJDBCWorkspaceDataContainer">
                  <properties>
                     <property name="source-name" value="jdbcjcrtck" />
                     <property name="db-structure-type" value="isolated" />
                     <property name="max-buffer-size" value="200k" />
                     <property name="swap-directory" value="target/temp/swap/ws1tck" />
                     <property name="dialect" value="${dialect}" />
                  </properties>
                  <value-storages>
                     <value-storage id="ws1"
                        class="org.exoplatform.services.jcr.impl.storage.value.fs.TreeFileValueStorage">
                        <properties>
                           <property name="path" value="target/temp/values/ws1tck" />
                           <property name="enabled" value="${value-storage-enabled}" />
                        </properties>
                        <filters>
                           <filter property-type="Binary" min-value-size="100K" />
                        </filters>
                     </value-storage>
                  </value-storages>
               </container>
               <initializer class="org.exoplatform.services.jcr.impl.core.ScratchWorkspaceInitializer">
                  <properties>
                     <property name="root-nodetype" value="nt:unstructured" />
                     <property name="root-permissions"
                        value="any read;*:/platform/administrators read;*:/platform/administrators add_node;*:/platform/administrators set_property;*:/platform/administrators remove" />
                  </properties>
               </initializer>
               <cache enabled="${cache-enabled}"
                  class="org.exoplatform.services.jcr.impl.dataflow.persistent.jbosscache.JBossCacheWorkspaceStorageCache">
                  <properties>
                     <property name="jbosscache-configuration" value="test-jbosscache-data.xml" />
                     <property name="jgroups-configuration" value="udp-mux.xml" />
                     <property name="jgroups-multiplexer-stack" value="false" />
                     <property name="jbosscache-cluster-name" value="JCR-cluster-data" />
                     <property name="jbosscache-shareable" value="${jbosscache-shareable}" />
                  </properties>
               </cache>
               <query-handler class="org.exoplatform.services.jcr.impl.core.query.lucene.SearchIndex">
                  <properties>
                     <property name="index-dir" value="target/temp/index/db1tck/ws1" />
                     <property name="changesfilter-class"
                        value="org.exoplatform.services.jcr.impl.core.query.jbosscache.JBossCacheIndexChangesFilter" />
                     <property name="jbosscache-configuration" value="test-jbosscache-indexer.xml" />
                     <property name="jgroups-configuration" value="udp-mux.xml" />
                     <property name="jgroups-multiplexer-stack" value="false" />
                     <property name="jbosscache-cluster-name" value="JCR-cluster-indexer" />
                     <property name="jbosscache-shareable" value="${jbosscache-shareable}" />
                     <property name="max-volatile-time" value="60" />
                     <property name="synonymprovider-class"
                        value="org.exoplatform.services.jcr.impl.core.query.lucene.PropertiesSynonymProvider" />
                     <property name="synonymprovider-config-path" value="../../../synonyms.properties" />
                     <property name="support-highlighting" value="true" />
                     <property name="indexing-configuration-path" value="../../../indexing-configuration.xml" />
                     <property name="query-class" value="org.exoplatform.services.jcr.impl.core.query.QueryImpl" />
                     <property name="spellchecker-class"
                        value="org.exoplatform.services.jcr.impl.core.query.lucene.spell.LuceneSpellChecker$FiveSecondsRefreshInterval" />
                  </properties>
               </query-handler>
               <lock-manager class="org.exoplatform.services.jcr.impl.core.lock.jbosscache.CacheableLockManagerImpl">
                  <properties>
                     <property name="time-out" value="15m" />
                     <property name="jbosscache-configuration" value="test-jbosscache-lock.xml" />
                     <property name="jgroups-configuration" value="udp-mux.xml" />
                     <property name="jgroups-multiplexer-stack" value="false" />
                     <property name="jbosscache-cluster-name" value="JCR-cluster-locks" />
                     <property name="jbosscache-cl-cache.jdbc.table.name" value="jcrlocks" />
                     <property name="jbosscache-cl-cache.jdbc.table.create" value="true" />
                     <property name="jbosscache-cl-cache.jdbc.table.drop" value="false" />
                     <property name="jbosscache-cl-cache.jdbc.table.primarykey" value="jcrlocks_pk" />
                     <property name="jbosscache-cl-cache.jdbc.fqn.column" value="fqn" />
                     <property name="jbosscache-cl-cache.jdbc.node.column" value="node" />
                     <property name="jbosscache-cl-cache.jdbc.parent.column" value="parent" />
                     <property name="jbosscache-cl-cache.jdbc.datasource" value="jdbcjcr" />
                     <property name="jbosscache-cl-cache.jdbc.dialect" value="${dialect}"/>
                     <property name="jbosscache-shareable" value="${jbosscache-shareable}" />
                  </properties>
               </lock-manager>
            </workspace>

            <workspace name="ws2">
               <container class="org.exoplatform.services.jcr.impl.storage.jdbc.optimisation.CQJDBCWorkspaceDataContainer">
                  <properties>
                     <property name="source-name" value="jdbcjcrtck" />
                     <property name="db-structure-type" value="isolated" />
                     <property name="max-buffer-size" value="200k" />
                     <property name="swap-directory" value="target/temp/swap/ws2tck" />
                     <property name="dialect" value="${dialect}" />
                  </properties>
                  <value-storages>
                     <value-storage id="ws2"
                        class="org.exoplatform.services.jcr.impl.storage.value.fs.TreeFileValueStorage">
                        <properties>
                           <property name="path" value="target/temp/values/ws2tck" />
                           <property name="enabled" value="${value-storage-enabled}" />
                        </properties>
                        <filters>
                           <filter property-type="Binary" min-value-size="100K" />
                        </filters>
                     </value-storage>
                  </value-storages>
               </container>
               <initializer class="org.exoplatform.services.jcr.impl.core.ScratchWorkspaceInitializer">
                  <properties>
                     <property name="root-nodetype" value="nt:unstructured" />
                     <property name="root-permissions"
                        value="any read;*:/platform/administrators read;*:/platform/administrators add_node;*:/platform/administrators set_property;*:/platform/administrators remove" />
                  </properties>
               </initializer>
               <cache enabled="${cache-enabled}"
                  class="org.exoplatform.services.jcr.impl.dataflow.persistent.jbosscache.JBossCacheWorkspaceStorageCache">
                  <properties>
                     <property name="jbosscache-configuration" value="test-jbosscache-data.xml" />
                     <property name="jgroups-configuration" value="udp-mux.xml" />
                     <property name="jgroups-multiplexer-stack" value="false" />
                     <property name="jbosscache-cluster-name" value="JCR-cluster-data" />
                     <property name="jbosscache-shareable" value="${jbosscache-shareable}" />
                  </properties>
               </cache>
               <query-handler class="org.exoplatform.services.jcr.impl.core.query.lucene.SearchIndex">
                  <properties>
                     <property name="index-dir" value="target/temp/index/db1tck/ws2" />
                     <property name="changesfilter-class"
                        value="org.exoplatform.services.jcr.impl.core.query.jbosscache.JBossCacheIndexChangesFilter" />
                     <property name="jbosscache-configuration" value="test-jbosscache-indexer.xml" />
                     <property name="jgroups-configuration" value="udp-mux.xml" />
                     <property name="jgroups-multiplexer-stack" value="false" />
                     <property name="jbosscache-cluster-name" value="JCR-cluster-indexer" />
                     <property name="jbosscache-shareable" value="${jbosscache-shareable}" />
                     <property name="max-volatile-time" value="60" />
                     <property name="synonymprovider-class"
                        value="org.exoplatform.services.jcr.impl.core.query.lucene.PropertiesSynonymProvider" />
                     <property name="synonymprovider-config-path" value="../../../synonyms.properties" />
                     <property name="support-highlighting" value="true" />
                     <property name="indexing-configuration-path" value="../../../indexing-configuration.xml" />
                     <property name="query-class" value="org.exoplatform.services.jcr.impl.core.query.QueryImpl" />
                     <property name="spellchecker-class"
                        value="org.exoplatform.services.jcr.impl.core.query.lucene.spell.LuceneSpellChecker$FiveSecondsRefreshInterval" />
                     <property name="excerptprovider-class" value="org.exoplatform.services.jcr.impl.core.query.lucene.WeightedHTMLExcerpt" />
                     <property name="extractorPoolSize" value="2" />
                     <property name="extractorTimeout" value="10" />
                  </properties>
               </query-handler>
               <lock-manager class="org.exoplatform.services.jcr.impl.core.lock.jbosscache.CacheableLockManagerImpl">
                  <properties>
                     <property name="time-out" value="15m" />
                     <property name="jbosscache-configuration" value="test-jbosscache-lock.xml" />
                     <property name="jgroups-configuration" value="udp-mux.xml" />
                     <property name="jgroups-multiplexer-stack" value="false" />
                     <property name="jbosscache-cluster-name" value="JCR-cluster-locks" />
                     <property name="jbosscache-cl-cache.jdbc.table.name" value="jcrlocks" />
                     <property name="jbosscache-cl-cache.jdbc.table.create" value="true" />
                     <property name="jbosscache-cl-cache.jdbc.table.drop" value="false" />
                     <property name="jbosscache-cl-cache.jdbc.table.primarykey" value="jcrlocks_pk" />
                     <property name="jbosscache-cl-cache.jdbc.fqn.column" value="fqn" />
                     <property name="jbosscache-cl-cache.jdbc.node.column" value="node" />
                     <property name="jbosscache-cl-cache.jdbc.parent.column" value="parent" />
                     <property name="jbosscache-cl-cache.jdbc.datasource" value="jdbcjcr" />
                     <property name="jbosscache-cl-cache.jdbc.dialect" value="${dialect}"/>
                     <property name="jbosscache-shareable" value="${jbosscache-shareable}" />
                  </properties>
               </lock-manager>
            </workspace>
         </workspaces>
      </repository>
   </repositories>
</repository-service>
