<?xml version="1.0" encoding="UTF-8"?>
<!--

    Copyright (C) 2017 eXo Platform SAS.

    This is free software; you can redistribute it and/or modify it
    under the terms of the GNU Lesser General Public License as
    published by the Free Software Foundation; either version 2.1 of
    the License, or (at your option) any later version.

    This software is distributed in the hope that it will be useful,
    but WITHOUT ANY WARRANTY; without even the implied warranty of
    MERCHANTABILITY or FITNESS FOR A PARTICULAR PURPOSE. See the GNU
    Lesser General Public License for more details.

    You should have received a copy of the GNU Lesser General Public
    License along with this software; if not, write to the Free
    Software Foundation, Inc., 51 Franklin St, Fifth Floor, Boston, MA
    02110-1301 USA, or see the FSF site: http://www.fsf.org.

-->
<infinispan
        xmlns:xsi="http://www.w3.org/2001/XMLSchema-instance"
        xsi:schemaLocation="urn:infinispan:config:8.0 http://www.infinispan.org/schemas/infinispan-config-8.2.xsd"
        xmlns="urn:infinispan:config:8.0">
    <threads>
        <thread-factory name="infinispan-factory" group-name="infinispan" thread-name-pattern="%G %i" priority="5"/>

        <!-- listener-executor -->
        <blocking-bounded-queue-thread-pool name="infinispan-listener" thread-factory="infinispan-factory"
                                            core-threads="1" max-threads="1" queue-length="0" keepalive-time="0"/>
        <!-- expiration-executor -->
        <scheduled-thread-pool name="infinispan-expiration" thread-factory="infinispan-factory" />
    </threads>

    <cache-container  default-cache="default" expiration-executor="infinispan-expiration"  listener-executor="infinispan-listener"
                      statistics="true"  shutdown-hook="REGISTER">
        <jmx duplicate-domains="true" domain="exo" mbean-server-lookup="org.infinispan.jmx.PlatformMBeanServerLookup"/>
        <local-cache-configuration name="default" statistics="true">
            <locking isolation="READ_COMMITTED" concurrency-level="500" striping="false" write-skew="false" acquire-timeout="20000"/>
            <transaction mode="NON_XA" transaction-manager-lookup="org.exoplatform.services.transaction.infinispan.JBossStandaloneJTAManagerLookup" />
            <eviction size="1000000" strategy="LRU" thread-policy="DEFAULT"/>
        </local-cache-configuration>
    </cache-container>
</infinispan>