<?xml version="1.0" encoding="ISO-8859-1"?>
<!--

    Copyright (C) 2009 eXo Platform SAS.

    This is free software; you can redistribute it and/or modify it
    under the terms of the GNU Lesser General Public License as
    published by the Free Software Foundation; either version 2.1 of
    the License, or (at your option) any later version.

    This software is distributed in the hope that it will be useful,
    but WITHOUT ANY WARRANTY; without even the implied warranty of
    MERCHANTABILITY or FITNESS FOR A PARTICULAR PURPOSE. See the GNU
    Lesser General Public License for more details.

    You should have received a copy of the GNU Lesser General Public
    License along with this software; if not, write to the Free
    Software Foundation, Inc., 51 Franklin St, Fifth Floor, Boston, MA
    02110-1301 USA, or see the FSF site: http://www.fsf.org.

-->

<configuration xmlns:xsi="http://www.w3.org/2001/XMLSchema-instance" xsi:schemaLocation="http://www.exoplatform.org/xml/ns/kernel_1_2.xsd http://www.exoplatform.org/xml/ns/kernel_1_2.xsd"
   xmlns="http://www.exoplatform.org/xml/ns/kernel_1_2.xsd">
   <component>
      <key>org.exoplatform.services.log.LogConfigurationInitializer</key>
      <type>org.exoplatform.services.log.LogConfigurationInitializer</type>
      <init-params>
         <value-param>
            <name>logger</name>
            <value>org.exoplatform.services.log.impl.BufferedLog4JLogger</value>
         </value-param>
         <value-param>
            <name>configurator</name>
            <value>org.exoplatform.services.log.impl.Log4JConfigurator</value>
         </value-param>
         <properties-param>
            <name>properties</name>
            <description>Log4J properties</description>
            <property name="log4j.rootLogger" value="INFO, stdout, file" />

            <property name="log4j.appender.stdout" value="org.apache.log4j.ConsoleAppender" />
            <property name="log4j.appender.stdout.threshold" value="DEBUG" />

            <property name="log4j.appender.stdout.layout" value="org.apache.log4j.PatternLayout" />
            <property name="log4j.appender.stdout.layout.ConversionPattern" value="%d{dd.MM.yyyy HH:mm:ss} *%-5p* [%t] %c{1}: %m (%F, line %L) %n" />

            <property name="log4j.appender.file" value="org.apache.log4j.FileAppender" />
            <property name="log4j.appender.file.File" value="target/jcr.log" />

            <property name="log4j.appender.file.layout" value="org.apache.log4j.PatternLayout" />
            <property name="log4j.appender.file.layout.ConversionPattern" value="%d{dd.MM.yyyy HH:mm:ss} *%-5p* [%t] %c{1}: %m (%F, line %L) %n" />

            <!--         <property name="log4j.category.jcr.FileCleaner" value="DEBUG"/>-->

         </properties-param>
      </init-params>
   </component>

   <component>
      <key>org.exoplatform.services.jcr.RepositoryService</key>
      <type>org.exoplatform.services.jcr.impl.RepositoryServiceImpl</type>
      <component-plugins>
         <component-plugin>
            <name>add.namespaces</name>
            <set-method>addPlugin</set-method>
            <type>org.exoplatform.services.jcr.impl.AddNamespacesPlugin</type>
            <init-params>
               <properties-param>
                  <name>namespaces</name>
                  <property name="test" value="http://www.apache.org/jackrabbit/test" />
                  <property name="exojcrtest" value="http://www.exoplatform.org/jcr/test/1.0" />
                  <property name="rma" value="http://www.rma.com/jcr/" />
                  <property name="metadata" value="http://www.exoplatform.com/jcr/metadata/1.1/" />
                  <property name="dc" value="http://purl.org/dc/elements/1.1/" />
                  <property name="webdav" value="http://www.exoplatform.org/jcr/webdav" />
               </properties-param>
            </init-params>
         </component-plugin>

         <component-plugin>
            <name>add.nodeType</name>
            <set-method>addPlugin</set-method>
            <type>org.exoplatform.services.jcr.impl.AddNodeTypePlugin</type>
            <init-params>
               <values-param>
                  <name>autoCreatedInNewRepository</name>
                  <description>Node types configuration file for repository with name testInitNodeTypesRepositoryTest2</description>
                  <value>jar:/conf/test/webdav-nodetypes.xml</value>
                  <value>jar:/conf/test/ext-nodetypes-config.xml</value>
               </values-param>
            </init-params>
         </component-plugin>
      </component-plugins>
   </component>

   <component>
      <key>org.exoplatform.services.jcr.config.RepositoryServiceConfiguration</key>
      <type>org.exoplatform.services.jcr.impl.config.RepositoryServiceConfigurationImpl</type>
      <init-params>
         <value-param>
            <name>conf-path</name>
            <description>JCR configuration file</description>
            <value>jar:/conf/standalone/test-jcr-config.xml</value>
         </value-param>
         <properties-param>
            <name>working-conf</name>
            <description>working-conf</description>
            <property name="source-name" value="jdbcjcr" />
            <property name="dialect" value="hsqldb" />
            <property name="persister-class-name" value="org.exoplatform.services.jcr.impl.config.JDBCConfigurationPersister" />
            <property name="url" value="jdbc:hsqldb:file:target/temp/data/portal" />
         </properties-param>
      </init-params>
   </component>

   <component>
      <type>org.exoplatform.services.jcr.ext.app.ThreadLocalSessionProviderService</type>
   </component>

   <component>
      <type>org.exoplatform.services.organization.impl.mock.DummyOrganizationService</type>
   </component>

   <component>
      <key>org.exoplatform.services.security.Authenticator</key>
      <type>org.exoplatform.services.organization.auth.OrganizationAuthenticatorImpl</type>
   </component>

   <component>
      <type>org.exoplatform.services.jcr.impl.ext.action.SessionActionCatalog</type>
   </component>

   <!--   <component>-->
   <!--      <key>org.exoplatform.services.transaction.TransactionService</key>-->
   <!--      <type>org.exoplatform.services.transaction.impl.jotm.TransactionServiceJotmImpl</type>-->
   <!--      <init-params>-->
   <!--         <value-param>-->
   <!--            <name>timeout</name>-->
   <!--            <value>5</value>-->
   <!--         </value-param>-->
   <!--      </init-params>-->
   <!--   </component>-->

   <component>
      <key>org.jboss.cache.transaction.TransactionManagerLookup</key>
      <type>org.jboss.cache.transaction.JBossStandaloneJTAManagerLookup</type>
   </component>

   <component>
      <key>org.exoplatform.services.transaction.TransactionService</key>
      <type>org.exoplatform.services.transaction.jbosscache.JBossTransactionsService</type>
      <init-params>
         <value-param>
            <name>timeout</name>
            <value>20</value>
         </value-param>
      </init-params>
   </component>


   <component>
      <type>org.exoplatform.services.rest.impl.RequestHandlerImpl</type>
   </component>
   <component>
      <type>org.exoplatform.services.rest.impl.RequestDispatcher</type>
   </component>
   <component>
      <type>org.exoplatform.services.rest.impl.ResourceBinder</type>
   </component>
   <component>
      <type>org.exoplatform.services.rest.impl.provider.JAXBContextResolver</type>
   </component>
   <component>
      <type>org.exoplatform.services.jcr.webdav.WebDavServiceImpl</type>
      <init-params>

         <value-param>
            <name>def-folder-node-type</name>
            <value>nt:folder</value>
         </value-param>

         <value-param>
            <name>def-file-node-type</name>
            <value>nt:file</value>
         </value-param>

         <value-param>
            <name>def-file-mimetype</name>
            <value>text/plain</value>
         </value-param>

         <value-param>
            <name>update-policy</name>
            <value>create-version</value>
         </value-param>

         <value-param>
            <name>cache-control</name>
            <value>text/xml,text/html:max-age=1800;text/*:max-age=777;image/png,image/jpg:max-age=3600;*/*:no-cache;image/*:max-age=555</value>
         </value-param>

         <value-param>
            <name>folder-icon-path</name>
            <value>/absolute/path/to/file</value>
         </value-param>
         
         <value-param>
            <name>file-icon-path</name>
            <value>/absolute/path/to/file</value>
         </value-param>
         <!-- 
            For testing untrusted-user-agents proper treatment.
            Content-type headers of listed here user agents should be
            ignored and MimeTypeResolver should be explicitly used instead 
         -->
         <values-param>
            <name>untrusted-user-agents</name>
            <value>test-user-agent</value>
         </values-param>

      </init-params>
   </component>


   <external-component-plugins>
      <target-component>org.exoplatform.services.naming.InitialContextInitializer</target-component>
      <component-plugin>
         <name>bind.datasource</name>
         <set-method>addPlugin</set-method>
         <type>org.exoplatform.services.naming.BindReferencePlugin</type>
         <init-params>
            <value-param>
               <name>bind-name</name>
               <value>jdbcjcr</value>
            </value-param>
            <value-param>
               <name>class-name</name>
               <value>javax.sql.DataSource</value>
            </value-param>
            <value-param>
               <name>factory</name>
               <value>org.apache.commons.dbcp.BasicDataSourceFactory</value>
            </value-param>
            <properties-param>
               <name>ref-addresses</name>
               <description>ref-addresses</description>
               <property name="driverClassName" value="org.hsqldb.jdbcDriver" />
               <property name="url" value="jdbc:hsqldb:file:target/temp/data/portal" />
               <property name="username" value="sa" />
               <property name="password" value="" />
            </properties-param>
         </init-params>
      </component-plugin>
      <component-plugin>
         <name>jotm.tx</name>
         <set-method>addPlugin</set-method>
         <type>org.exoplatform.services.naming.BindReferencePlugin</type>
         <init-params>
            <value-param>
               <name>bind-name</name>
               <value>UserTransaction</value>
            </value-param>
            <value-param>
               <name>class-name</name>
               <value>javax.transaction.UserTransaction</value>
            </value-param>
            <value-param>
               <name>factory</name>
               <value>org.objectweb.jotm.UserTransactionFactory</value>
            </value-param>
            <properties-param>
               <name>ref-addresses</name>
               <description>ref-addresses</description>
               <property name="jotm.timeout" value="60" />
            </properties-param>
         </init-params>
      </component-plugin>
      <component-plugin>
         <name>bind.jcr</name>
         <set-method>addPlugin</set-method>
         <type>org.exoplatform.services.naming.BindReferencePlugin</type>
         <init-params>
            <value-param>
               <name>bind-name</name>
               <value>repo</value>
            </value-param>
            <value-param>
               <name>class-name</name>
               <value>javax.jcr.Repository</value>
            </value-param>
            <value-param>
               <name>factory</name>
               <value>org.exoplatform.services.jcr.impl.jndi.BindableRepositoryFactory</value>
            </value-param>
            <properties-param>
               <name>ref-addresses</name>
               <description>ref-addresses</description>
               <property name="repositoryName" value="db1" />
            </properties-param>
         </init-params>
      </component-plugin>
      <component-plugin>
         <name>rmi.jcr</name>
         <set-method>addPlugin</set-method>
         <type>org.exoplatform.services.naming.BindReferencePlugin</type>
         <init-params>
            <value-param>
               <name>bind-name</name>
               <value>rmirepository</value>
            </value-param>
            <value-param>
               <name>class-name</name>
               <value>javax.jcr.Repository</value>
            </value-param>
            <value-param>
               <name>factory</name>
               <value>org.exoplatform.services.jcr.rmi.RepositoryFactory</value>
            </value-param>
            <properties-param>
               <name>ref-addresses</name>
               <description>ref-addresses</description>
               <property name="url" value="//localhost:9999/repository" />
            </properties-param>
         </init-params>
      </component-plugin>
   </external-component-plugins>
</configuration>
